Initializing HIP...
HIP initialized.
Initializing SUNDIALS with 1 threads...
SUNDIALS initialized.
MPI initialized with 1 MPI processes
MPI initialized with thread support level 0
AMReX (22.12-21-g2a8c71b8bf42) initialized
ODE solver: ReactorCvode
Type of reactor: h (PeleLM)
Fuel: CH4, Oxy: O2
Creating ReactorBase instance: ReactorCvode
Number of species in mech is 35
  Using a Ginkgo batched GMRES linear solver with analytical Jacobian
Initializing CVODE:
  Using LDS reductions
Integrating 4194304 cells for: 1e-05 seconds with 1 substeps 
Using user-defined typical values for the absolute tolerances of the ode solver.
Set the typical values for PelePhysics ODE integration:
NC12H26 : 2.60930515e-10
H : 2.497699961e-09
O : 1.55974666e-08
OH : 6.52952975e-08
HO2 : 2.047750538e-07
H2 : 8.074737062e-08
H2O : 1.208521506e-06
H2O2 : 2.903492347e-09
O2 : 4.477368314e-05
CH3 : 1.047535694e-06
CH4 : 1.122171621e-05
CH2O : 6.670332503e-07
CO : 4.831131292e-07
CO2 : 4.842634744e-08
C2H2 : 8.675129173e-09
C2H4 : 2.522642639e-07
C2H6 : 1.811206266e-08
CH2CHO : 6.788374995e-10
aC3H5 : 1.169394584e-09
C3H6 : 1.318410816e-10
C2H3CHO : 1e-10
C4H7 : 1e-10
C4H81 : 1.492187367e-09
C5H9 : 1e-10
C5H10 : 1e-10
C6H12 : 1e-10
C7H14 : 1e-10
C8H16 : 1e-10
C9H18 : 1e-10
PXC9H19 : 3.492130067e-10
C10H20 : 1e-10
C12H24 : 1e-10
C12H25O2 : 1e-10
OC12H23OOH : 1e-10
N2 : 0.0001372037486
Temp : 2259.516367
 
 STARTING THE ADVANCE 
  [0] integrating 32768 cells 
 Setting cvode tolerances with TypVals rtol = 1e-06 atolfact = 1e-05 in PelePhysics 

Final Statistics:
  nSteps       = 36
  nErrtf       = 0
  nRHSeval     = 52
  nnLinIt      = 49
  nConvfail    = 8
  nLinsetups   = 22
  nJeval       = 9
  nLinIt       = 17399
  nLinConvfail = 8
  nLinRHSeval  = 0
  nPreceval    = 0
  nPrecsolve   = 0
  [0] integrating 32768 cells 
 Setting cvode tolerances with TypVals rtol = 1e-06 atolfact = 1e-05 in PelePhysics 

Final Statistics:
  nSteps       = 36
  nErrtf       = 0
  nRHSeval     = 52
  nnLinIt      = 49
  nConvfail    = 8
  nLinsetups   = 22
  nJeval       = 9
  nLinIt       = 17399
  nLinConvfail = 8
  nLinRHSeval  = 0
  nPreceval    = 0
  nPrecsolve   = 0
  [0] integrating 32768 cells 
 Setting cvode tolerances with TypVals rtol = 1e-06 atolfact = 1e-05 in PelePhysics 

Final Statistics:
  nSteps       = 36
  nErrtf       = 0
  nRHSeval     = 52
  nnLinIt      = 49
  nConvfail    = 8
  nLinsetups   = 22
  nJeval       = 9
  nLinIt       = 17399
  nLinConvfail = 8
  nLinRHSeval  = 0
  nPreceval    = 0
  nPrecsolve   = 0
  [0] integrating 32768 cells 
 Setting cvode tolerances with TypVals rtol = 1e-06 atolfact = 1e-05 in PelePhysics 

Final Statistics:
  nSteps       = 36
  nErrtf       = 0
  nRHSeval     = 52
  nnLinIt      = 49
  nConvfail    = 8
  nLinsetups   = 22
  nJeval       = 9
  nLinIt       = 17399
  nLinConvfail = 8
  nLinRHSeval  = 0
  nPreceval    = 0
  nPrecsolve   = 0
  [0] integrating 32768 cells 
 Setting cvode tolerances with TypVals rtol = 1e-06 atolfact = 1e-05 in PelePhysics 

Final Statistics:
  nSteps       = 51
  nErrtf       = 0
  nRHSeval     = 74
  nnLinIt      = 71
  nConvfail    = 16
  nLinsetups   = 39
  nJeval       = 17
  nLinIt       = 72140
  nLinConvfail = 16
  nLinRHSeval  = 0
  nPreceval    = 0
  nPrecsolve   = 0
  [0] integrating 32768 cells 
 Setting cvode tolerances with TypVals rtol = 1e-06 atolfact = 1e-05 in PelePhysics 

Final Statistics:
  nSteps       = 51
  nErrtf       = 0
  nRHSeval     = 74
  nnLinIt      = 71
  nConvfail    = 16
  nLinsetups   = 39
  nJeval       = 17
  nLinIt       = 72140
  nLinConvfail = 16
  nLinRHSeval  = 0
  nPreceval    = 0
  nPrecsolve   = 0
  [0] integrating 32768 cells 
 Setting cvode tolerances with TypVals rtol = 1e-06 atolfact = 1e-05 in PelePhysics 

Final Statistics:
  nSteps       = 51
  nErrtf       = 0
  nRHSeval     = 74
  nnLinIt      = 71
  nConvfail    = 16
  nLinsetups   = 39
  nJeval       = 17
  nLinIt       = 72140
  nLinConvfail = 16
  nLinRHSeval  = 0
  nPreceval    = 0
  nPrecsolve   = 0
  [0] integrating 32768 cells 
 Setting cvode tolerances with TypVals rtol = 1e-06 atolfact = 1e-05 in PelePhysics 

Final Statistics:
  nSteps       = 51
  nErrtf       = 0
  nRHSeval     = 74
  nnLinIt      = 71
  nConvfail    = 16
  nLinsetups   = 39
  nJeval       = 17
  nLinIt       = 72140
  nLinConvfail = 16
  nLinRHSeval  = 0
  nPreceval    = 0
  nPrecsolve   = 0
  [0] integrating 32768 cells 
 Setting cvode tolerances with TypVals rtol = 1e-06 atolfact = 1e-05 in PelePhysics 

Final Statistics:
  nSteps       = 63
  nErrtf       = 1
  nRHSeval     = 92
  nnLinIt      = 89
  nConvfail    = 14
  nLinsetups   = 33
  nJeval       = 15
  nLinIt       = 78561
  nLinConvfail = 14
  nLinRHSeval  = 0
  nPreceval    = 0
  nPrecsolve   = 0
  [0] integrating 32768 cells 
 Setting cvode tolerances with TypVals rtol = 1e-06 atolfact = 1e-05 in PelePhysics 

Final Statistics:
  nSteps       = 63
  nErrtf       = 1
  nRHSeval     = 92
  nnLinIt      = 89
  nConvfail    = 14
  nLinsetups   = 33
  nJeval       = 15
  nLinIt       = 78561
  nLinConvfail = 14
  nLinRHSeval  = 0
  nPreceval    = 0
  nPrecsolve   = 0
  [0] integrating 32768 cells 
 Setting cvode tolerances with TypVals rtol = 1e-06 atolfact = 1e-05 in PelePhysics 

Final Statistics:
  nSteps       = 63
  nErrtf       = 1
  nRHSeval     = 92
  nnLinIt      = 89
  nConvfail    = 14
  nLinsetups   = 33
  nJeval       = 15
  nLinIt       = 78561
  nLinConvfail = 14
  nLinRHSeval  = 0
  nPreceval    = 0
  nPrecsolve   = 0
  [0] integrating 32768 cells 
 Setting cvode tolerances with TypVals rtol = 1e-06 atolfact = 1e-05 in PelePhysics 

Final Statistics:
  nSteps       = 63
  nErrtf       = 1
  nRHSeval     = 92
  nnLinIt      = 89
  nConvfail    = 14
  nLinsetups   = 33
  nJeval       = 15
  nLinIt       = 78561
  nLinConvfail = 14
  nLinRHSeval  = 0
  nPreceval    = 0
  nPrecsolve   = 0
  [0] integrating 32768 cells 
 Setting cvode tolerances with TypVals rtol = 1e-06 atolfact = 1e-05 in PelePhysics 

Final Statistics:
  nSteps       = 92
  nErrtf       = 2
  nRHSeval     = 124
  nnLinIt      = 121
  nConvfail    = 8
  nLinsetups   = 27
  nJeval       = 9
  nLinIt       = 112056
  nLinConvfail = 7
  nLinRHSeval  = 0
  nPreceval    = 0
  nPrecsolve   = 0
  [0] integrating 32768 cells 
 Setting cvode tolerances with TypVals rtol = 1e-06 atolfact = 1e-05 in PelePhysics 

Final Statistics:
  nSteps       = 92
  nErrtf       = 2
  nRHSeval     = 124
  nnLinIt      = 121
  nConvfail    = 8
  nLinsetups   = 27
  nJeval       = 9
  nLinIt       = 112056
  nLinConvfail = 7
  nLinRHSeval  = 0
  nPreceval    = 0
  nPrecsolve   = 0
  [0] integrating 32768 cells 
 Setting cvode tolerances with TypVals rtol = 1e-06 atolfact = 1e-05 in PelePhysics 

Final Statistics:
  nSteps       = 92
  nErrtf       = 2
  nRHSeval     = 124
  nnLinIt      = 121
  nConvfail    = 8
  nLinsetups   = 27
  nJeval       = 9
  nLinIt       = 112056
  nLinConvfail = 7
  nLinRHSeval  = 0
  nPreceval    = 0
  nPrecsolve   = 0
  [0] integrating 32768 cells 
 Setting cvode tolerances with TypVals rtol = 1e-06 atolfact = 1e-05 in PelePhysics 

Final Statistics:
  nSteps       = 92
  nErrtf       = 2
  nRHSeval     = 124
  nnLinIt      = 121
  nConvfail    = 8
  nLinsetups   = 27
  nJeval       = 9
  nLinIt       = 112056
  nLinConvfail = 7
  nLinRHSeval  = 0
  nPreceval    = 0
  nPrecsolve   = 0
  [0] integrating 32768 cells 
 Setting cvode tolerances with TypVals rtol = 1e-06 atolfact = 1e-05 in PelePhysics 

Final Statistics:
  nSteps       = 36
  nErrtf       = 0
  nRHSeval     = 52
  nnLinIt      = 49
  nConvfail    = 8
  nLinsetups   = 22
  nJeval       = 9
  nLinIt       = 17399
  nLinConvfail = 8
  nLinRHSeval  = 0
  nPreceval    = 0
  nPrecsolve   = 0
  [0] integrating 32768 cells 
 Setting cvode tolerances with TypVals rtol = 1e-06 atolfact = 1e-05 in PelePhysics 

Final Statistics:
  nSteps       = 36
  nErrtf       = 0
  nRHSeval     = 52
  nnLinIt      = 49
  nConvfail    = 8
  nLinsetups   = 22
  nJeval       = 9
  nLinIt       = 17399
  nLinConvfail = 8
  nLinRHSeval  = 0
  nPreceval    = 0
  nPrecsolve   = 0
  [0] integrating 32768 cells 
 Setting cvode tolerances with TypVals rtol = 1e-06 atolfact = 1e-05 in PelePhysics 

Final Statistics:
  nSteps       = 36
  nErrtf       = 0
  nRHSeval     = 52
  nnLinIt      = 49
  nConvfail    = 8
  nLinsetups   = 22
  nJeval       = 9
  nLinIt       = 17399
  nLinConvfail = 8
  nLinRHSeval  = 0
  nPreceval    = 0
  nPrecsolve   = 0
  [0] integrating 32768 cells 
 Setting cvode tolerances with TypVals rtol = 1e-06 atolfact = 1e-05 in PelePhysics 

Final Statistics:
  nSteps       = 36
  nErrtf       = 0
  nRHSeval     = 52
  nnLinIt      = 49
  nConvfail    = 8
  nLinsetups   = 22
  nJeval       = 9
  nLinIt       = 17399
  nLinConvfail = 8
  nLinRHSeval  = 0
  nPreceval    = 0
  nPrecsolve   = 0
  [0] integrating 32768 cells 
 Setting cvode tolerances with TypVals rtol = 1e-06 atolfact = 1e-05 in PelePhysics 

Final Statistics:
  nSteps       = 51
  nErrtf       = 0
  nRHSeval     = 74
  nnLinIt      = 71
  nConvfail    = 16
  nLinsetups   = 39
  nJeval       = 17
  nLinIt       = 72140
  nLinConvfail = 16
  nLinRHSeval  = 0
  nPreceval    = 0
  nPrecsolve   = 0
  [0] integrating 32768 cells 
 Setting cvode tolerances with TypVals rtol = 1e-06 atolfact = 1e-05 in PelePhysics 

Final Statistics:
  nSteps       = 51
  nErrtf       = 0
  nRHSeval     = 74
  nnLinIt      = 71
  nConvfail    = 16
  nLinsetups   = 39
  nJeval       = 17
  nLinIt       = 72140
  nLinConvfail = 16
  nLinRHSeval  = 0
  nPreceval    = 0
  nPrecsolve   = 0
  [0] integrating 32768 cells 
 Setting cvode tolerances with TypVals rtol = 1e-06 atolfact = 1e-05 in PelePhysics 

Final Statistics:
  nSteps       = 51
  nErrtf       = 0
  nRHSeval     = 74
  nnLinIt      = 71
  nConvfail    = 16
  nLinsetups   = 39
  nJeval       = 17
  nLinIt       = 72140
  nLinConvfail = 16
  nLinRHSeval  = 0
  nPreceval    = 0
  nPrecsolve   = 0
  [0] integrating 32768 cells 
 Setting cvode tolerances with TypVals rtol = 1e-06 atolfact = 1e-05 in PelePhysics 

Final Statistics:
  nSteps       = 51
  nErrtf       = 0
  nRHSeval     = 74
  nnLinIt      = 71
  nConvfail    = 16
  nLinsetups   = 39
  nJeval       = 17
  nLinIt       = 72140
  nLinConvfail = 16
  nLinRHSeval  = 0
  nPreceval    = 0
  nPrecsolve   = 0
  [0] integrating 32768 cells 
 Setting cvode tolerances with TypVals rtol = 1e-06 atolfact = 1e-05 in PelePhysics 

Final Statistics:
  nSteps       = 63
  nErrtf       = 1
  nRHSeval     = 92
  nnLinIt      = 89
  nConvfail    = 14
  nLinsetups   = 33
  nJeval       = 15
  nLinIt       = 78561
  nLinConvfail = 14
  nLinRHSeval  = 0
  nPreceval    = 0
  nPrecsolve   = 0
  [0] integrating 32768 cells 
 Setting cvode tolerances with TypVals rtol = 1e-06 atolfact = 1e-05 in PelePhysics 

Final Statistics:
  nSteps       = 63
  nErrtf       = 1
  nRHSeval     = 92
  nnLinIt      = 89
  nConvfail    = 14
  nLinsetups   = 33
  nJeval       = 15
  nLinIt       = 78561
  nLinConvfail = 14
  nLinRHSeval  = 0
  nPreceval    = 0
  nPrecsolve   = 0
  [0] integrating 32768 cells 
 Setting cvode tolerances with TypVals rtol = 1e-06 atolfact = 1e-05 in PelePhysics 

Final Statistics:
  nSteps       = 63
  nErrtf       = 1
  nRHSeval     = 92
  nnLinIt      = 89
  nConvfail    = 14
  nLinsetups   = 33
  nJeval       = 15
  nLinIt       = 78561
  nLinConvfail = 14
  nLinRHSeval  = 0
  nPreceval    = 0
  nPrecsolve   = 0
  [0] integrating 32768 cells 
 Setting cvode tolerances with TypVals rtol = 1e-06 atolfact = 1e-05 in PelePhysics 

Final Statistics:
  nSteps       = 63
  nErrtf       = 1
  nRHSeval     = 92
  nnLinIt      = 89
  nConvfail    = 14
  nLinsetups   = 33
  nJeval       = 15
  nLinIt       = 78561
  nLinConvfail = 14
  nLinRHSeval  = 0
  nPreceval    = 0
  nPrecsolve   = 0
  [0] integrating 32768 cells 
 Setting cvode tolerances with TypVals rtol = 1e-06 atolfact = 1e-05 in PelePhysics 

Final Statistics:
  nSteps       = 92
  nErrtf       = 2
  nRHSeval     = 124
  nnLinIt      = 121
  nConvfail    = 8
  nLinsetups   = 27
  nJeval       = 9
  nLinIt       = 112056
  nLinConvfail = 7
  nLinRHSeval  = 0
  nPreceval    = 0
  nPrecsolve   = 0
  [0] integrating 32768 cells 
 Setting cvode tolerances with TypVals rtol = 1e-06 atolfact = 1e-05 in PelePhysics 

Final Statistics:
  nSteps       = 92
  nErrtf       = 2
  nRHSeval     = 124
  nnLinIt      = 121
  nConvfail    = 8
  nLinsetups   = 27
  nJeval       = 9
  nLinIt       = 112056
  nLinConvfail = 7
  nLinRHSeval  = 0
  nPreceval    = 0
  nPrecsolve   = 0
  [0] integrating 32768 cells 
 Setting cvode tolerances with TypVals rtol = 1e-06 atolfact = 1e-05 in PelePhysics 

Final Statistics:
  nSteps       = 92
  nErrtf       = 2
  nRHSeval     = 124
  nnLinIt      = 121
  nConvfail    = 8
  nLinsetups   = 27
  nJeval       = 9
  nLinIt       = 112056
  nLinConvfail = 7
  nLinRHSeval  = 0
  nPreceval    = 0
  nPrecsolve   = 0
  [0] integrating 32768 cells 
 Setting cvode tolerances with TypVals rtol = 1e-06 atolfact = 1e-05 in PelePhysics 

Final Statistics:
  nSteps       = 92
  nErrtf       = 2
  nRHSeval     = 124
  nnLinIt      = 121
  nConvfail    = 8
  nLinsetups   = 27
  nJeval       = 9
  nLinIt       = 112056
  nLinConvfail = 7
  nLinRHSeval  = 0
  nPreceval    = 0
  nPrecsolve   = 0
  [0] integrating 32768 cells 
 Setting cvode tolerances with TypVals rtol = 1e-06 atolfact = 1e-05 in PelePhysics 

Final Statistics:
  nSteps       = 36
  nErrtf       = 0
  nRHSeval     = 52
  nnLinIt      = 49
  nConvfail    = 8
  nLinsetups   = 22
  nJeval       = 9
  nLinIt       = 17399
  nLinConvfail = 8
  nLinRHSeval  = 0
  nPreceval    = 0
  nPrecsolve   = 0
  [0] integrating 32768 cells 
 Setting cvode tolerances with TypVals rtol = 1e-06 atolfact = 1e-05 in PelePhysics 

Final Statistics:
  nSteps       = 36
  nErrtf       = 0
  nRHSeval     = 52
  nnLinIt      = 49
  nConvfail    = 8
  nLinsetups   = 22
  nJeval       = 9
  nLinIt       = 17399
  nLinConvfail = 8
  nLinRHSeval  = 0
  nPreceval    = 0
  nPrecsolve   = 0
  [0] integrating 32768 cells 
 Setting cvode tolerances with TypVals rtol = 1e-06 atolfact = 1e-05 in PelePhysics 

Final Statistics:
  nSteps       = 36
  nErrtf       = 0
  nRHSeval     = 52
  nnLinIt      = 49
  nConvfail    = 8
  nLinsetups   = 22
  nJeval       = 9
  nLinIt       = 17399
  nLinConvfail = 8
  nLinRHSeval  = 0
  nPreceval    = 0
  nPrecsolve   = 0
  [0] integrating 32768 cells 
 Setting cvode tolerances with TypVals rtol = 1e-06 atolfact = 1e-05 in PelePhysics 

Final Statistics:
  nSteps       = 36
  nErrtf       = 0
  nRHSeval     = 52
  nnLinIt      = 49
  nConvfail    = 8
  nLinsetups   = 22
  nJeval       = 9
  nLinIt       = 17399
  nLinConvfail = 8
  nLinRHSeval  = 0
  nPreceval    = 0
  nPrecsolve   = 0
  [0] integrating 32768 cells 
 Setting cvode tolerances with TypVals rtol = 1e-06 atolfact = 1e-05 in PelePhysics 

Final Statistics:
  nSteps       = 51
  nErrtf       = 0
  nRHSeval     = 74
  nnLinIt      = 71
  nConvfail    = 16
  nLinsetups   = 39
  nJeval       = 17
  nLinIt       = 72140
  nLinConvfail = 16
  nLinRHSeval  = 0
  nPreceval    = 0
  nPrecsolve   = 0
  [0] integrating 32768 cells 
 Setting cvode tolerances with TypVals rtol = 1e-06 atolfact = 1e-05 in PelePhysics 

Final Statistics:
  nSteps       = 51
  nErrtf       = 0
  nRHSeval     = 74
  nnLinIt      = 71
  nConvfail    = 16
  nLinsetups   = 39
  nJeval       = 17
  nLinIt       = 72140
  nLinConvfail = 16
  nLinRHSeval  = 0
  nPreceval    = 0
  nPrecsolve   = 0
  [0] integrating 32768 cells 
 Setting cvode tolerances with TypVals rtol = 1e-06 atolfact = 1e-05 in PelePhysics 

Final Statistics:
  nSteps       = 51
  nErrtf       = 0
  nRHSeval     = 74
  nnLinIt      = 71
  nConvfail    = 16
  nLinsetups   = 39
  nJeval       = 17
  nLinIt       = 72140
  nLinConvfail = 16
  nLinRHSeval  = 0
  nPreceval    = 0
  nPrecsolve   = 0
  [0] integrating 32768 cells 
 Setting cvode tolerances with TypVals rtol = 1e-06 atolfact = 1e-05 in PelePhysics 

Final Statistics:
  nSteps       = 51
  nErrtf       = 0
  nRHSeval     = 74
  nnLinIt      = 71
  nConvfail    = 16
  nLinsetups   = 39
  nJeval       = 17
  nLinIt       = 72140
  nLinConvfail = 16
  nLinRHSeval  = 0
  nPreceval    = 0
  nPrecsolve   = 0
  [0] integrating 32768 cells 
 Setting cvode tolerances with TypVals rtol = 1e-06 atolfact = 1e-05 in PelePhysics 

Final Statistics:
  nSteps       = 63
  nErrtf       = 1
  nRHSeval     = 92
  nnLinIt      = 89
  nConvfail    = 14
  nLinsetups   = 33
  nJeval       = 15
  nLinIt       = 78561
  nLinConvfail = 14
  nLinRHSeval  = 0
  nPreceval    = 0
  nPrecsolve   = 0
  [0] integrating 32768 cells 
 Setting cvode tolerances with TypVals rtol = 1e-06 atolfact = 1e-05 in PelePhysics 

Final Statistics:
  nSteps       = 63
  nErrtf       = 1
  nRHSeval     = 92
  nnLinIt      = 89
  nConvfail    = 14
  nLinsetups   = 33
  nJeval       = 15
  nLinIt       = 78561
  nLinConvfail = 14
  nLinRHSeval  = 0
  nPreceval    = 0
  nPrecsolve   = 0
  [0] integrating 32768 cells 
 Setting cvode tolerances with TypVals rtol = 1e-06 atolfact = 1e-05 in PelePhysics 

Final Statistics:
  nSteps       = 63
  nErrtf       = 1
  nRHSeval     = 92
  nnLinIt      = 89
  nConvfail    = 14
  nLinsetups   = 33
  nJeval       = 15
  nLinIt       = 78561
  nLinConvfail = 14
  nLinRHSeval  = 0
  nPreceval    = 0
  nPrecsolve   = 0
  [0] integrating 32768 cells 
 Setting cvode tolerances with TypVals rtol = 1e-06 atolfact = 1e-05 in PelePhysics 

Final Statistics:
  nSteps       = 63
  nErrtf       = 1
  nRHSeval     = 92
  nnLinIt      = 89
  nConvfail    = 14
  nLinsetups   = 33
  nJeval       = 15
  nLinIt       = 78561
  nLinConvfail = 14
  nLinRHSeval  = 0
  nPreceval    = 0
  nPrecsolve   = 0
  [0] integrating 32768 cells 
 Setting cvode tolerances with TypVals rtol = 1e-06 atolfact = 1e-05 in PelePhysics 

Final Statistics:
  nSteps       = 92
  nErrtf       = 2
  nRHSeval     = 124
  nnLinIt      = 121
  nConvfail    = 8
  nLinsetups   = 27
  nJeval       = 9
  nLinIt       = 112056
  nLinConvfail = 7
  nLinRHSeval  = 0
  nPreceval    = 0
  nPrecsolve   = 0
  [0] integrating 32768 cells 
 Setting cvode tolerances with TypVals rtol = 1e-06 atolfact = 1e-05 in PelePhysics 

Final Statistics:
  nSteps       = 92
  nErrtf       = 2
  nRHSeval     = 124
  nnLinIt      = 121
  nConvfail    = 8
  nLinsetups   = 27
  nJeval       = 9
  nLinIt       = 112056
  nLinConvfail = 7
  nLinRHSeval  = 0
  nPreceval    = 0
  nPrecsolve   = 0
  [0] integrating 32768 cells 
 Setting cvode tolerances with TypVals rtol = 1e-06 atolfact = 1e-05 in PelePhysics 

Final Statistics:
  nSteps       = 92
  nErrtf       = 2
  nRHSeval     = 124
  nnLinIt      = 121
  nConvfail    = 8
  nLinsetups   = 27
  nJeval       = 9
  nLinIt       = 112056
  nLinConvfail = 7
  nLinRHSeval  = 0
  nPreceval    = 0
  nPrecsolve   = 0
  [0] integrating 32768 cells 
 Setting cvode tolerances with TypVals rtol = 1e-06 atolfact = 1e-05 in PelePhysics 

Final Statistics:
  nSteps       = 92
  nErrtf       = 2
  nRHSeval     = 124
  nnLinIt      = 121
  nConvfail    = 8
  nLinsetups   = 27
  nJeval       = 9
  nLinIt       = 112056
  nLinConvfail = 7
  nLinRHSeval  = 0
  nPreceval    = 0
  nPrecsolve   = 0
  [0] integrating 32768 cells 
 Setting cvode tolerances with TypVals rtol = 1e-06 atolfact = 1e-05 in PelePhysics 

Final Statistics:
  nSteps       = 36
  nErrtf       = 0
  nRHSeval     = 52
  nnLinIt      = 49
  nConvfail    = 8
  nLinsetups   = 22
  nJeval       = 9
  nLinIt       = 17399
  nLinConvfail = 8
  nLinRHSeval  = 0
  nPreceval    = 0
  nPrecsolve   = 0
  [0] integrating 32768 cells 
 Setting cvode tolerances with TypVals rtol = 1e-06 atolfact = 1e-05 in PelePhysics 

Final Statistics:
  nSteps       = 36
  nErrtf       = 0
  nRHSeval     = 52
  nnLinIt      = 49
  nConvfail    = 8
  nLinsetups   = 22
  nJeval       = 9
  nLinIt       = 17399
  nLinConvfail = 8
  nLinRHSeval  = 0
  nPreceval    = 0
  nPrecsolve   = 0
  [0] integrating 32768 cells 
 Setting cvode tolerances with TypVals rtol = 1e-06 atolfact = 1e-05 in PelePhysics 

Final Statistics:
  nSteps       = 36
  nErrtf       = 0
  nRHSeval     = 52
  nnLinIt      = 49
  nConvfail    = 8
  nLinsetups   = 22
  nJeval       = 9
  nLinIt       = 17399
  nLinConvfail = 8
  nLinRHSeval  = 0
  nPreceval    = 0
  nPrecsolve   = 0
  [0] integrating 32768 cells 
 Setting cvode tolerances with TypVals rtol = 1e-06 atolfact = 1e-05 in PelePhysics 

Final Statistics:
  nSteps       = 36
  nErrtf       = 0
  nRHSeval     = 52
  nnLinIt      = 49
  nConvfail    = 8
  nLinsetups   = 22
  nJeval       = 9
  nLinIt       = 17399
  nLinConvfail = 8
  nLinRHSeval  = 0
  nPreceval    = 0
  nPrecsolve   = 0
  [0] integrating 32768 cells 
 Setting cvode tolerances with TypVals rtol = 1e-06 atolfact = 1e-05 in PelePhysics 

Final Statistics:
  nSteps       = 51
  nErrtf       = 0
  nRHSeval     = 74
  nnLinIt      = 71
  nConvfail    = 16
  nLinsetups   = 39
  nJeval       = 17
  nLinIt       = 72140
  nLinConvfail = 16
  nLinRHSeval  = 0
  nPreceval    = 0
  nPrecsolve   = 0
  [0] integrating 32768 cells 
 Setting cvode tolerances with TypVals rtol = 1e-06 atolfact = 1e-05 in PelePhysics 

Final Statistics:
  nSteps       = 51
  nErrtf       = 0
  nRHSeval     = 74
  nnLinIt      = 71
  nConvfail    = 16
  nLinsetups   = 39
  nJeval       = 17
  nLinIt       = 72140
  nLinConvfail = 16
  nLinRHSeval  = 0
  nPreceval    = 0
  nPrecsolve   = 0
  [0] integrating 32768 cells 
 Setting cvode tolerances with TypVals rtol = 1e-06 atolfact = 1e-05 in PelePhysics 

Final Statistics:
  nSteps       = 51
  nErrtf       = 0
  nRHSeval     = 74
  nnLinIt      = 71
  nConvfail    = 16
  nLinsetups   = 39
  nJeval       = 17
  nLinIt       = 72140
  nLinConvfail = 16
  nLinRHSeval  = 0
  nPreceval    = 0
  nPrecsolve   = 0
  [0] integrating 32768 cells 
 Setting cvode tolerances with TypVals rtol = 1e-06 atolfact = 1e-05 in PelePhysics 

Final Statistics:
  nSteps       = 51
  nErrtf       = 0
  nRHSeval     = 74
  nnLinIt      = 71
  nConvfail    = 16
  nLinsetups   = 39
  nJeval       = 17
  nLinIt       = 72140
  nLinConvfail = 16
  nLinRHSeval  = 0
  nPreceval    = 0
  nPrecsolve   = 0
  [0] integrating 32768 cells 
 Setting cvode tolerances with TypVals rtol = 1e-06 atolfact = 1e-05 in PelePhysics 

Final Statistics:
  nSteps       = 63
  nErrtf       = 1
  nRHSeval     = 92
  nnLinIt      = 89
  nConvfail    = 14
  nLinsetups   = 33
  nJeval       = 15
  nLinIt       = 78561
  nLinConvfail = 14
  nLinRHSeval  = 0
  nPreceval    = 0
  nPrecsolve   = 0
  [0] integrating 32768 cells 
 Setting cvode tolerances with TypVals rtol = 1e-06 atolfact = 1e-05 in PelePhysics 

Final Statistics:
  nSteps       = 63
  nErrtf       = 1
  nRHSeval     = 92
  nnLinIt      = 89
  nConvfail    = 14
  nLinsetups   = 33
  nJeval       = 15
  nLinIt       = 78561
  nLinConvfail = 14
  nLinRHSeval  = 0
  nPreceval    = 0
  nPrecsolve   = 0
  [0] integrating 32768 cells 
 Setting cvode tolerances with TypVals rtol = 1e-06 atolfact = 1e-05 in PelePhysics 

Final Statistics:
  nSteps       = 63
  nErrtf       = 1
  nRHSeval     = 92
  nnLinIt      = 89
  nConvfail    = 14
  nLinsetups   = 33
  nJeval       = 15
  nLinIt       = 78561
  nLinConvfail = 14
  nLinRHSeval  = 0
  nPreceval    = 0
  nPrecsolve   = 0
  [0] integrating 32768 cells 
 Setting cvode tolerances with TypVals rtol = 1e-06 atolfact = 1e-05 in PelePhysics 

Final Statistics:
  nSteps       = 63
  nErrtf       = 1
  nRHSeval     = 92
  nnLinIt      = 89
  nConvfail    = 14
  nLinsetups   = 33
  nJeval       = 15
  nLinIt       = 78561
  nLinConvfail = 14
  nLinRHSeval  = 0
  nPreceval    = 0
  nPrecsolve   = 0
  [0] integrating 32768 cells 
 Setting cvode tolerances with TypVals rtol = 1e-06 atolfact = 1e-05 in PelePhysics 

Final Statistics:
  nSteps       = 92
  nErrtf       = 2
  nRHSeval     = 124
  nnLinIt      = 121
  nConvfail    = 8
  nLinsetups   = 27
  nJeval       = 9
  nLinIt       = 112056
  nLinConvfail = 7
  nLinRHSeval  = 0
  nPreceval    = 0
  nPrecsolve   = 0
  [0] integrating 32768 cells 
 Setting cvode tolerances with TypVals rtol = 1e-06 atolfact = 1e-05 in PelePhysics 

Final Statistics:
  nSteps       = 92
  nErrtf       = 2
  nRHSeval     = 124
  nnLinIt      = 121
  nConvfail    = 8
  nLinsetups   = 27
  nJeval       = 9
  nLinIt       = 112056
  nLinConvfail = 7
  nLinRHSeval  = 0
  nPreceval    = 0
  nPrecsolve   = 0
  [0] integrating 32768 cells 
 Setting cvode tolerances with TypVals rtol = 1e-06 atolfact = 1e-05 in PelePhysics 

Final Statistics:
  nSteps       = 92
  nErrtf       = 2
  nRHSeval     = 124
  nnLinIt      = 121
  nConvfail    = 8
  nLinsetups   = 27
  nJeval       = 9
  nLinIt       = 112056
  nLinConvfail = 7
  nLinRHSeval  = 0
  nPreceval    = 0
  nPrecsolve   = 0
  [0] integrating 32768 cells 
 Setting cvode tolerances with TypVals rtol = 1e-06 atolfact = 1e-05 in PelePhysics 

Final Statistics:
  nSteps       = 92
  nErrtf       = 2
  nRHSeval     = 124
  nnLinIt      = 121
  nConvfail    = 8
  nLinsetups   = 27
  nJeval       = 9
  nLinIt       = 112056
  nLinConvfail = 7
  nLinRHSeval  = 0
  nPreceval    = 0
  nPrecsolve   = 0
  [0] integrating 32768 cells 
 Setting cvode tolerances with TypVals rtol = 1e-06 atolfact = 1e-05 in PelePhysics 

Final Statistics:
  nSteps       = 36
  nErrtf       = 0
  nRHSeval     = 52
  nnLinIt      = 49
  nConvfail    = 8
  nLinsetups   = 22
  nJeval       = 9
  nLinIt       = 17399
  nLinConvfail = 8
  nLinRHSeval  = 0
  nPreceval    = 0
  nPrecsolve   = 0
  [0] integrating 32768 cells 
 Setting cvode tolerances with TypVals rtol = 1e-06 atolfact = 1e-05 in PelePhysics 

Final Statistics:
  nSteps       = 36
  nErrtf       = 0
  nRHSeval     = 52
  nnLinIt      = 49
  nConvfail    = 8
  nLinsetups   = 22
  nJeval       = 9
  nLinIt       = 17399
  nLinConvfail = 8
  nLinRHSeval  = 0
  nPreceval    = 0
  nPrecsolve   = 0
  [0] integrating 32768 cells 
 Setting cvode tolerances with TypVals rtol = 1e-06 atolfact = 1e-05 in PelePhysics 

Final Statistics:
  nSteps       = 36
  nErrtf       = 0
  nRHSeval     = 52
  nnLinIt      = 49
  nConvfail    = 8
  nLinsetups   = 22
  nJeval       = 9
  nLinIt       = 17399
  nLinConvfail = 8
  nLinRHSeval  = 0
  nPreceval    = 0
  nPrecsolve   = 0
  [0] integrating 32768 cells 
 Setting cvode tolerances with TypVals rtol = 1e-06 atolfact = 1e-05 in PelePhysics 

Final Statistics:
  nSteps       = 36
  nErrtf       = 0
  nRHSeval     = 52
  nnLinIt      = 49
  nConvfail    = 8
  nLinsetups   = 22
  nJeval       = 9
  nLinIt       = 17399
  nLinConvfail = 8
  nLinRHSeval  = 0
  nPreceval    = 0
  nPrecsolve   = 0
  [0] integrating 32768 cells 
 Setting cvode tolerances with TypVals rtol = 1e-06 atolfact = 1e-05 in PelePhysics 

Final Statistics:
  nSteps       = 51
  nErrtf       = 0
  nRHSeval     = 74
  nnLinIt      = 71
  nConvfail    = 16
  nLinsetups   = 39
  nJeval       = 17
  nLinIt       = 72140
  nLinConvfail = 16
  nLinRHSeval  = 0
  nPreceval    = 0
  nPrecsolve   = 0
  [0] integrating 32768 cells 
 Setting cvode tolerances with TypVals rtol = 1e-06 atolfact = 1e-05 in PelePhysics 

Final Statistics:
  nSteps       = 51
  nErrtf       = 0
  nRHSeval     = 74
  nnLinIt      = 71
  nConvfail    = 16
  nLinsetups   = 39
  nJeval       = 17
  nLinIt       = 72140
  nLinConvfail = 16
  nLinRHSeval  = 0
  nPreceval    = 0
  nPrecsolve   = 0
  [0] integrating 32768 cells 
 Setting cvode tolerances with TypVals rtol = 1e-06 atolfact = 1e-05 in PelePhysics 

Final Statistics:
  nSteps       = 51
  nErrtf       = 0
  nRHSeval     = 74
  nnLinIt      = 71
  nConvfail    = 16
  nLinsetups   = 39
  nJeval       = 17
  nLinIt       = 72140
  nLinConvfail = 16
  nLinRHSeval  = 0
  nPreceval    = 0
  nPrecsolve   = 0
  [0] integrating 32768 cells 
 Setting cvode tolerances with TypVals rtol = 1e-06 atolfact = 1e-05 in PelePhysics 

Final Statistics:
  nSteps       = 51
  nErrtf       = 0
  nRHSeval     = 74
  nnLinIt      = 71
  nConvfail    = 16
  nLinsetups   = 39
  nJeval       = 17
  nLinIt       = 72140
  nLinConvfail = 16
  nLinRHSeval  = 0
  nPreceval    = 0
  nPrecsolve   = 0
  [0] integrating 32768 cells 
 Setting cvode tolerances with TypVals rtol = 1e-06 atolfact = 1e-05 in PelePhysics 

Final Statistics:
  nSteps       = 63
  nErrtf       = 1
  nRHSeval     = 92
  nnLinIt      = 89
  nConvfail    = 14
  nLinsetups   = 33
  nJeval       = 15
  nLinIt       = 78561
  nLinConvfail = 14
  nLinRHSeval  = 0
  nPreceval    = 0
  nPrecsolve   = 0
  [0] integrating 32768 cells 
 Setting cvode tolerances with TypVals rtol = 1e-06 atolfact = 1e-05 in PelePhysics 

Final Statistics:
  nSteps       = 63
  nErrtf       = 1
  nRHSeval     = 92
  nnLinIt      = 89
  nConvfail    = 14
  nLinsetups   = 33
  nJeval       = 15
  nLinIt       = 78561
  nLinConvfail = 14
  nLinRHSeval  = 0
  nPreceval    = 0
  nPrecsolve   = 0
  [0] integrating 32768 cells 
 Setting cvode tolerances with TypVals rtol = 1e-06 atolfact = 1e-05 in PelePhysics 

Final Statistics:
  nSteps       = 63
  nErrtf       = 1
  nRHSeval     = 92
  nnLinIt      = 89
  nConvfail    = 14
  nLinsetups   = 33
  nJeval       = 15
  nLinIt       = 78561
  nLinConvfail = 14
  nLinRHSeval  = 0
  nPreceval    = 0
  nPrecsolve   = 0
  [0] integrating 32768 cells 
 Setting cvode tolerances with TypVals rtol = 1e-06 atolfact = 1e-05 in PelePhysics 

Final Statistics:
  nSteps       = 63
  nErrtf       = 1
  nRHSeval     = 92
  nnLinIt      = 89
  nConvfail    = 14
  nLinsetups   = 33
  nJeval       = 15
  nLinIt       = 78561
  nLinConvfail = 14
  nLinRHSeval  = 0
  nPreceval    = 0
  nPrecsolve   = 0
  [0] integrating 32768 cells 
 Setting cvode tolerances with TypVals rtol = 1e-06 atolfact = 1e-05 in PelePhysics 

Final Statistics:
  nSteps       = 92
  nErrtf       = 2
  nRHSeval     = 124
  nnLinIt      = 121
  nConvfail    = 8
  nLinsetups   = 27
  nJeval       = 9
  nLinIt       = 112056
  nLinConvfail = 7
  nLinRHSeval  = 0
  nPreceval    = 0
  nPrecsolve   = 0
  [0] integrating 32768 cells 
 Setting cvode tolerances with TypVals rtol = 1e-06 atolfact = 1e-05 in PelePhysics 

Final Statistics:
  nSteps       = 92
  nErrtf       = 2
  nRHSeval     = 124
  nnLinIt      = 121
  nConvfail    = 8
  nLinsetups   = 27
  nJeval       = 9
  nLinIt       = 112056
  nLinConvfail = 7
  nLinRHSeval  = 0
  nPreceval    = 0
  nPrecsolve   = 0
  [0] integrating 32768 cells 
 Setting cvode tolerances with TypVals rtol = 1e-06 atolfact = 1e-05 in PelePhysics 

Final Statistics:
  nSteps       = 92
  nErrtf       = 2
  nRHSeval     = 124
  nnLinIt      = 121
  nConvfail    = 8
  nLinsetups   = 27
  nJeval       = 9
  nLinIt       = 112056
  nLinConvfail = 7
  nLinRHSeval  = 0
  nPreceval    = 0
  nPrecsolve   = 0
  [0] integrating 32768 cells 
 Setting cvode tolerances with TypVals rtol = 1e-06 atolfact = 1e-05 in PelePhysics 

Final Statistics:
  nSteps       = 92
  nErrtf       = 2
  nRHSeval     = 124
  nnLinIt      = 121
  nConvfail    = 8
  nLinsetups   = 27
  nJeval       = 9
  nLinIt       = 112056
  nLinConvfail = 7
  nLinRHSeval  = 0
  nPreceval    = 0
  nPrecsolve   = 0
  [0] integrating 32768 cells 
 Setting cvode tolerances with TypVals rtol = 1e-06 atolfact = 1e-05 in PelePhysics 

Final Statistics:
  nSteps       = 36
  nErrtf       = 0
  nRHSeval     = 52
  nnLinIt      = 49
  nConvfail    = 8
  nLinsetups   = 22
  nJeval       = 9
  nLinIt       = 17399
  nLinConvfail = 8
  nLinRHSeval  = 0
  nPreceval    = 0
  nPrecsolve   = 0
  [0] integrating 32768 cells 
 Setting cvode tolerances with TypVals rtol = 1e-06 atolfact = 1e-05 in PelePhysics 

Final Statistics:
  nSteps       = 36
  nErrtf       = 0
  nRHSeval     = 52
  nnLinIt      = 49
  nConvfail    = 8
  nLinsetups   = 22
  nJeval       = 9
  nLinIt       = 17399
  nLinConvfail = 8
  nLinRHSeval  = 0
  nPreceval    = 0
  nPrecsolve   = 0
  [0] integrating 32768 cells 
 Setting cvode tolerances with TypVals rtol = 1e-06 atolfact = 1e-05 in PelePhysics 

Final Statistics:
  nSteps       = 36
  nErrtf       = 0
  nRHSeval     = 52
  nnLinIt      = 49
  nConvfail    = 8
  nLinsetups   = 22
  nJeval       = 9
  nLinIt       = 17399
  nLinConvfail = 8
  nLinRHSeval  = 0
  nPreceval    = 0
  nPrecsolve   = 0
  [0] integrating 32768 cells 
 Setting cvode tolerances with TypVals rtol = 1e-06 atolfact = 1e-05 in PelePhysics 

Final Statistics:
  nSteps       = 36
  nErrtf       = 0
  nRHSeval     = 52
  nnLinIt      = 49
  nConvfail    = 8
  nLinsetups   = 22
  nJeval       = 9
  nLinIt       = 17399
  nLinConvfail = 8
  nLinRHSeval  = 0
  nPreceval    = 0
  nPrecsolve   = 0
  [0] integrating 32768 cells 
 Setting cvode tolerances with TypVals rtol = 1e-06 atolfact = 1e-05 in PelePhysics 

Final Statistics:
  nSteps       = 51
  nErrtf       = 0
  nRHSeval     = 74
  nnLinIt      = 71
  nConvfail    = 16
  nLinsetups   = 39
  nJeval       = 17
  nLinIt       = 72140
  nLinConvfail = 16
  nLinRHSeval  = 0
  nPreceval    = 0
  nPrecsolve   = 0
  [0] integrating 32768 cells 
 Setting cvode tolerances with TypVals rtol = 1e-06 atolfact = 1e-05 in PelePhysics 

Final Statistics:
  nSteps       = 51
  nErrtf       = 0
  nRHSeval     = 74
  nnLinIt      = 71
  nConvfail    = 16
  nLinsetups   = 39
  nJeval       = 17
  nLinIt       = 72140
  nLinConvfail = 16
  nLinRHSeval  = 0
  nPreceval    = 0
  nPrecsolve   = 0
  [0] integrating 32768 cells 
 Setting cvode tolerances with TypVals rtol = 1e-06 atolfact = 1e-05 in PelePhysics 

Final Statistics:
  nSteps       = 51
  nErrtf       = 0
  nRHSeval     = 74
  nnLinIt      = 71
  nConvfail    = 16
  nLinsetups   = 39
  nJeval       = 17
  nLinIt       = 72140
  nLinConvfail = 16
  nLinRHSeval  = 0
  nPreceval    = 0
  nPrecsolve   = 0
  [0] integrating 32768 cells 
 Setting cvode tolerances with TypVals rtol = 1e-06 atolfact = 1e-05 in PelePhysics 

Final Statistics:
  nSteps       = 51
  nErrtf       = 0
  nRHSeval     = 74
  nnLinIt      = 71
  nConvfail    = 16
  nLinsetups   = 39
  nJeval       = 17
  nLinIt       = 72140
  nLinConvfail = 16
  nLinRHSeval  = 0
  nPreceval    = 0
  nPrecsolve   = 0
  [0] integrating 32768 cells 
 Setting cvode tolerances with TypVals rtol = 1e-06 atolfact = 1e-05 in PelePhysics 

Final Statistics:
  nSteps       = 63
  nErrtf       = 1
  nRHSeval     = 92
  nnLinIt      = 89
  nConvfail    = 14
  nLinsetups   = 33
  nJeval       = 15
  nLinIt       = 78561
  nLinConvfail = 14
  nLinRHSeval  = 0
  nPreceval    = 0
  nPrecsolve   = 0
  [0] integrating 32768 cells 
 Setting cvode tolerances with TypVals rtol = 1e-06 atolfact = 1e-05 in PelePhysics 

Final Statistics:
  nSteps       = 63
  nErrtf       = 1
  nRHSeval     = 92
  nnLinIt      = 89
  nConvfail    = 14
  nLinsetups   = 33
  nJeval       = 15
  nLinIt       = 78561
  nLinConvfail = 14
  nLinRHSeval  = 0
  nPreceval    = 0
  nPrecsolve   = 0
  [0] integrating 32768 cells 
 Setting cvode tolerances with TypVals rtol = 1e-06 atolfact = 1e-05 in PelePhysics 

Final Statistics:
  nSteps       = 63
  nErrtf       = 1
  nRHSeval     = 92
  nnLinIt      = 89
  nConvfail    = 14
  nLinsetups   = 33
  nJeval       = 15
  nLinIt       = 78561
  nLinConvfail = 14
  nLinRHSeval  = 0
  nPreceval    = 0
  nPrecsolve   = 0
  [0] integrating 32768 cells 
 Setting cvode tolerances with TypVals rtol = 1e-06 atolfact = 1e-05 in PelePhysics 

Final Statistics:
  nSteps       = 63
  nErrtf       = 1
  nRHSeval     = 92
  nnLinIt      = 89
  nConvfail    = 14
  nLinsetups   = 33
  nJeval       = 15
  nLinIt       = 78561
  nLinConvfail = 14
  nLinRHSeval  = 0
  nPreceval    = 0
  nPrecsolve   = 0
  [0] integrating 32768 cells 
 Setting cvode tolerances with TypVals rtol = 1e-06 atolfact = 1e-05 in PelePhysics 

Final Statistics:
  nSteps       = 92
  nErrtf       = 2
  nRHSeval     = 124
  nnLinIt      = 121
  nConvfail    = 8
  nLinsetups   = 27
  nJeval       = 9
  nLinIt       = 112056
  nLinConvfail = 7
  nLinRHSeval  = 0
  nPreceval    = 0
  nPrecsolve   = 0
  [0] integrating 32768 cells 
 Setting cvode tolerances with TypVals rtol = 1e-06 atolfact = 1e-05 in PelePhysics 

Final Statistics:
  nSteps       = 92
  nErrtf       = 2
  nRHSeval     = 124
  nnLinIt      = 121
  nConvfail    = 8
  nLinsetups   = 27
  nJeval       = 9
  nLinIt       = 112056
  nLinConvfail = 7
  nLinRHSeval  = 0
  nPreceval    = 0
  nPrecsolve   = 0
  [0] integrating 32768 cells 
 Setting cvode tolerances with TypVals rtol = 1e-06 atolfact = 1e-05 in PelePhysics 

Final Statistics:
  nSteps       = 92
  nErrtf       = 2
  nRHSeval     = 124
  nnLinIt      = 121
  nConvfail    = 8
  nLinsetups   = 27
  nJeval       = 9
  nLinIt       = 112056
  nLinConvfail = 7
  nLinRHSeval  = 0
  nPreceval    = 0
  nPrecsolve   = 0
  [0] integrating 32768 cells 
 Setting cvode tolerances with TypVals rtol = 1e-06 atolfact = 1e-05 in PelePhysics 

Final Statistics:
  nSteps       = 92
  nErrtf       = 2
  nRHSeval     = 124
  nnLinIt      = 121
  nConvfail    = 8
  nLinsetups   = 27
  nJeval       = 9
  nLinIt       = 112056
  nLinConvfail = 7
  nLinRHSeval  = 0
  nPreceval    = 0
  nPrecsolve   = 0
  [0] integrating 32768 cells 
 Setting cvode tolerances with TypVals rtol = 1e-06 atolfact = 1e-05 in PelePhysics 

Final Statistics:
  nSteps       = 36
  nErrtf       = 0
  nRHSeval     = 52
  nnLinIt      = 49
  nConvfail    = 8
  nLinsetups   = 22
  nJeval       = 9
  nLinIt       = 17399
  nLinConvfail = 8
  nLinRHSeval  = 0
  nPreceval    = 0
  nPrecsolve   = 0
  [0] integrating 32768 cells 
 Setting cvode tolerances with TypVals rtol = 1e-06 atolfact = 1e-05 in PelePhysics 

Final Statistics:
  nSteps       = 36
  nErrtf       = 0
  nRHSeval     = 52
  nnLinIt      = 49
  nConvfail    = 8
  nLinsetups   = 22
  nJeval       = 9
  nLinIt       = 17399
  nLinConvfail = 8
  nLinRHSeval  = 0
  nPreceval    = 0
  nPrecsolve   = 0
  [0] integrating 32768 cells 
 Setting cvode tolerances with TypVals rtol = 1e-06 atolfact = 1e-05 in PelePhysics 

Final Statistics:
  nSteps       = 36
  nErrtf       = 0
  nRHSeval     = 52
  nnLinIt      = 49
  nConvfail    = 8
  nLinsetups   = 22
  nJeval       = 9
  nLinIt       = 17399
  nLinConvfail = 8
  nLinRHSeval  = 0
  nPreceval    = 0
  nPrecsolve   = 0
  [0] integrating 32768 cells 
 Setting cvode tolerances with TypVals rtol = 1e-06 atolfact = 1e-05 in PelePhysics 

Final Statistics:
  nSteps       = 36
  nErrtf       = 0
  nRHSeval     = 52
  nnLinIt      = 49
  nConvfail    = 8
  nLinsetups   = 22
  nJeval       = 9
  nLinIt       = 17399
  nLinConvfail = 8
  nLinRHSeval  = 0
  nPreceval    = 0
  nPrecsolve   = 0
  [0] integrating 32768 cells 
 Setting cvode tolerances with TypVals rtol = 1e-06 atolfact = 1e-05 in PelePhysics 

Final Statistics:
  nSteps       = 51
  nErrtf       = 0
  nRHSeval     = 74
  nnLinIt      = 71
  nConvfail    = 16
  nLinsetups   = 39
  nJeval       = 17
  nLinIt       = 72140
  nLinConvfail = 16
  nLinRHSeval  = 0
  nPreceval    = 0
  nPrecsolve   = 0
  [0] integrating 32768 cells 
 Setting cvode tolerances with TypVals rtol = 1e-06 atolfact = 1e-05 in PelePhysics 

Final Statistics:
  nSteps       = 51
  nErrtf       = 0
  nRHSeval     = 74
  nnLinIt      = 71
  nConvfail    = 16
  nLinsetups   = 39
  nJeval       = 17
  nLinIt       = 72140
  nLinConvfail = 16
  nLinRHSeval  = 0
  nPreceval    = 0
  nPrecsolve   = 0
  [0] integrating 32768 cells 
 Setting cvode tolerances with TypVals rtol = 1e-06 atolfact = 1e-05 in PelePhysics 

Final Statistics:
  nSteps       = 51
  nErrtf       = 0
  nRHSeval     = 74
  nnLinIt      = 71
  nConvfail    = 16
  nLinsetups   = 39
  nJeval       = 17
  nLinIt       = 72140
  nLinConvfail = 16
  nLinRHSeval  = 0
  nPreceval    = 0
  nPrecsolve   = 0
  [0] integrating 32768 cells 
 Setting cvode tolerances with TypVals rtol = 1e-06 atolfact = 1e-05 in PelePhysics 

Final Statistics:
  nSteps       = 51
  nErrtf       = 0
  nRHSeval     = 74
  nnLinIt      = 71
  nConvfail    = 16
  nLinsetups   = 39
  nJeval       = 17
  nLinIt       = 72140
  nLinConvfail = 16
  nLinRHSeval  = 0
  nPreceval    = 0
  nPrecsolve   = 0
  [0] integrating 32768 cells 
 Setting cvode tolerances with TypVals rtol = 1e-06 atolfact = 1e-05 in PelePhysics 

Final Statistics:
  nSteps       = 63
  nErrtf       = 1
  nRHSeval     = 92
  nnLinIt      = 89
  nConvfail    = 14
  nLinsetups   = 33
  nJeval       = 15
  nLinIt       = 78561
  nLinConvfail = 14
  nLinRHSeval  = 0
  nPreceval    = 0
  nPrecsolve   = 0
  [0] integrating 32768 cells 
 Setting cvode tolerances with TypVals rtol = 1e-06 atolfact = 1e-05 in PelePhysics 

Final Statistics:
  nSteps       = 63
  nErrtf       = 1
  nRHSeval     = 92
  nnLinIt      = 89
  nConvfail    = 14
  nLinsetups   = 33
  nJeval       = 15
  nLinIt       = 78561
  nLinConvfail = 14
  nLinRHSeval  = 0
  nPreceval    = 0
  nPrecsolve   = 0
  [0] integrating 32768 cells 
 Setting cvode tolerances with TypVals rtol = 1e-06 atolfact = 1e-05 in PelePhysics 

Final Statistics:
  nSteps       = 63
  nErrtf       = 1
  nRHSeval     = 92
  nnLinIt      = 89
  nConvfail    = 14
  nLinsetups   = 33
  nJeval       = 15
  nLinIt       = 78561
  nLinConvfail = 14
  nLinRHSeval  = 0
  nPreceval    = 0
  nPrecsolve   = 0
  [0] integrating 32768 cells 
 Setting cvode tolerances with TypVals rtol = 1e-06 atolfact = 1e-05 in PelePhysics 

Final Statistics:
  nSteps       = 63
  nErrtf       = 1
  nRHSeval     = 92
  nnLinIt      = 89
  nConvfail    = 14
  nLinsetups   = 33
  nJeval       = 15
  nLinIt       = 78561
  nLinConvfail = 14
  nLinRHSeval  = 0
  nPreceval    = 0
  nPrecsolve   = 0
  [0] integrating 32768 cells 
 Setting cvode tolerances with TypVals rtol = 1e-06 atolfact = 1e-05 in PelePhysics 

Final Statistics:
  nSteps       = 92
  nErrtf       = 2
  nRHSeval     = 124
  nnLinIt      = 121
  nConvfail    = 8
  nLinsetups   = 27
  nJeval       = 9
  nLinIt       = 112056
  nLinConvfail = 7
  nLinRHSeval  = 0
  nPreceval    = 0
  nPrecsolve   = 0
  [0] integrating 32768 cells 
 Setting cvode tolerances with TypVals rtol = 1e-06 atolfact = 1e-05 in PelePhysics 

Final Statistics:
  nSteps       = 92
  nErrtf       = 2
  nRHSeval     = 124
  nnLinIt      = 121
  nConvfail    = 8
  nLinsetups   = 27
  nJeval       = 9
  nLinIt       = 112056
  nLinConvfail = 7
  nLinRHSeval  = 0
  nPreceval    = 0
  nPrecsolve   = 0
  [0] integrating 32768 cells 
 Setting cvode tolerances with TypVals rtol = 1e-06 atolfact = 1e-05 in PelePhysics 

Final Statistics:
  nSteps       = 92
  nErrtf       = 2
  nRHSeval     = 124
  nnLinIt      = 121
  nConvfail    = 8
  nLinsetups   = 27
  nJeval       = 9
  nLinIt       = 112056
  nLinConvfail = 7
  nLinRHSeval  = 0
  nPreceval    = 0
  nPrecsolve   = 0
  [0] integrating 32768 cells 
 Setting cvode tolerances with TypVals rtol = 1e-06 atolfact = 1e-05 in PelePhysics 

Final Statistics:
  nSteps       = 92
  nErrtf       = 2
  nRHSeval     = 124
  nnLinIt      = 121
  nConvfail    = 8
  nLinsetups   = 27
  nJeval       = 9
  nLinIt       = 112056
  nLinConvfail = 7
  nLinRHSeval  = 0
  nPreceval    = 0
  nPrecsolve   = 0
  [0] integrating 32768 cells 
 Setting cvode tolerances with TypVals rtol = 1e-06 atolfact = 1e-05 in PelePhysics 

Final Statistics:
  nSteps       = 36
  nErrtf       = 0
  nRHSeval     = 52
  nnLinIt      = 49
  nConvfail    = 8
  nLinsetups   = 22
  nJeval       = 9
  nLinIt       = 17399
  nLinConvfail = 8
  nLinRHSeval  = 0
  nPreceval    = 0
  nPrecsolve   = 0
  [0] integrating 32768 cells 
 Setting cvode tolerances with TypVals rtol = 1e-06 atolfact = 1e-05 in PelePhysics 

Final Statistics:
  nSteps       = 36
  nErrtf       = 0
  nRHSeval     = 52
  nnLinIt      = 49
  nConvfail    = 8
  nLinsetups   = 22
  nJeval       = 9
  nLinIt       = 17399
  nLinConvfail = 8
  nLinRHSeval  = 0
  nPreceval    = 0
  nPrecsolve   = 0
  [0] integrating 32768 cells 
 Setting cvode tolerances with TypVals rtol = 1e-06 atolfact = 1e-05 in PelePhysics 

Final Statistics:
  nSteps       = 36
  nErrtf       = 0
  nRHSeval     = 52
  nnLinIt      = 49
  nConvfail    = 8
  nLinsetups   = 22
  nJeval       = 9
  nLinIt       = 17399
  nLinConvfail = 8
  nLinRHSeval  = 0
  nPreceval    = 0
  nPrecsolve   = 0
  [0] integrating 32768 cells 
 Setting cvode tolerances with TypVals rtol = 1e-06 atolfact = 1e-05 in PelePhysics 

Final Statistics:
  nSteps       = 36
  nErrtf       = 0
  nRHSeval     = 52
  nnLinIt      = 49
  nConvfail    = 8
  nLinsetups   = 22
  nJeval       = 9
  nLinIt       = 17399
  nLinConvfail = 8
  nLinRHSeval  = 0
  nPreceval    = 0
  nPrecsolve   = 0
  [0] integrating 32768 cells 
 Setting cvode tolerances with TypVals rtol = 1e-06 atolfact = 1e-05 in PelePhysics 

Final Statistics:
  nSteps       = 51
  nErrtf       = 0
  nRHSeval     = 74
  nnLinIt      = 71
  nConvfail    = 16
  nLinsetups   = 39
  nJeval       = 17
  nLinIt       = 72140
  nLinConvfail = 16
  nLinRHSeval  = 0
  nPreceval    = 0
  nPrecsolve   = 0
  [0] integrating 32768 cells 
 Setting cvode tolerances with TypVals rtol = 1e-06 atolfact = 1e-05 in PelePhysics 

Final Statistics:
  nSteps       = 51
  nErrtf       = 0
  nRHSeval     = 74
  nnLinIt      = 71
  nConvfail    = 16
  nLinsetups   = 39
  nJeval       = 17
  nLinIt       = 72140
  nLinConvfail = 16
  nLinRHSeval  = 0
  nPreceval    = 0
  nPrecsolve   = 0
  [0] integrating 32768 cells 
 Setting cvode tolerances with TypVals rtol = 1e-06 atolfact = 1e-05 in PelePhysics 

Final Statistics:
  nSteps       = 51
  nErrtf       = 0
  nRHSeval     = 74
  nnLinIt      = 71
  nConvfail    = 16
  nLinsetups   = 39
  nJeval       = 17
  nLinIt       = 72140
  nLinConvfail = 16
  nLinRHSeval  = 0
  nPreceval    = 0
  nPrecsolve   = 0
  [0] integrating 32768 cells 
 Setting cvode tolerances with TypVals rtol = 1e-06 atolfact = 1e-05 in PelePhysics 

Final Statistics:
  nSteps       = 51
  nErrtf       = 0
  nRHSeval     = 74
  nnLinIt      = 71
  nConvfail    = 16
  nLinsetups   = 39
  nJeval       = 17
  nLinIt       = 72140
  nLinConvfail = 16
  nLinRHSeval  = 0
  nPreceval    = 0
  nPrecsolve   = 0
  [0] integrating 32768 cells 
 Setting cvode tolerances with TypVals rtol = 1e-06 atolfact = 1e-05 in PelePhysics 

Final Statistics:
  nSteps       = 63
  nErrtf       = 1
  nRHSeval     = 92
  nnLinIt      = 89
  nConvfail    = 14
  nLinsetups   = 33
  nJeval       = 15
  nLinIt       = 78561
  nLinConvfail = 14
  nLinRHSeval  = 0
  nPreceval    = 0
  nPrecsolve   = 0
  [0] integrating 32768 cells 
 Setting cvode tolerances with TypVals rtol = 1e-06 atolfact = 1e-05 in PelePhysics 

Final Statistics:
  nSteps       = 63
  nErrtf       = 1
  nRHSeval     = 92
  nnLinIt      = 89
  nConvfail    = 14
  nLinsetups   = 33
  nJeval       = 15
  nLinIt       = 78561
  nLinConvfail = 14
  nLinRHSeval  = 0
  nPreceval    = 0
  nPrecsolve   = 0
  [0] integrating 32768 cells 
 Setting cvode tolerances with TypVals rtol = 1e-06 atolfact = 1e-05 in PelePhysics 

Final Statistics:
  nSteps       = 63
  nErrtf       = 1
  nRHSeval     = 92
  nnLinIt      = 89
  nConvfail    = 14
  nLinsetups   = 33
  nJeval       = 15
  nLinIt       = 78561
  nLinConvfail = 14
  nLinRHSeval  = 0
  nPreceval    = 0
  nPrecsolve   = 0
  [0] integrating 32768 cells 
 Setting cvode tolerances with TypVals rtol = 1e-06 atolfact = 1e-05 in PelePhysics 

Final Statistics:
  nSteps       = 63
  nErrtf       = 1
  nRHSeval     = 92
  nnLinIt      = 89
  nConvfail    = 14
  nLinsetups   = 33
  nJeval       = 15
  nLinIt       = 78561
  nLinConvfail = 14
  nLinRHSeval  = 0
  nPreceval    = 0
  nPrecsolve   = 0
  [0] integrating 32768 cells 
 Setting cvode tolerances with TypVals rtol = 1e-06 atolfact = 1e-05 in PelePhysics 

Final Statistics:
  nSteps       = 92
  nErrtf       = 2
  nRHSeval     = 124
  nnLinIt      = 121
  nConvfail    = 8
  nLinsetups   = 27
  nJeval       = 9
  nLinIt       = 112056
  nLinConvfail = 7
  nLinRHSeval  = 0
  nPreceval    = 0
  nPrecsolve   = 0
  [0] integrating 32768 cells 
 Setting cvode tolerances with TypVals rtol = 1e-06 atolfact = 1e-05 in PelePhysics 

Final Statistics:
  nSteps       = 92
  nErrtf       = 2
  nRHSeval     = 124
  nnLinIt      = 121
  nConvfail    = 8
  nLinsetups   = 27
  nJeval       = 9
  nLinIt       = 112056
  nLinConvfail = 7
  nLinRHSeval  = 0
  nPreceval    = 0
  nPrecsolve   = 0
  [0] integrating 32768 cells 
 Setting cvode tolerances with TypVals rtol = 1e-06 atolfact = 1e-05 in PelePhysics 

Final Statistics:
  nSteps       = 92
  nErrtf       = 2
  nRHSeval     = 124
  nnLinIt      = 121
  nConvfail    = 8
  nLinsetups   = 27
  nJeval       = 9
  nLinIt       = 112056
  nLinConvfail = 7
  nLinRHSeval  = 0
  nPreceval    = 0
  nPrecsolve   = 0
  [0] integrating 32768 cells 
 Setting cvode tolerances with TypVals rtol = 1e-06 atolfact = 1e-05 in PelePhysics 

Final Statistics:
  nSteps       = 92
  nErrtf       = 2
  nRHSeval     = 124
  nnLinIt      = 121
  nConvfail    = 8
  nLinsetups   = 27
  nJeval       = 9
  nLinIt       = 112056
  nLinConvfail = 7
  nLinRHSeval  = 0
  nPreceval    = 0
  nPrecsolve   = 0
   >> Level 0 advance: 411.4239425
ode.typ_vals= 1e-10 6.117414487e-09 2.865200641e-08 1.290930023e-07 2.060628964e-07 1.721620541e-07 2.747332233e-06 2.658745502e-09 4.476017907e-05 1.160632211e-06 1.121479979e-05 7.966986732e-07 1.811941351e-06 1.539940509e-07 8.214987668e-08 4.959643961e-07 1.707573109e-08 2.957879436e-09 1.06751091e-08 5.693050335e-10 1e-10 1e-10 1e-10 1e-10 1e-10 1e-10 1e-10 1e-10 1e-10 1e-10 1e-10 1e-10 1e-10 1e-10 0.0001371697768 2337.411425 
 
 >> React::main() 412.4667957



TinyProfiler total time across processes [min...avg...max]: 412.5 ... 412.5 ... 412.5

-------------------------------------------------------------------------------------------
Name                                        NCalls  Excl. Min  Excl. Avg  Excl. Max   Max %
-------------------------------------------------------------------------------------------
Pele::ReactorCvode::react():CVode              128      325.9      325.9      325.9  79.02%
Pele::ReactorCvode::cJac()                    1600      57.09      57.09      57.09  13.84%
Pele::ReactorCvode::cF_RHS()                 10944      27.86      27.86      27.86   6.75%
VisMF::Write(FabArray)                           2      0.937      0.937      0.937   0.23%
Pele::ReactorCvode::react()                    128     0.5259     0.5259     0.5259   0.13%
WriteMultiLevelPlotfile()                        2    0.05421    0.05421    0.05421   0.01%
Pele::ReactorCvode::init()                       1    0.04168    0.04168    0.04168   0.01%
main::initialize_data()                          1   0.005751   0.005751   0.005751   0.00%
MultiFab::max()                                 36    0.00341    0.00341    0.00341   0.00%
Advance_Level0                                   1   0.000993   0.000993   0.000993   0.00%
Pele::flatten()                                128  0.0008959  0.0008959  0.0008959   0.00%
main::main()                                     1  0.0006348  0.0006348  0.0006348   0.00%
Pele::unflatten()                              128  0.0003846  0.0003846  0.0003846   0.00%
React                                          128  0.0002767  0.0002767  0.0002767   0.00%
FabArray::setVal()                               1  0.0001075  0.0001075  0.0001075   0.00%
main::geometry_setup                             1   4.31e-05   4.31e-05   4.31e-05   0.00%
PlotFile                                         2  2.663e-05  2.663e-05  2.663e-05   0.00%
main::reactor_info()                             1  1.343e-05  1.343e-05  1.343e-05   0.00%
DistributionMapping::SFCProcessorMapDoIt()       1  9.839e-06  9.839e-06  9.839e-06   0.00%
DistributionMapping::LeastUsedCPUs()             1  3.156e-06  3.156e-06  3.156e-06   0.00%
DistributionMapping::Distribute()                1  2.104e-06  2.104e-06  2.104e-06   0.00%
-------------------------------------------------------------------------------------------

-------------------------------------------------------------------------------------------
Name                                        NCalls  Incl. Min  Incl. Avg  Incl. Max   Max %
-------------------------------------------------------------------------------------------
main::main()                                     1      412.5      412.5      412.5 100.00%
Advance_Level0                                   1      411.4      411.4      411.4  99.75%
React                                          128      411.4      411.4      411.4  99.75%
Pele::ReactorCvode::react()                    128      411.4      411.4      411.4  99.75%
Pele::ReactorCvode::react():CVode              128      410.9      410.9      410.9  99.62%
Pele::ReactorCvode::cJac()                    1600      57.09      57.09      57.09  13.84%
Pele::ReactorCvode::cF_RHS()                 10944      27.86      27.86      27.86   6.75%
PlotFile                                         2     0.9912     0.9912     0.9912   0.24%
WriteMultiLevelPlotfile()                        2     0.9912     0.9912     0.9912   0.24%
VisMF::Write(FabArray)                           2      0.937      0.937      0.937   0.23%
main::reactor_info()                             1    0.04169    0.04169    0.04169   0.01%
Pele::ReactorCvode::init()                       1    0.04168    0.04168    0.04168   0.01%
main::initialize_data()                          1   0.005858   0.005858   0.005858   0.00%
MultiFab::max()                                 36    0.00341    0.00341    0.00341   0.00%
Pele::flatten()                                128  0.0008959  0.0008959  0.0008959   0.00%
Pele::unflatten()                              128  0.0003846  0.0003846  0.0003846   0.00%
FabArray::setVal()                               1  0.0001075  0.0001075  0.0001075   0.00%
main::geometry_setup                             1   5.82e-05   5.82e-05   5.82e-05   0.00%
DistributionMapping::SFCProcessorMapDoIt()       1   1.51e-05   1.51e-05   1.51e-05   0.00%
DistributionMapping::LeastUsedCPUs()             1  3.156e-06  3.156e-06  3.156e-06   0.00%
DistributionMapping::Distribute()                1  2.104e-06  2.104e-06  2.104e-06   0.00%
-------------------------------------------------------------------------------------------

Unused ParmParse Variables:
  [TOP]::ode.analytical_jacobian(nvals = 1)  :: [0]
  [TOP]::initFile(nvals = 1)  :: [/path/]


================================================================================================================
SUNDIALS GIT VERSION: v6.5.0-3-g025eafc1ce5a-dirty
SUNDIALS PROFILER: SUNContext Default
Results:                                	 % time (inclusive) 	 max/rank 	 average/rank 	 count 
================================================================================================================
From profiler epoch                     	 100.00% 	         412.467365s 	 412.467365s 	 2
CVode                                   	  99.62% 	         410.895284s 	 410.895284s 	 128
SUNNonlinSolSolve                       	  98.71% 	         407.146606s 	 407.146606s 	 8480
SUNLinSolSolve                          	  75.26% 	         310.410901s 	 310.410901s 	 9344
solver apply                            	  74.90% 	         308.923019s 	 308.923019s 	 9344
SUNMatScaleAddI                         	   1.59% 	         6.547089s 	 6.547089s 	 3872
N_VWrmsNorm                             	   1.24% 	         5.128822s 	 5.128822s 	 43424
SUNMatCopy                              	   0.75% 	         3.097797s 	 3.097797s 	 3872
SUNMemoryHelper_CopyAsync               	   0.31% 	         1.261243s 	 1.261243s 	 87488
Wrap vector(s) for solve                	   0.18% 	         0.742728s 	 0.742728s 	 9344
check num iters                         	   0.13% 	         0.536538s 	 0.536538s 	 9344
N_VLinearSum                            	   0.06% 	         0.236555s 	 0.236555s 	 112736
SUNMatClone                             	   0.04% 	         0.180764s 	 0.180764s 	 128
check residual norm                     	   0.02% 	         0.097210s 	 0.097210s 	 9344
N_VScale                                	   0.02% 	         0.088054s 	 0.088054s 	 31968
N_VConst                                	   0.02% 	         0.062658s 	 0.062658s 	 28928
N_VScaleAddMulti                        	   0.01% 	         0.043703s 	 0.043703s 	 8128
N_VMaxNorm                              	   0.01% 	         0.039971s 	 0.039971s 	 128
CVodeInit                               	   0.01% 	         0.027818s 	 0.027818s 	 128
N_VClone                                	   0.00% 	         0.018009s 	 0.018009s 	 2176
N_VInv                                  	   0.00% 	         0.017705s 	 0.017705s 	 8000
N_VAbs                                  	   0.00% 	         0.017603s 	 0.017603s 	 8128
SUNMemoryHelper_Alloc                   	   0.00% 	         0.017532s 	 0.017532s 	 8224
N_VMin                                  	   0.00% 	         0.016792s 	 0.016792s 	 128
N_VScaleVectorArray                     	   0.00% 	         0.013224s 	 0.013224s 	 2944
SUNMemoryHelper_Dealloc                 	   0.00% 	         0.012104s 	 0.012104s 	 8224
SUNLinSolSetup                          	   0.00% 	         0.008362s 	 0.008362s 	 3872
generate solver                         	   0.00% 	         0.005178s 	 0.005178s 	 3872
add logger                              	   0.00% 	         0.002325s 	 0.002325s 	 9344
build solver factory                    	   0.00% 	         0.001126s 	 0.001126s 	 3872
set tolerance                           	   0.00% 	         0.001117s 	 0.001117s 	 9344
CVodeGetDky                             	   0.00% 	         0.000864s 	 0.000864s 	 128
N_VLinearCombination                    	   0.00% 	         0.000811s 	 0.000811s 	 128
N_VDiv                                  	   0.00% 	         0.000375s 	 0.000375s 	 128
SUNLinSolInitialize                     	   0.00% 	         0.000020s 	 0.000020s 	 128
SUNNonlinSolInitialize                  	   0.00% 	         0.000020s 	 0.000020s 	 128
Est. profiler overhead                  	   0.00% 	         0.083265s 	 -- 		 -- 

