Initializing HIP...
HIP initialized.
Initializing SUNDIALS with 1 threads...
SUNDIALS initialized.
MPI initialized with 1 MPI processes
MPI initialized with thread support level 0
AMReX (22.12-21-g2a8c71b8bf42) initialized
ODE solver: ReactorCvode
Type of reactor: h (PeleLM)
Fuel: CH4, Oxy: O2
Creating ReactorBase instance: ReactorCvode
Number of species in mech is 35
  Using a MAGMA batched LU direct linear solver with analytical Jacobian
Initializing CVODE:
  Using LDS reductions
Integrating 4194304 cells for: 1e-05 seconds with 1 substeps 
Using user-defined typical values for the absolute tolerances of the ode solver.
Set the typical values for PelePhysics ODE integration:
NC12H26 : 2.60930515e-10
H : 2.497699961e-09
O : 1.55974666e-08
OH : 6.52952975e-08
HO2 : 2.047750538e-07
H2 : 8.074737062e-08
H2O : 1.208521506e-06
H2O2 : 2.903492347e-09
O2 : 4.477368314e-05
CH3 : 1.047535694e-06
CH4 : 1.122171621e-05
CH2O : 6.670332503e-07
CO : 4.831131292e-07
CO2 : 4.842634744e-08
C2H2 : 8.675129173e-09
C2H4 : 2.522642639e-07
C2H6 : 1.811206266e-08
CH2CHO : 6.788374995e-10
aC3H5 : 1.169394584e-09
C3H6 : 1.318410816e-10
C2H3CHO : 1e-10
C4H7 : 1e-10
C4H81 : 1.492187367e-09
C5H9 : 1e-10
C5H10 : 1e-10
C6H12 : 1e-10
C7H14 : 1e-10
C8H16 : 1e-10
C9H18 : 1e-10
PXC9H19 : 3.492130067e-10
C10H20 : 1e-10
C12H24 : 1e-10
C12H25O2 : 1e-10
OC12H23OOH : 1e-10
N2 : 0.0001372037486
Temp : 2259.516367
 
 STARTING THE ADVANCE 
  [0] integrating 32768 cells 
 Setting cvode tolerances with TypVals rtol = 1e-06 atolfact = 1e-05 in PelePhysics 

Final Statistics:
  nSteps       = 29
  nErrtf       = 0
  nRHSeval     = 37
  nnLinIt      = 34
  nConvfail    = 0
  nLinsetups   = 9
  nJeval       = 1
  nLinIt       = 0
  nLinConvfail = 0
  nLinRHSeval  = 0
  nPreceval    = 0
  nPrecsolve   = 0
  [0] integrating 32768 cells 
 Setting cvode tolerances with TypVals rtol = 1e-06 atolfact = 1e-05 in PelePhysics 

Final Statistics:
  nSteps       = 29
  nErrtf       = 0
  nRHSeval     = 37
  nnLinIt      = 34
  nConvfail    = 0
  nLinsetups   = 9
  nJeval       = 1
  nLinIt       = 0
  nLinConvfail = 0
  nLinRHSeval  = 0
  nPreceval    = 0
  nPrecsolve   = 0
  [0] integrating 32768 cells 
 Setting cvode tolerances with TypVals rtol = 1e-06 atolfact = 1e-05 in PelePhysics 

Final Statistics:
  nSteps       = 29
  nErrtf       = 0
  nRHSeval     = 37
  nnLinIt      = 34
  nConvfail    = 0
  nLinsetups   = 9
  nJeval       = 1
  nLinIt       = 0
  nLinConvfail = 0
  nLinRHSeval  = 0
  nPreceval    = 0
  nPrecsolve   = 0
  [0] integrating 32768 cells 
 Setting cvode tolerances with TypVals rtol = 1e-06 atolfact = 1e-05 in PelePhysics 

Final Statistics:
  nSteps       = 29
  nErrtf       = 0
  nRHSeval     = 37
  nnLinIt      = 34
  nConvfail    = 0
  nLinsetups   = 9
  nJeval       = 1
  nLinIt       = 0
  nLinConvfail = 0
  nLinRHSeval  = 0
  nPreceval    = 0
  nPrecsolve   = 0
  [0] integrating 32768 cells 
 Setting cvode tolerances with TypVals rtol = 1e-06 atolfact = 1e-05 in PelePhysics 

Final Statistics:
  nSteps       = 36
  nErrtf       = 0
  nRHSeval     = 45
  nnLinIt      = 42
  nConvfail    = 0
  nLinsetups   = 12
  nJeval       = 1
  nLinIt       = 0
  nLinConvfail = 0
  nLinRHSeval  = 0
  nPreceval    = 0
  nPrecsolve   = 0
  [0] integrating 32768 cells 
 Setting cvode tolerances with TypVals rtol = 1e-06 atolfact = 1e-05 in PelePhysics 

Final Statistics:
  nSteps       = 36
  nErrtf       = 0
  nRHSeval     = 45
  nnLinIt      = 42
  nConvfail    = 0
  nLinsetups   = 12
  nJeval       = 1
  nLinIt       = 0
  nLinConvfail = 0
  nLinRHSeval  = 0
  nPreceval    = 0
  nPrecsolve   = 0
  [0] integrating 32768 cells 
 Setting cvode tolerances with TypVals rtol = 1e-06 atolfact = 1e-05 in PelePhysics 

Final Statistics:
  nSteps       = 36
  nErrtf       = 0
  nRHSeval     = 45
  nnLinIt      = 42
  nConvfail    = 0
  nLinsetups   = 12
  nJeval       = 1
  nLinIt       = 0
  nLinConvfail = 0
  nLinRHSeval  = 0
  nPreceval    = 0
  nPrecsolve   = 0
  [0] integrating 32768 cells 
 Setting cvode tolerances with TypVals rtol = 1e-06 atolfact = 1e-05 in PelePhysics 

Final Statistics:
  nSteps       = 36
  nErrtf       = 0
  nRHSeval     = 45
  nnLinIt      = 42
  nConvfail    = 0
  nLinsetups   = 12
  nJeval       = 1
  nLinIt       = 0
  nLinConvfail = 0
  nLinRHSeval  = 0
  nPreceval    = 0
  nPrecsolve   = 0
  [0] integrating 32768 cells 
 Setting cvode tolerances with TypVals rtol = 1e-06 atolfact = 1e-05 in PelePhysics 

Final Statistics:
  nSteps       = 51
  nErrtf       = 0
  nRHSeval     = 62
  nnLinIt      = 59
  nConvfail    = 0
  nLinsetups   = 11
  nJeval       = 1
  nLinIt       = 0
  nLinConvfail = 0
  nLinRHSeval  = 0
  nPreceval    = 0
  nPrecsolve   = 0
  [0] integrating 32768 cells 
 Setting cvode tolerances with TypVals rtol = 1e-06 atolfact = 1e-05 in PelePhysics 

Final Statistics:
  nSteps       = 51
  nErrtf       = 0
  nRHSeval     = 62
  nnLinIt      = 59
  nConvfail    = 0
  nLinsetups   = 11
  nJeval       = 1
  nLinIt       = 0
  nLinConvfail = 0
  nLinRHSeval  = 0
  nPreceval    = 0
  nPrecsolve   = 0
  [0] integrating 32768 cells 
 Setting cvode tolerances with TypVals rtol = 1e-06 atolfact = 1e-05 in PelePhysics 

Final Statistics:
  nSteps       = 51
  nErrtf       = 0
  nRHSeval     = 62
  nnLinIt      = 59
  nConvfail    = 0
  nLinsetups   = 11
  nJeval       = 1
  nLinIt       = 0
  nLinConvfail = 0
  nLinRHSeval  = 0
  nPreceval    = 0
  nPrecsolve   = 0
  [0] integrating 32768 cells 
 Setting cvode tolerances with TypVals rtol = 1e-06 atolfact = 1e-05 in PelePhysics 

Final Statistics:
  nSteps       = 51
  nErrtf       = 0
  nRHSeval     = 62
  nnLinIt      = 59
  nConvfail    = 0
  nLinsetups   = 11
  nJeval       = 1
  nLinIt       = 0
  nLinConvfail = 0
  nLinRHSeval  = 0
  nPreceval    = 0
  nPrecsolve   = 0
  [0] integrating 32768 cells 
 Setting cvode tolerances with TypVals rtol = 1e-06 atolfact = 1e-05 in PelePhysics 

Final Statistics:
  nSteps       = 85
  nErrtf       = 2
  nRHSeval     = 109
  nnLinIt      = 106
  nConvfail    = 1
  nLinsetups   = 14
  nJeval       = 3
  nLinIt       = 0
  nLinConvfail = 0
  nLinRHSeval  = 0
  nPreceval    = 0
  nPrecsolve   = 0
  [0] integrating 32768 cells 
 Setting cvode tolerances with TypVals rtol = 1e-06 atolfact = 1e-05 in PelePhysics 

Final Statistics:
  nSteps       = 85
  nErrtf       = 2
  nRHSeval     = 109
  nnLinIt      = 106
  nConvfail    = 1
  nLinsetups   = 14
  nJeval       = 3
  nLinIt       = 0
  nLinConvfail = 0
  nLinRHSeval  = 0
  nPreceval    = 0
  nPrecsolve   = 0
  [0] integrating 32768 cells 
 Setting cvode tolerances with TypVals rtol = 1e-06 atolfact = 1e-05 in PelePhysics 

Final Statistics:
  nSteps       = 85
  nErrtf       = 2
  nRHSeval     = 109
  nnLinIt      = 106
  nConvfail    = 1
  nLinsetups   = 14
  nJeval       = 3
  nLinIt       = 0
  nLinConvfail = 0
  nLinRHSeval  = 0
  nPreceval    = 0
  nPrecsolve   = 0
  [0] integrating 32768 cells 
 Setting cvode tolerances with TypVals rtol = 1e-06 atolfact = 1e-05 in PelePhysics 

Final Statistics:
  nSteps       = 85
  nErrtf       = 2
  nRHSeval     = 109
  nnLinIt      = 106
  nConvfail    = 1
  nLinsetups   = 14
  nJeval       = 3
  nLinIt       = 0
  nLinConvfail = 0
  nLinRHSeval  = 0
  nPreceval    = 0
  nPrecsolve   = 0
  [0] integrating 32768 cells 
 Setting cvode tolerances with TypVals rtol = 1e-06 atolfact = 1e-05 in PelePhysics 

Final Statistics:
  nSteps       = 29
  nErrtf       = 0
  nRHSeval     = 37
  nnLinIt      = 34
  nConvfail    = 0
  nLinsetups   = 9
  nJeval       = 1
  nLinIt       = 0
  nLinConvfail = 0
  nLinRHSeval  = 0
  nPreceval    = 0
  nPrecsolve   = 0
  [0] integrating 32768 cells 
 Setting cvode tolerances with TypVals rtol = 1e-06 atolfact = 1e-05 in PelePhysics 

Final Statistics:
  nSteps       = 29
  nErrtf       = 0
  nRHSeval     = 37
  nnLinIt      = 34
  nConvfail    = 0
  nLinsetups   = 9
  nJeval       = 1
  nLinIt       = 0
  nLinConvfail = 0
  nLinRHSeval  = 0
  nPreceval    = 0
  nPrecsolve   = 0
  [0] integrating 32768 cells 
 Setting cvode tolerances with TypVals rtol = 1e-06 atolfact = 1e-05 in PelePhysics 

Final Statistics:
  nSteps       = 29
  nErrtf       = 0
  nRHSeval     = 37
  nnLinIt      = 34
  nConvfail    = 0
  nLinsetups   = 9
  nJeval       = 1
  nLinIt       = 0
  nLinConvfail = 0
  nLinRHSeval  = 0
  nPreceval    = 0
  nPrecsolve   = 0
  [0] integrating 32768 cells 
 Setting cvode tolerances with TypVals rtol = 1e-06 atolfact = 1e-05 in PelePhysics 

Final Statistics:
  nSteps       = 29
  nErrtf       = 0
  nRHSeval     = 37
  nnLinIt      = 34
  nConvfail    = 0
  nLinsetups   = 9
  nJeval       = 1
  nLinIt       = 0
  nLinConvfail = 0
  nLinRHSeval  = 0
  nPreceval    = 0
  nPrecsolve   = 0
  [0] integrating 32768 cells 
 Setting cvode tolerances with TypVals rtol = 1e-06 atolfact = 1e-05 in PelePhysics 

Final Statistics:
  nSteps       = 36
  nErrtf       = 0
  nRHSeval     = 45
  nnLinIt      = 42
  nConvfail    = 0
  nLinsetups   = 12
  nJeval       = 1
  nLinIt       = 0
  nLinConvfail = 0
  nLinRHSeval  = 0
  nPreceval    = 0
  nPrecsolve   = 0
  [0] integrating 32768 cells 
 Setting cvode tolerances with TypVals rtol = 1e-06 atolfact = 1e-05 in PelePhysics 

Final Statistics:
  nSteps       = 36
  nErrtf       = 0
  nRHSeval     = 45
  nnLinIt      = 42
  nConvfail    = 0
  nLinsetups   = 12
  nJeval       = 1
  nLinIt       = 0
  nLinConvfail = 0
  nLinRHSeval  = 0
  nPreceval    = 0
  nPrecsolve   = 0
  [0] integrating 32768 cells 
 Setting cvode tolerances with TypVals rtol = 1e-06 atolfact = 1e-05 in PelePhysics 

Final Statistics:
  nSteps       = 36
  nErrtf       = 0
  nRHSeval     = 45
  nnLinIt      = 42
  nConvfail    = 0
  nLinsetups   = 12
  nJeval       = 1
  nLinIt       = 0
  nLinConvfail = 0
  nLinRHSeval  = 0
  nPreceval    = 0
  nPrecsolve   = 0
  [0] integrating 32768 cells 
 Setting cvode tolerances with TypVals rtol = 1e-06 atolfact = 1e-05 in PelePhysics 

Final Statistics:
  nSteps       = 36
  nErrtf       = 0
  nRHSeval     = 45
  nnLinIt      = 42
  nConvfail    = 0
  nLinsetups   = 12
  nJeval       = 1
  nLinIt       = 0
  nLinConvfail = 0
  nLinRHSeval  = 0
  nPreceval    = 0
  nPrecsolve   = 0
  [0] integrating 32768 cells 
 Setting cvode tolerances with TypVals rtol = 1e-06 atolfact = 1e-05 in PelePhysics 

Final Statistics:
  nSteps       = 51
  nErrtf       = 0
  nRHSeval     = 62
  nnLinIt      = 59
  nConvfail    = 0
  nLinsetups   = 11
  nJeval       = 1
  nLinIt       = 0
  nLinConvfail = 0
  nLinRHSeval  = 0
  nPreceval    = 0
  nPrecsolve   = 0
  [0] integrating 32768 cells 
 Setting cvode tolerances with TypVals rtol = 1e-06 atolfact = 1e-05 in PelePhysics 

Final Statistics:
  nSteps       = 51
  nErrtf       = 0
  nRHSeval     = 62
  nnLinIt      = 59
  nConvfail    = 0
  nLinsetups   = 11
  nJeval       = 1
  nLinIt       = 0
  nLinConvfail = 0
  nLinRHSeval  = 0
  nPreceval    = 0
  nPrecsolve   = 0
  [0] integrating 32768 cells 
 Setting cvode tolerances with TypVals rtol = 1e-06 atolfact = 1e-05 in PelePhysics 

Final Statistics:
  nSteps       = 51
  nErrtf       = 0
  nRHSeval     = 62
  nnLinIt      = 59
  nConvfail    = 0
  nLinsetups   = 11
  nJeval       = 1
  nLinIt       = 0
  nLinConvfail = 0
  nLinRHSeval  = 0
  nPreceval    = 0
  nPrecsolve   = 0
  [0] integrating 32768 cells 
 Setting cvode tolerances with TypVals rtol = 1e-06 atolfact = 1e-05 in PelePhysics 

Final Statistics:
  nSteps       = 51
  nErrtf       = 0
  nRHSeval     = 62
  nnLinIt      = 59
  nConvfail    = 0
  nLinsetups   = 11
  nJeval       = 1
  nLinIt       = 0
  nLinConvfail = 0
  nLinRHSeval  = 0
  nPreceval    = 0
  nPrecsolve   = 0
  [0] integrating 32768 cells 
 Setting cvode tolerances with TypVals rtol = 1e-06 atolfact = 1e-05 in PelePhysics 

Final Statistics:
  nSteps       = 85
  nErrtf       = 2
  nRHSeval     = 109
  nnLinIt      = 106
  nConvfail    = 1
  nLinsetups   = 14
  nJeval       = 3
  nLinIt       = 0
  nLinConvfail = 0
  nLinRHSeval  = 0
  nPreceval    = 0
  nPrecsolve   = 0
  [0] integrating 32768 cells 
 Setting cvode tolerances with TypVals rtol = 1e-06 atolfact = 1e-05 in PelePhysics 

Final Statistics:
  nSteps       = 85
  nErrtf       = 2
  nRHSeval     = 109
  nnLinIt      = 106
  nConvfail    = 1
  nLinsetups   = 14
  nJeval       = 3
  nLinIt       = 0
  nLinConvfail = 0
  nLinRHSeval  = 0
  nPreceval    = 0
  nPrecsolve   = 0
  [0] integrating 32768 cells 
 Setting cvode tolerances with TypVals rtol = 1e-06 atolfact = 1e-05 in PelePhysics 

Final Statistics:
  nSteps       = 85
  nErrtf       = 2
  nRHSeval     = 109
  nnLinIt      = 106
  nConvfail    = 1
  nLinsetups   = 14
  nJeval       = 3
  nLinIt       = 0
  nLinConvfail = 0
  nLinRHSeval  = 0
  nPreceval    = 0
  nPrecsolve   = 0
  [0] integrating 32768 cells 
 Setting cvode tolerances with TypVals rtol = 1e-06 atolfact = 1e-05 in PelePhysics 

Final Statistics:
  nSteps       = 85
  nErrtf       = 2
  nRHSeval     = 109
  nnLinIt      = 106
  nConvfail    = 1
  nLinsetups   = 14
  nJeval       = 3
  nLinIt       = 0
  nLinConvfail = 0
  nLinRHSeval  = 0
  nPreceval    = 0
  nPrecsolve   = 0
  [0] integrating 32768 cells 
 Setting cvode tolerances with TypVals rtol = 1e-06 atolfact = 1e-05 in PelePhysics 

Final Statistics:
  nSteps       = 29
  nErrtf       = 0
  nRHSeval     = 37
  nnLinIt      = 34
  nConvfail    = 0
  nLinsetups   = 9
  nJeval       = 1
  nLinIt       = 0
  nLinConvfail = 0
  nLinRHSeval  = 0
  nPreceval    = 0
  nPrecsolve   = 0
  [0] integrating 32768 cells 
 Setting cvode tolerances with TypVals rtol = 1e-06 atolfact = 1e-05 in PelePhysics 

Final Statistics:
  nSteps       = 29
  nErrtf       = 0
  nRHSeval     = 37
  nnLinIt      = 34
  nConvfail    = 0
  nLinsetups   = 9
  nJeval       = 1
  nLinIt       = 0
  nLinConvfail = 0
  nLinRHSeval  = 0
  nPreceval    = 0
  nPrecsolve   = 0
  [0] integrating 32768 cells 
 Setting cvode tolerances with TypVals rtol = 1e-06 atolfact = 1e-05 in PelePhysics 

Final Statistics:
  nSteps       = 29
  nErrtf       = 0
  nRHSeval     = 37
  nnLinIt      = 34
  nConvfail    = 0
  nLinsetups   = 9
  nJeval       = 1
  nLinIt       = 0
  nLinConvfail = 0
  nLinRHSeval  = 0
  nPreceval    = 0
  nPrecsolve   = 0
  [0] integrating 32768 cells 
 Setting cvode tolerances with TypVals rtol = 1e-06 atolfact = 1e-05 in PelePhysics 

Final Statistics:
  nSteps       = 29
  nErrtf       = 0
  nRHSeval     = 37
  nnLinIt      = 34
  nConvfail    = 0
  nLinsetups   = 9
  nJeval       = 1
  nLinIt       = 0
  nLinConvfail = 0
  nLinRHSeval  = 0
  nPreceval    = 0
  nPrecsolve   = 0
  [0] integrating 32768 cells 
 Setting cvode tolerances with TypVals rtol = 1e-06 atolfact = 1e-05 in PelePhysics 

Final Statistics:
  nSteps       = 36
  nErrtf       = 0
  nRHSeval     = 45
  nnLinIt      = 42
  nConvfail    = 0
  nLinsetups   = 12
  nJeval       = 1
  nLinIt       = 0
  nLinConvfail = 0
  nLinRHSeval  = 0
  nPreceval    = 0
  nPrecsolve   = 0
  [0] integrating 32768 cells 
 Setting cvode tolerances with TypVals rtol = 1e-06 atolfact = 1e-05 in PelePhysics 

Final Statistics:
  nSteps       = 36
  nErrtf       = 0
  nRHSeval     = 45
  nnLinIt      = 42
  nConvfail    = 0
  nLinsetups   = 12
  nJeval       = 1
  nLinIt       = 0
  nLinConvfail = 0
  nLinRHSeval  = 0
  nPreceval    = 0
  nPrecsolve   = 0
  [0] integrating 32768 cells 
 Setting cvode tolerances with TypVals rtol = 1e-06 atolfact = 1e-05 in PelePhysics 

Final Statistics:
  nSteps       = 36
  nErrtf       = 0
  nRHSeval     = 45
  nnLinIt      = 42
  nConvfail    = 0
  nLinsetups   = 12
  nJeval       = 1
  nLinIt       = 0
  nLinConvfail = 0
  nLinRHSeval  = 0
  nPreceval    = 0
  nPrecsolve   = 0
  [0] integrating 32768 cells 
 Setting cvode tolerances with TypVals rtol = 1e-06 atolfact = 1e-05 in PelePhysics 

Final Statistics:
  nSteps       = 36
  nErrtf       = 0
  nRHSeval     = 45
  nnLinIt      = 42
  nConvfail    = 0
  nLinsetups   = 12
  nJeval       = 1
  nLinIt       = 0
  nLinConvfail = 0
  nLinRHSeval  = 0
  nPreceval    = 0
  nPrecsolve   = 0
  [0] integrating 32768 cells 
 Setting cvode tolerances with TypVals rtol = 1e-06 atolfact = 1e-05 in PelePhysics 

Final Statistics:
  nSteps       = 51
  nErrtf       = 0
  nRHSeval     = 62
  nnLinIt      = 59
  nConvfail    = 0
  nLinsetups   = 11
  nJeval       = 1
  nLinIt       = 0
  nLinConvfail = 0
  nLinRHSeval  = 0
  nPreceval    = 0
  nPrecsolve   = 0
  [0] integrating 32768 cells 
 Setting cvode tolerances with TypVals rtol = 1e-06 atolfact = 1e-05 in PelePhysics 

Final Statistics:
  nSteps       = 51
  nErrtf       = 0
  nRHSeval     = 62
  nnLinIt      = 59
  nConvfail    = 0
  nLinsetups   = 11
  nJeval       = 1
  nLinIt       = 0
  nLinConvfail = 0
  nLinRHSeval  = 0
  nPreceval    = 0
  nPrecsolve   = 0
  [0] integrating 32768 cells 
 Setting cvode tolerances with TypVals rtol = 1e-06 atolfact = 1e-05 in PelePhysics 

Final Statistics:
  nSteps       = 51
  nErrtf       = 0
  nRHSeval     = 62
  nnLinIt      = 59
  nConvfail    = 0
  nLinsetups   = 11
  nJeval       = 1
  nLinIt       = 0
  nLinConvfail = 0
  nLinRHSeval  = 0
  nPreceval    = 0
  nPrecsolve   = 0
  [0] integrating 32768 cells 
 Setting cvode tolerances with TypVals rtol = 1e-06 atolfact = 1e-05 in PelePhysics 

Final Statistics:
  nSteps       = 51
  nErrtf       = 0
  nRHSeval     = 62
  nnLinIt      = 59
  nConvfail    = 0
  nLinsetups   = 11
  nJeval       = 1
  nLinIt       = 0
  nLinConvfail = 0
  nLinRHSeval  = 0
  nPreceval    = 0
  nPrecsolve   = 0
  [0] integrating 32768 cells 
 Setting cvode tolerances with TypVals rtol = 1e-06 atolfact = 1e-05 in PelePhysics 

Final Statistics:
  nSteps       = 85
  nErrtf       = 2
  nRHSeval     = 109
  nnLinIt      = 106
  nConvfail    = 1
  nLinsetups   = 14
  nJeval       = 3
  nLinIt       = 0
  nLinConvfail = 0
  nLinRHSeval  = 0
  nPreceval    = 0
  nPrecsolve   = 0
  [0] integrating 32768 cells 
 Setting cvode tolerances with TypVals rtol = 1e-06 atolfact = 1e-05 in PelePhysics 

Final Statistics:
  nSteps       = 85
  nErrtf       = 2
  nRHSeval     = 109
  nnLinIt      = 106
  nConvfail    = 1
  nLinsetups   = 14
  nJeval       = 3
  nLinIt       = 0
  nLinConvfail = 0
  nLinRHSeval  = 0
  nPreceval    = 0
  nPrecsolve   = 0
  [0] integrating 32768 cells 
 Setting cvode tolerances with TypVals rtol = 1e-06 atolfact = 1e-05 in PelePhysics 

Final Statistics:
  nSteps       = 85
  nErrtf       = 2
  nRHSeval     = 109
  nnLinIt      = 106
  nConvfail    = 1
  nLinsetups   = 14
  nJeval       = 3
  nLinIt       = 0
  nLinConvfail = 0
  nLinRHSeval  = 0
  nPreceval    = 0
  nPrecsolve   = 0
  [0] integrating 32768 cells 
 Setting cvode tolerances with TypVals rtol = 1e-06 atolfact = 1e-05 in PelePhysics 

Final Statistics:
  nSteps       = 85
  nErrtf       = 2
  nRHSeval     = 109
  nnLinIt      = 106
  nConvfail    = 1
  nLinsetups   = 14
  nJeval       = 3
  nLinIt       = 0
  nLinConvfail = 0
  nLinRHSeval  = 0
  nPreceval    = 0
  nPrecsolve   = 0
  [0] integrating 32768 cells 
 Setting cvode tolerances with TypVals rtol = 1e-06 atolfact = 1e-05 in PelePhysics 

Final Statistics:
  nSteps       = 29
  nErrtf       = 0
  nRHSeval     = 37
  nnLinIt      = 34
  nConvfail    = 0
  nLinsetups   = 9
  nJeval       = 1
  nLinIt       = 0
  nLinConvfail = 0
  nLinRHSeval  = 0
  nPreceval    = 0
  nPrecsolve   = 0
  [0] integrating 32768 cells 
 Setting cvode tolerances with TypVals rtol = 1e-06 atolfact = 1e-05 in PelePhysics 

Final Statistics:
  nSteps       = 29
  nErrtf       = 0
  nRHSeval     = 37
  nnLinIt      = 34
  nConvfail    = 0
  nLinsetups   = 9
  nJeval       = 1
  nLinIt       = 0
  nLinConvfail = 0
  nLinRHSeval  = 0
  nPreceval    = 0
  nPrecsolve   = 0
  [0] integrating 32768 cells 
 Setting cvode tolerances with TypVals rtol = 1e-06 atolfact = 1e-05 in PelePhysics 

Final Statistics:
  nSteps       = 29
  nErrtf       = 0
  nRHSeval     = 37
  nnLinIt      = 34
  nConvfail    = 0
  nLinsetups   = 9
  nJeval       = 1
  nLinIt       = 0
  nLinConvfail = 0
  nLinRHSeval  = 0
  nPreceval    = 0
  nPrecsolve   = 0
  [0] integrating 32768 cells 
 Setting cvode tolerances with TypVals rtol = 1e-06 atolfact = 1e-05 in PelePhysics 

Final Statistics:
  nSteps       = 29
  nErrtf       = 0
  nRHSeval     = 37
  nnLinIt      = 34
  nConvfail    = 0
  nLinsetups   = 9
  nJeval       = 1
  nLinIt       = 0
  nLinConvfail = 0
  nLinRHSeval  = 0
  nPreceval    = 0
  nPrecsolve   = 0
  [0] integrating 32768 cells 
 Setting cvode tolerances with TypVals rtol = 1e-06 atolfact = 1e-05 in PelePhysics 

Final Statistics:
  nSteps       = 36
  nErrtf       = 0
  nRHSeval     = 45
  nnLinIt      = 42
  nConvfail    = 0
  nLinsetups   = 12
  nJeval       = 1
  nLinIt       = 0
  nLinConvfail = 0
  nLinRHSeval  = 0
  nPreceval    = 0
  nPrecsolve   = 0
  [0] integrating 32768 cells 
 Setting cvode tolerances with TypVals rtol = 1e-06 atolfact = 1e-05 in PelePhysics 

Final Statistics:
  nSteps       = 36
  nErrtf       = 0
  nRHSeval     = 45
  nnLinIt      = 42
  nConvfail    = 0
  nLinsetups   = 12
  nJeval       = 1
  nLinIt       = 0
  nLinConvfail = 0
  nLinRHSeval  = 0
  nPreceval    = 0
  nPrecsolve   = 0
  [0] integrating 32768 cells 
 Setting cvode tolerances with TypVals rtol = 1e-06 atolfact = 1e-05 in PelePhysics 

Final Statistics:
  nSteps       = 36
  nErrtf       = 0
  nRHSeval     = 45
  nnLinIt      = 42
  nConvfail    = 0
  nLinsetups   = 12
  nJeval       = 1
  nLinIt       = 0
  nLinConvfail = 0
  nLinRHSeval  = 0
  nPreceval    = 0
  nPrecsolve   = 0
  [0] integrating 32768 cells 
 Setting cvode tolerances with TypVals rtol = 1e-06 atolfact = 1e-05 in PelePhysics 

Final Statistics:
  nSteps       = 36
  nErrtf       = 0
  nRHSeval     = 45
  nnLinIt      = 42
  nConvfail    = 0
  nLinsetups   = 12
  nJeval       = 1
  nLinIt       = 0
  nLinConvfail = 0
  nLinRHSeval  = 0
  nPreceval    = 0
  nPrecsolve   = 0
  [0] integrating 32768 cells 
 Setting cvode tolerances with TypVals rtol = 1e-06 atolfact = 1e-05 in PelePhysics 

Final Statistics:
  nSteps       = 51
  nErrtf       = 0
  nRHSeval     = 62
  nnLinIt      = 59
  nConvfail    = 0
  nLinsetups   = 11
  nJeval       = 1
  nLinIt       = 0
  nLinConvfail = 0
  nLinRHSeval  = 0
  nPreceval    = 0
  nPrecsolve   = 0
  [0] integrating 32768 cells 
 Setting cvode tolerances with TypVals rtol = 1e-06 atolfact = 1e-05 in PelePhysics 

Final Statistics:
  nSteps       = 51
  nErrtf       = 0
  nRHSeval     = 62
  nnLinIt      = 59
  nConvfail    = 0
  nLinsetups   = 11
  nJeval       = 1
  nLinIt       = 0
  nLinConvfail = 0
  nLinRHSeval  = 0
  nPreceval    = 0
  nPrecsolve   = 0
  [0] integrating 32768 cells 
 Setting cvode tolerances with TypVals rtol = 1e-06 atolfact = 1e-05 in PelePhysics 

Final Statistics:
  nSteps       = 51
  nErrtf       = 0
  nRHSeval     = 62
  nnLinIt      = 59
  nConvfail    = 0
  nLinsetups   = 11
  nJeval       = 1
  nLinIt       = 0
  nLinConvfail = 0
  nLinRHSeval  = 0
  nPreceval    = 0
  nPrecsolve   = 0
  [0] integrating 32768 cells 
 Setting cvode tolerances with TypVals rtol = 1e-06 atolfact = 1e-05 in PelePhysics 

Final Statistics:
  nSteps       = 51
  nErrtf       = 0
  nRHSeval     = 62
  nnLinIt      = 59
  nConvfail    = 0
  nLinsetups   = 11
  nJeval       = 1
  nLinIt       = 0
  nLinConvfail = 0
  nLinRHSeval  = 0
  nPreceval    = 0
  nPrecsolve   = 0
  [0] integrating 32768 cells 
 Setting cvode tolerances with TypVals rtol = 1e-06 atolfact = 1e-05 in PelePhysics 

Final Statistics:
  nSteps       = 85
  nErrtf       = 2
  nRHSeval     = 109
  nnLinIt      = 106
  nConvfail    = 1
  nLinsetups   = 14
  nJeval       = 3
  nLinIt       = 0
  nLinConvfail = 0
  nLinRHSeval  = 0
  nPreceval    = 0
  nPrecsolve   = 0
  [0] integrating 32768 cells 
 Setting cvode tolerances with TypVals rtol = 1e-06 atolfact = 1e-05 in PelePhysics 

Final Statistics:
  nSteps       = 85
  nErrtf       = 2
  nRHSeval     = 109
  nnLinIt      = 106
  nConvfail    = 1
  nLinsetups   = 14
  nJeval       = 3
  nLinIt       = 0
  nLinConvfail = 0
  nLinRHSeval  = 0
  nPreceval    = 0
  nPrecsolve   = 0
  [0] integrating 32768 cells 
 Setting cvode tolerances with TypVals rtol = 1e-06 atolfact = 1e-05 in PelePhysics 

Final Statistics:
  nSteps       = 85
  nErrtf       = 2
  nRHSeval     = 109
  nnLinIt      = 106
  nConvfail    = 1
  nLinsetups   = 14
  nJeval       = 3
  nLinIt       = 0
  nLinConvfail = 0
  nLinRHSeval  = 0
  nPreceval    = 0
  nPrecsolve   = 0
  [0] integrating 32768 cells 
 Setting cvode tolerances with TypVals rtol = 1e-06 atolfact = 1e-05 in PelePhysics 

Final Statistics:
  nSteps       = 85
  nErrtf       = 2
  nRHSeval     = 109
  nnLinIt      = 106
  nConvfail    = 1
  nLinsetups   = 14
  nJeval       = 3
  nLinIt       = 0
  nLinConvfail = 0
  nLinRHSeval  = 0
  nPreceval    = 0
  nPrecsolve   = 0
  [0] integrating 32768 cells 
 Setting cvode tolerances with TypVals rtol = 1e-06 atolfact = 1e-05 in PelePhysics 

Final Statistics:
  nSteps       = 29
  nErrtf       = 0
  nRHSeval     = 37
  nnLinIt      = 34
  nConvfail    = 0
  nLinsetups   = 9
  nJeval       = 1
  nLinIt       = 0
  nLinConvfail = 0
  nLinRHSeval  = 0
  nPreceval    = 0
  nPrecsolve   = 0
  [0] integrating 32768 cells 
 Setting cvode tolerances with TypVals rtol = 1e-06 atolfact = 1e-05 in PelePhysics 

Final Statistics:
  nSteps       = 29
  nErrtf       = 0
  nRHSeval     = 37
  nnLinIt      = 34
  nConvfail    = 0
  nLinsetups   = 9
  nJeval       = 1
  nLinIt       = 0
  nLinConvfail = 0
  nLinRHSeval  = 0
  nPreceval    = 0
  nPrecsolve   = 0
  [0] integrating 32768 cells 
 Setting cvode tolerances with TypVals rtol = 1e-06 atolfact = 1e-05 in PelePhysics 

Final Statistics:
  nSteps       = 29
  nErrtf       = 0
  nRHSeval     = 37
  nnLinIt      = 34
  nConvfail    = 0
  nLinsetups   = 9
  nJeval       = 1
  nLinIt       = 0
  nLinConvfail = 0
  nLinRHSeval  = 0
  nPreceval    = 0
  nPrecsolve   = 0
  [0] integrating 32768 cells 
 Setting cvode tolerances with TypVals rtol = 1e-06 atolfact = 1e-05 in PelePhysics 

Final Statistics:
  nSteps       = 29
  nErrtf       = 0
  nRHSeval     = 37
  nnLinIt      = 34
  nConvfail    = 0
  nLinsetups   = 9
  nJeval       = 1
  nLinIt       = 0
  nLinConvfail = 0
  nLinRHSeval  = 0
  nPreceval    = 0
  nPrecsolve   = 0
  [0] integrating 32768 cells 
 Setting cvode tolerances with TypVals rtol = 1e-06 atolfact = 1e-05 in PelePhysics 

Final Statistics:
  nSteps       = 36
  nErrtf       = 0
  nRHSeval     = 45
  nnLinIt      = 42
  nConvfail    = 0
  nLinsetups   = 12
  nJeval       = 1
  nLinIt       = 0
  nLinConvfail = 0
  nLinRHSeval  = 0
  nPreceval    = 0
  nPrecsolve   = 0
  [0] integrating 32768 cells 
 Setting cvode tolerances with TypVals rtol = 1e-06 atolfact = 1e-05 in PelePhysics 

Final Statistics:
  nSteps       = 36
  nErrtf       = 0
  nRHSeval     = 45
  nnLinIt      = 42
  nConvfail    = 0
  nLinsetups   = 12
  nJeval       = 1
  nLinIt       = 0
  nLinConvfail = 0
  nLinRHSeval  = 0
  nPreceval    = 0
  nPrecsolve   = 0
  [0] integrating 32768 cells 
 Setting cvode tolerances with TypVals rtol = 1e-06 atolfact = 1e-05 in PelePhysics 

Final Statistics:
  nSteps       = 36
  nErrtf       = 0
  nRHSeval     = 45
  nnLinIt      = 42
  nConvfail    = 0
  nLinsetups   = 12
  nJeval       = 1
  nLinIt       = 0
  nLinConvfail = 0
  nLinRHSeval  = 0
  nPreceval    = 0
  nPrecsolve   = 0
  [0] integrating 32768 cells 
 Setting cvode tolerances with TypVals rtol = 1e-06 atolfact = 1e-05 in PelePhysics 

Final Statistics:
  nSteps       = 36
  nErrtf       = 0
  nRHSeval     = 45
  nnLinIt      = 42
  nConvfail    = 0
  nLinsetups   = 12
  nJeval       = 1
  nLinIt       = 0
  nLinConvfail = 0
  nLinRHSeval  = 0
  nPreceval    = 0
  nPrecsolve   = 0
  [0] integrating 32768 cells 
 Setting cvode tolerances with TypVals rtol = 1e-06 atolfact = 1e-05 in PelePhysics 

Final Statistics:
  nSteps       = 51
  nErrtf       = 0
  nRHSeval     = 62
  nnLinIt      = 59
  nConvfail    = 0
  nLinsetups   = 11
  nJeval       = 1
  nLinIt       = 0
  nLinConvfail = 0
  nLinRHSeval  = 0
  nPreceval    = 0
  nPrecsolve   = 0
  [0] integrating 32768 cells 
 Setting cvode tolerances with TypVals rtol = 1e-06 atolfact = 1e-05 in PelePhysics 

Final Statistics:
  nSteps       = 51
  nErrtf       = 0
  nRHSeval     = 62
  nnLinIt      = 59
  nConvfail    = 0
  nLinsetups   = 11
  nJeval       = 1
  nLinIt       = 0
  nLinConvfail = 0
  nLinRHSeval  = 0
  nPreceval    = 0
  nPrecsolve   = 0
  [0] integrating 32768 cells 
 Setting cvode tolerances with TypVals rtol = 1e-06 atolfact = 1e-05 in PelePhysics 

Final Statistics:
  nSteps       = 51
  nErrtf       = 0
  nRHSeval     = 62
  nnLinIt      = 59
  nConvfail    = 0
  nLinsetups   = 11
  nJeval       = 1
  nLinIt       = 0
  nLinConvfail = 0
  nLinRHSeval  = 0
  nPreceval    = 0
  nPrecsolve   = 0
  [0] integrating 32768 cells 
 Setting cvode tolerances with TypVals rtol = 1e-06 atolfact = 1e-05 in PelePhysics 

Final Statistics:
  nSteps       = 51
  nErrtf       = 0
  nRHSeval     = 62
  nnLinIt      = 59
  nConvfail    = 0
  nLinsetups   = 11
  nJeval       = 1
  nLinIt       = 0
  nLinConvfail = 0
  nLinRHSeval  = 0
  nPreceval    = 0
  nPrecsolve   = 0
  [0] integrating 32768 cells 
 Setting cvode tolerances with TypVals rtol = 1e-06 atolfact = 1e-05 in PelePhysics 

Final Statistics:
  nSteps       = 85
  nErrtf       = 2
  nRHSeval     = 109
  nnLinIt      = 106
  nConvfail    = 1
  nLinsetups   = 14
  nJeval       = 3
  nLinIt       = 0
  nLinConvfail = 0
  nLinRHSeval  = 0
  nPreceval    = 0
  nPrecsolve   = 0
  [0] integrating 32768 cells 
 Setting cvode tolerances with TypVals rtol = 1e-06 atolfact = 1e-05 in PelePhysics 

Final Statistics:
  nSteps       = 85
  nErrtf       = 2
  nRHSeval     = 109
  nnLinIt      = 106
  nConvfail    = 1
  nLinsetups   = 14
  nJeval       = 3
  nLinIt       = 0
  nLinConvfail = 0
  nLinRHSeval  = 0
  nPreceval    = 0
  nPrecsolve   = 0
  [0] integrating 32768 cells 
 Setting cvode tolerances with TypVals rtol = 1e-06 atolfact = 1e-05 in PelePhysics 

Final Statistics:
  nSteps       = 85
  nErrtf       = 2
  nRHSeval     = 109
  nnLinIt      = 106
  nConvfail    = 1
  nLinsetups   = 14
  nJeval       = 3
  nLinIt       = 0
  nLinConvfail = 0
  nLinRHSeval  = 0
  nPreceval    = 0
  nPrecsolve   = 0
  [0] integrating 32768 cells 
 Setting cvode tolerances with TypVals rtol = 1e-06 atolfact = 1e-05 in PelePhysics 

Final Statistics:
  nSteps       = 85
  nErrtf       = 2
  nRHSeval     = 109
  nnLinIt      = 106
  nConvfail    = 1
  nLinsetups   = 14
  nJeval       = 3
  nLinIt       = 0
  nLinConvfail = 0
  nLinRHSeval  = 0
  nPreceval    = 0
  nPrecsolve   = 0
  [0] integrating 32768 cells 
 Setting cvode tolerances with TypVals rtol = 1e-06 atolfact = 1e-05 in PelePhysics 

Final Statistics:
  nSteps       = 29
  nErrtf       = 0
  nRHSeval     = 37
  nnLinIt      = 34
  nConvfail    = 0
  nLinsetups   = 9
  nJeval       = 1
  nLinIt       = 0
  nLinConvfail = 0
  nLinRHSeval  = 0
  nPreceval    = 0
  nPrecsolve   = 0
  [0] integrating 32768 cells 
 Setting cvode tolerances with TypVals rtol = 1e-06 atolfact = 1e-05 in PelePhysics 

Final Statistics:
  nSteps       = 29
  nErrtf       = 0
  nRHSeval     = 37
  nnLinIt      = 34
  nConvfail    = 0
  nLinsetups   = 9
  nJeval       = 1
  nLinIt       = 0
  nLinConvfail = 0
  nLinRHSeval  = 0
  nPreceval    = 0
  nPrecsolve   = 0
  [0] integrating 32768 cells 
 Setting cvode tolerances with TypVals rtol = 1e-06 atolfact = 1e-05 in PelePhysics 

Final Statistics:
  nSteps       = 29
  nErrtf       = 0
  nRHSeval     = 37
  nnLinIt      = 34
  nConvfail    = 0
  nLinsetups   = 9
  nJeval       = 1
  nLinIt       = 0
  nLinConvfail = 0
  nLinRHSeval  = 0
  nPreceval    = 0
  nPrecsolve   = 0
  [0] integrating 32768 cells 
 Setting cvode tolerances with TypVals rtol = 1e-06 atolfact = 1e-05 in PelePhysics 

Final Statistics:
  nSteps       = 29
  nErrtf       = 0
  nRHSeval     = 37
  nnLinIt      = 34
  nConvfail    = 0
  nLinsetups   = 9
  nJeval       = 1
  nLinIt       = 0
  nLinConvfail = 0
  nLinRHSeval  = 0
  nPreceval    = 0
  nPrecsolve   = 0
  [0] integrating 32768 cells 
 Setting cvode tolerances with TypVals rtol = 1e-06 atolfact = 1e-05 in PelePhysics 

Final Statistics:
  nSteps       = 36
  nErrtf       = 0
  nRHSeval     = 45
  nnLinIt      = 42
  nConvfail    = 0
  nLinsetups   = 12
  nJeval       = 1
  nLinIt       = 0
  nLinConvfail = 0
  nLinRHSeval  = 0
  nPreceval    = 0
  nPrecsolve   = 0
  [0] integrating 32768 cells 
 Setting cvode tolerances with TypVals rtol = 1e-06 atolfact = 1e-05 in PelePhysics 

Final Statistics:
  nSteps       = 36
  nErrtf       = 0
  nRHSeval     = 45
  nnLinIt      = 42
  nConvfail    = 0
  nLinsetups   = 12
  nJeval       = 1
  nLinIt       = 0
  nLinConvfail = 0
  nLinRHSeval  = 0
  nPreceval    = 0
  nPrecsolve   = 0
  [0] integrating 32768 cells 
 Setting cvode tolerances with TypVals rtol = 1e-06 atolfact = 1e-05 in PelePhysics 

Final Statistics:
  nSteps       = 36
  nErrtf       = 0
  nRHSeval     = 45
  nnLinIt      = 42
  nConvfail    = 0
  nLinsetups   = 12
  nJeval       = 1
  nLinIt       = 0
  nLinConvfail = 0
  nLinRHSeval  = 0
  nPreceval    = 0
  nPrecsolve   = 0
  [0] integrating 32768 cells 
 Setting cvode tolerances with TypVals rtol = 1e-06 atolfact = 1e-05 in PelePhysics 

Final Statistics:
  nSteps       = 36
  nErrtf       = 0
  nRHSeval     = 45
  nnLinIt      = 42
  nConvfail    = 0
  nLinsetups   = 12
  nJeval       = 1
  nLinIt       = 0
  nLinConvfail = 0
  nLinRHSeval  = 0
  nPreceval    = 0
  nPrecsolve   = 0
  [0] integrating 32768 cells 
 Setting cvode tolerances with TypVals rtol = 1e-06 atolfact = 1e-05 in PelePhysics 

Final Statistics:
  nSteps       = 51
  nErrtf       = 0
  nRHSeval     = 62
  nnLinIt      = 59
  nConvfail    = 0
  nLinsetups   = 11
  nJeval       = 1
  nLinIt       = 0
  nLinConvfail = 0
  nLinRHSeval  = 0
  nPreceval    = 0
  nPrecsolve   = 0
  [0] integrating 32768 cells 
 Setting cvode tolerances with TypVals rtol = 1e-06 atolfact = 1e-05 in PelePhysics 

Final Statistics:
  nSteps       = 51
  nErrtf       = 0
  nRHSeval     = 62
  nnLinIt      = 59
  nConvfail    = 0
  nLinsetups   = 11
  nJeval       = 1
  nLinIt       = 0
  nLinConvfail = 0
  nLinRHSeval  = 0
  nPreceval    = 0
  nPrecsolve   = 0
  [0] integrating 32768 cells 
 Setting cvode tolerances with TypVals rtol = 1e-06 atolfact = 1e-05 in PelePhysics 

Final Statistics:
  nSteps       = 51
  nErrtf       = 0
  nRHSeval     = 62
  nnLinIt      = 59
  nConvfail    = 0
  nLinsetups   = 11
  nJeval       = 1
  nLinIt       = 0
  nLinConvfail = 0
  nLinRHSeval  = 0
  nPreceval    = 0
  nPrecsolve   = 0
  [0] integrating 32768 cells 
 Setting cvode tolerances with TypVals rtol = 1e-06 atolfact = 1e-05 in PelePhysics 

Final Statistics:
  nSteps       = 51
  nErrtf       = 0
  nRHSeval     = 62
  nnLinIt      = 59
  nConvfail    = 0
  nLinsetups   = 11
  nJeval       = 1
  nLinIt       = 0
  nLinConvfail = 0
  nLinRHSeval  = 0
  nPreceval    = 0
  nPrecsolve   = 0
  [0] integrating 32768 cells 
 Setting cvode tolerances with TypVals rtol = 1e-06 atolfact = 1e-05 in PelePhysics 

Final Statistics:
  nSteps       = 85
  nErrtf       = 2
  nRHSeval     = 109
  nnLinIt      = 106
  nConvfail    = 1
  nLinsetups   = 14
  nJeval       = 3
  nLinIt       = 0
  nLinConvfail = 0
  nLinRHSeval  = 0
  nPreceval    = 0
  nPrecsolve   = 0
  [0] integrating 32768 cells 
 Setting cvode tolerances with TypVals rtol = 1e-06 atolfact = 1e-05 in PelePhysics 

Final Statistics:
  nSteps       = 85
  nErrtf       = 2
  nRHSeval     = 109
  nnLinIt      = 106
  nConvfail    = 1
  nLinsetups   = 14
  nJeval       = 3
  nLinIt       = 0
  nLinConvfail = 0
  nLinRHSeval  = 0
  nPreceval    = 0
  nPrecsolve   = 0
  [0] integrating 32768 cells 
 Setting cvode tolerances with TypVals rtol = 1e-06 atolfact = 1e-05 in PelePhysics 

Final Statistics:
  nSteps       = 85
  nErrtf       = 2
  nRHSeval     = 109
  nnLinIt      = 106
  nConvfail    = 1
  nLinsetups   = 14
  nJeval       = 3
  nLinIt       = 0
  nLinConvfail = 0
  nLinRHSeval  = 0
  nPreceval    = 0
  nPrecsolve   = 0
  [0] integrating 32768 cells 
 Setting cvode tolerances with TypVals rtol = 1e-06 atolfact = 1e-05 in PelePhysics 

Final Statistics:
  nSteps       = 85
  nErrtf       = 2
  nRHSeval     = 109
  nnLinIt      = 106
  nConvfail    = 1
  nLinsetups   = 14
  nJeval       = 3
  nLinIt       = 0
  nLinConvfail = 0
  nLinRHSeval  = 0
  nPreceval    = 0
  nPrecsolve   = 0
  [0] integrating 32768 cells 
 Setting cvode tolerances with TypVals rtol = 1e-06 atolfact = 1e-05 in PelePhysics 

Final Statistics:
  nSteps       = 29
  nErrtf       = 0
  nRHSeval     = 37
  nnLinIt      = 34
  nConvfail    = 0
  nLinsetups   = 9
  nJeval       = 1
  nLinIt       = 0
  nLinConvfail = 0
  nLinRHSeval  = 0
  nPreceval    = 0
  nPrecsolve   = 0
  [0] integrating 32768 cells 
 Setting cvode tolerances with TypVals rtol = 1e-06 atolfact = 1e-05 in PelePhysics 

Final Statistics:
  nSteps       = 29
  nErrtf       = 0
  nRHSeval     = 37
  nnLinIt      = 34
  nConvfail    = 0
  nLinsetups   = 9
  nJeval       = 1
  nLinIt       = 0
  nLinConvfail = 0
  nLinRHSeval  = 0
  nPreceval    = 0
  nPrecsolve   = 0
  [0] integrating 32768 cells 
 Setting cvode tolerances with TypVals rtol = 1e-06 atolfact = 1e-05 in PelePhysics 

Final Statistics:
  nSteps       = 29
  nErrtf       = 0
  nRHSeval     = 37
  nnLinIt      = 34
  nConvfail    = 0
  nLinsetups   = 9
  nJeval       = 1
  nLinIt       = 0
  nLinConvfail = 0
  nLinRHSeval  = 0
  nPreceval    = 0
  nPrecsolve   = 0
  [0] integrating 32768 cells 
 Setting cvode tolerances with TypVals rtol = 1e-06 atolfact = 1e-05 in PelePhysics 

Final Statistics:
  nSteps       = 29
  nErrtf       = 0
  nRHSeval     = 37
  nnLinIt      = 34
  nConvfail    = 0
  nLinsetups   = 9
  nJeval       = 1
  nLinIt       = 0
  nLinConvfail = 0
  nLinRHSeval  = 0
  nPreceval    = 0
  nPrecsolve   = 0
  [0] integrating 32768 cells 
 Setting cvode tolerances with TypVals rtol = 1e-06 atolfact = 1e-05 in PelePhysics 

Final Statistics:
  nSteps       = 36
  nErrtf       = 0
  nRHSeval     = 45
  nnLinIt      = 42
  nConvfail    = 0
  nLinsetups   = 12
  nJeval       = 1
  nLinIt       = 0
  nLinConvfail = 0
  nLinRHSeval  = 0
  nPreceval    = 0
  nPrecsolve   = 0
  [0] integrating 32768 cells 
 Setting cvode tolerances with TypVals rtol = 1e-06 atolfact = 1e-05 in PelePhysics 

Final Statistics:
  nSteps       = 36
  nErrtf       = 0
  nRHSeval     = 45
  nnLinIt      = 42
  nConvfail    = 0
  nLinsetups   = 12
  nJeval       = 1
  nLinIt       = 0
  nLinConvfail = 0
  nLinRHSeval  = 0
  nPreceval    = 0
  nPrecsolve   = 0
  [0] integrating 32768 cells 
 Setting cvode tolerances with TypVals rtol = 1e-06 atolfact = 1e-05 in PelePhysics 

Final Statistics:
  nSteps       = 36
  nErrtf       = 0
  nRHSeval     = 45
  nnLinIt      = 42
  nConvfail    = 0
  nLinsetups   = 12
  nJeval       = 1
  nLinIt       = 0
  nLinConvfail = 0
  nLinRHSeval  = 0
  nPreceval    = 0
  nPrecsolve   = 0
  [0] integrating 32768 cells 
 Setting cvode tolerances with TypVals rtol = 1e-06 atolfact = 1e-05 in PelePhysics 

Final Statistics:
  nSteps       = 36
  nErrtf       = 0
  nRHSeval     = 45
  nnLinIt      = 42
  nConvfail    = 0
  nLinsetups   = 12
  nJeval       = 1
  nLinIt       = 0
  nLinConvfail = 0
  nLinRHSeval  = 0
  nPreceval    = 0
  nPrecsolve   = 0
  [0] integrating 32768 cells 
 Setting cvode tolerances with TypVals rtol = 1e-06 atolfact = 1e-05 in PelePhysics 

Final Statistics:
  nSteps       = 51
  nErrtf       = 0
  nRHSeval     = 62
  nnLinIt      = 59
  nConvfail    = 0
  nLinsetups   = 11
  nJeval       = 1
  nLinIt       = 0
  nLinConvfail = 0
  nLinRHSeval  = 0
  nPreceval    = 0
  nPrecsolve   = 0
  [0] integrating 32768 cells 
 Setting cvode tolerances with TypVals rtol = 1e-06 atolfact = 1e-05 in PelePhysics 

Final Statistics:
  nSteps       = 51
  nErrtf       = 0
  nRHSeval     = 62
  nnLinIt      = 59
  nConvfail    = 0
  nLinsetups   = 11
  nJeval       = 1
  nLinIt       = 0
  nLinConvfail = 0
  nLinRHSeval  = 0
  nPreceval    = 0
  nPrecsolve   = 0
  [0] integrating 32768 cells 
 Setting cvode tolerances with TypVals rtol = 1e-06 atolfact = 1e-05 in PelePhysics 

Final Statistics:
  nSteps       = 51
  nErrtf       = 0
  nRHSeval     = 62
  nnLinIt      = 59
  nConvfail    = 0
  nLinsetups   = 11
  nJeval       = 1
  nLinIt       = 0
  nLinConvfail = 0
  nLinRHSeval  = 0
  nPreceval    = 0
  nPrecsolve   = 0
  [0] integrating 32768 cells 
 Setting cvode tolerances with TypVals rtol = 1e-06 atolfact = 1e-05 in PelePhysics 

Final Statistics:
  nSteps       = 51
  nErrtf       = 0
  nRHSeval     = 62
  nnLinIt      = 59
  nConvfail    = 0
  nLinsetups   = 11
  nJeval       = 1
  nLinIt       = 0
  nLinConvfail = 0
  nLinRHSeval  = 0
  nPreceval    = 0
  nPrecsolve   = 0
  [0] integrating 32768 cells 
 Setting cvode tolerances with TypVals rtol = 1e-06 atolfact = 1e-05 in PelePhysics 

Final Statistics:
  nSteps       = 85
  nErrtf       = 2
  nRHSeval     = 109
  nnLinIt      = 106
  nConvfail    = 1
  nLinsetups   = 14
  nJeval       = 3
  nLinIt       = 0
  nLinConvfail = 0
  nLinRHSeval  = 0
  nPreceval    = 0
  nPrecsolve   = 0
  [0] integrating 32768 cells 
 Setting cvode tolerances with TypVals rtol = 1e-06 atolfact = 1e-05 in PelePhysics 

Final Statistics:
  nSteps       = 85
  nErrtf       = 2
  nRHSeval     = 109
  nnLinIt      = 106
  nConvfail    = 1
  nLinsetups   = 14
  nJeval       = 3
  nLinIt       = 0
  nLinConvfail = 0
  nLinRHSeval  = 0
  nPreceval    = 0
  nPrecsolve   = 0
  [0] integrating 32768 cells 
 Setting cvode tolerances with TypVals rtol = 1e-06 atolfact = 1e-05 in PelePhysics 

Final Statistics:
  nSteps       = 85
  nErrtf       = 2
  nRHSeval     = 109
  nnLinIt      = 106
  nConvfail    = 1
  nLinsetups   = 14
  nJeval       = 3
  nLinIt       = 0
  nLinConvfail = 0
  nLinRHSeval  = 0
  nPreceval    = 0
  nPrecsolve   = 0
  [0] integrating 32768 cells 
 Setting cvode tolerances with TypVals rtol = 1e-06 atolfact = 1e-05 in PelePhysics 

Final Statistics:
  nSteps       = 85
  nErrtf       = 2
  nRHSeval     = 109
  nnLinIt      = 106
  nConvfail    = 1
  nLinsetups   = 14
  nJeval       = 3
  nLinIt       = 0
  nLinConvfail = 0
  nLinRHSeval  = 0
  nPreceval    = 0
  nPrecsolve   = 0
  [0] integrating 32768 cells 
 Setting cvode tolerances with TypVals rtol = 1e-06 atolfact = 1e-05 in PelePhysics 

Final Statistics:
  nSteps       = 29
  nErrtf       = 0
  nRHSeval     = 37
  nnLinIt      = 34
  nConvfail    = 0
  nLinsetups   = 9
  nJeval       = 1
  nLinIt       = 0
  nLinConvfail = 0
  nLinRHSeval  = 0
  nPreceval    = 0
  nPrecsolve   = 0
  [0] integrating 32768 cells 
 Setting cvode tolerances with TypVals rtol = 1e-06 atolfact = 1e-05 in PelePhysics 

Final Statistics:
  nSteps       = 29
  nErrtf       = 0
  nRHSeval     = 37
  nnLinIt      = 34
  nConvfail    = 0
  nLinsetups   = 9
  nJeval       = 1
  nLinIt       = 0
  nLinConvfail = 0
  nLinRHSeval  = 0
  nPreceval    = 0
  nPrecsolve   = 0
  [0] integrating 32768 cells 
 Setting cvode tolerances with TypVals rtol = 1e-06 atolfact = 1e-05 in PelePhysics 

Final Statistics:
  nSteps       = 29
  nErrtf       = 0
  nRHSeval     = 37
  nnLinIt      = 34
  nConvfail    = 0
  nLinsetups   = 9
  nJeval       = 1
  nLinIt       = 0
  nLinConvfail = 0
  nLinRHSeval  = 0
  nPreceval    = 0
  nPrecsolve   = 0
  [0] integrating 32768 cells 
 Setting cvode tolerances with TypVals rtol = 1e-06 atolfact = 1e-05 in PelePhysics 

Final Statistics:
  nSteps       = 29
  nErrtf       = 0
  nRHSeval     = 37
  nnLinIt      = 34
  nConvfail    = 0
  nLinsetups   = 9
  nJeval       = 1
  nLinIt       = 0
  nLinConvfail = 0
  nLinRHSeval  = 0
  nPreceval    = 0
  nPrecsolve   = 0
  [0] integrating 32768 cells 
 Setting cvode tolerances with TypVals rtol = 1e-06 atolfact = 1e-05 in PelePhysics 

Final Statistics:
  nSteps       = 36
  nErrtf       = 0
  nRHSeval     = 45
  nnLinIt      = 42
  nConvfail    = 0
  nLinsetups   = 12
  nJeval       = 1
  nLinIt       = 0
  nLinConvfail = 0
  nLinRHSeval  = 0
  nPreceval    = 0
  nPrecsolve   = 0
  [0] integrating 32768 cells 
 Setting cvode tolerances with TypVals rtol = 1e-06 atolfact = 1e-05 in PelePhysics 

Final Statistics:
  nSteps       = 36
  nErrtf       = 0
  nRHSeval     = 45
  nnLinIt      = 42
  nConvfail    = 0
  nLinsetups   = 12
  nJeval       = 1
  nLinIt       = 0
  nLinConvfail = 0
  nLinRHSeval  = 0
  nPreceval    = 0
  nPrecsolve   = 0
  [0] integrating 32768 cells 
 Setting cvode tolerances with TypVals rtol = 1e-06 atolfact = 1e-05 in PelePhysics 

Final Statistics:
  nSteps       = 36
  nErrtf       = 0
  nRHSeval     = 45
  nnLinIt      = 42
  nConvfail    = 0
  nLinsetups   = 12
  nJeval       = 1
  nLinIt       = 0
  nLinConvfail = 0
  nLinRHSeval  = 0
  nPreceval    = 0
  nPrecsolve   = 0
  [0] integrating 32768 cells 
 Setting cvode tolerances with TypVals rtol = 1e-06 atolfact = 1e-05 in PelePhysics 

Final Statistics:
  nSteps       = 36
  nErrtf       = 0
  nRHSeval     = 45
  nnLinIt      = 42
  nConvfail    = 0
  nLinsetups   = 12
  nJeval       = 1
  nLinIt       = 0
  nLinConvfail = 0
  nLinRHSeval  = 0
  nPreceval    = 0
  nPrecsolve   = 0
  [0] integrating 32768 cells 
 Setting cvode tolerances with TypVals rtol = 1e-06 atolfact = 1e-05 in PelePhysics 

Final Statistics:
  nSteps       = 51
  nErrtf       = 0
  nRHSeval     = 62
  nnLinIt      = 59
  nConvfail    = 0
  nLinsetups   = 11
  nJeval       = 1
  nLinIt       = 0
  nLinConvfail = 0
  nLinRHSeval  = 0
  nPreceval    = 0
  nPrecsolve   = 0
  [0] integrating 32768 cells 
 Setting cvode tolerances with TypVals rtol = 1e-06 atolfact = 1e-05 in PelePhysics 

Final Statistics:
  nSteps       = 51
  nErrtf       = 0
  nRHSeval     = 62
  nnLinIt      = 59
  nConvfail    = 0
  nLinsetups   = 11
  nJeval       = 1
  nLinIt       = 0
  nLinConvfail = 0
  nLinRHSeval  = 0
  nPreceval    = 0
  nPrecsolve   = 0
  [0] integrating 32768 cells 
 Setting cvode tolerances with TypVals rtol = 1e-06 atolfact = 1e-05 in PelePhysics 

Final Statistics:
  nSteps       = 51
  nErrtf       = 0
  nRHSeval     = 62
  nnLinIt      = 59
  nConvfail    = 0
  nLinsetups   = 11
  nJeval       = 1
  nLinIt       = 0
  nLinConvfail = 0
  nLinRHSeval  = 0
  nPreceval    = 0
  nPrecsolve   = 0
  [0] integrating 32768 cells 
 Setting cvode tolerances with TypVals rtol = 1e-06 atolfact = 1e-05 in PelePhysics 

Final Statistics:
  nSteps       = 51
  nErrtf       = 0
  nRHSeval     = 62
  nnLinIt      = 59
  nConvfail    = 0
  nLinsetups   = 11
  nJeval       = 1
  nLinIt       = 0
  nLinConvfail = 0
  nLinRHSeval  = 0
  nPreceval    = 0
  nPrecsolve   = 0
  [0] integrating 32768 cells 
 Setting cvode tolerances with TypVals rtol = 1e-06 atolfact = 1e-05 in PelePhysics 

Final Statistics:
  nSteps       = 85
  nErrtf       = 2
  nRHSeval     = 109
  nnLinIt      = 106
  nConvfail    = 1
  nLinsetups   = 14
  nJeval       = 3
  nLinIt       = 0
  nLinConvfail = 0
  nLinRHSeval  = 0
  nPreceval    = 0
  nPrecsolve   = 0
  [0] integrating 32768 cells 
 Setting cvode tolerances with TypVals rtol = 1e-06 atolfact = 1e-05 in PelePhysics 

Final Statistics:
  nSteps       = 85
  nErrtf       = 2
  nRHSeval     = 109
  nnLinIt      = 106
  nConvfail    = 1
  nLinsetups   = 14
  nJeval       = 3
  nLinIt       = 0
  nLinConvfail = 0
  nLinRHSeval  = 0
  nPreceval    = 0
  nPrecsolve   = 0
  [0] integrating 32768 cells 
 Setting cvode tolerances with TypVals rtol = 1e-06 atolfact = 1e-05 in PelePhysics 

Final Statistics:
  nSteps       = 85
  nErrtf       = 2
  nRHSeval     = 109
  nnLinIt      = 106
  nConvfail    = 1
  nLinsetups   = 14
  nJeval       = 3
  nLinIt       = 0
  nLinConvfail = 0
  nLinRHSeval  = 0
  nPreceval    = 0
  nPrecsolve   = 0
  [0] integrating 32768 cells 
 Setting cvode tolerances with TypVals rtol = 1e-06 atolfact = 1e-05 in PelePhysics 

Final Statistics:
  nSteps       = 85
  nErrtf       = 2
  nRHSeval     = 109
  nnLinIt      = 106
  nConvfail    = 1
  nLinsetups   = 14
  nJeval       = 3
  nLinIt       = 0
  nLinConvfail = 0
  nLinRHSeval  = 0
  nPreceval    = 0
  nPrecsolve   = 0
   >> Level 0 advance: 67.67294889
ode.typ_vals= 1e-10 6.117726781e-09 2.865328302e-08 1.290984551e-07 2.060621184e-07 1.721680539e-07 2.74743522e-06 2.658728412e-09 4.476017826e-05 1.160642298e-06 1.12147991e-05 7.967000736e-07 1.812031062e-06 1.540026539e-07 8.215864579e-08 4.959748804e-07 1.707571865e-08 2.958018229e-09 1.067575868e-08 5.693284491e-10 1e-10 1e-10 1e-10 1e-10 1e-10 1e-10 1e-10 1e-10 1e-10 1e-10 1e-10 1e-10 1e-10 1e-10 0.0001371697768 2337.41637 
 
 >> React::main() 68.60998806



TinyProfiler total time across processes [min...avg...max]: 68.63 ... 68.63 ... 68.63

-------------------------------------------------------------------------------------------
Name                                        NCalls  Excl. Min  Excl. Avg  Excl. Max   Max %
-------------------------------------------------------------------------------------------
Pele::ReactorCvode::react():CVode              128      37.46      37.46      37.46  54.59%
Pele::ReactorCvode::cF_RHS()                  8096      22.03      22.03      22.03  32.10%
Pele::ReactorCvode::cJac()                     192      6.504      6.504      6.504   9.48%
Pele::ReactorCvode::react()                    128       1.62       1.62       1.62   2.36%
VisMF::Write(FabArray)                           2     0.7845     0.7845     0.7845   1.14%
WriteMultiLevelPlotfile()                        2    0.06995    0.06995    0.06995   0.10%
Pele::flatten()                                128    0.05546    0.05546    0.05546   0.08%
Pele::ReactorCvode::init()                       1    0.05072    0.05072    0.05072   0.07%
main::main()                                     1    0.02247    0.02247    0.02247   0.03%
main::initialize_data()                          1   0.005797   0.005797   0.005797   0.01%
MultiFab::max()                                 36   0.003365   0.003365   0.003365   0.00%
Advance_Level0                                   1   0.001013   0.001013   0.001013   0.00%
Pele::unflatten()                              128  0.0003344  0.0003344  0.0003344   0.00%
React                                          128   0.000211   0.000211   0.000211   0.00%
FabArray::setVal()                               1  0.0001063  0.0001063  0.0001063   0.00%
main::geometry_setup                             1  8.557e-05  8.557e-05  8.557e-05   0.00%
PlotFile                                         2  4.431e-05  4.431e-05  4.431e-05   0.00%
main::reactor_info()                             1  2.258e-05  2.258e-05  2.258e-05   0.00%
DistributionMapping::SFCProcessorMapDoIt()       1  1.374e-05  1.374e-05  1.374e-05   0.00%
DistributionMapping::Distribute()                1  3.888e-06  3.888e-06  3.888e-06   0.00%
DistributionMapping::LeastUsedCPUs()             1  3.326e-06  3.326e-06  3.326e-06   0.00%
-------------------------------------------------------------------------------------------

-------------------------------------------------------------------------------------------
Name                                        NCalls  Incl. Min  Incl. Avg  Incl. Max   Max %
-------------------------------------------------------------------------------------------
main::main()                                     1      68.61      68.61      68.61  99.98%
Advance_Level0                                   1      67.67      67.67      67.67  98.61%
React                                          128      67.67      67.67      67.67  98.61%
Pele::ReactorCvode::react()                    128      67.67      67.67      67.67  98.61%
Pele::ReactorCvode::react():CVode              128         66         66         66  96.17%
Pele::ReactorCvode::cF_RHS()                  8096      22.03      22.03      22.03  32.10%
Pele::ReactorCvode::cJac()                     192      6.504      6.504      6.504   9.48%
PlotFile                                         2     0.8545     0.8545     0.8545   1.25%
WriteMultiLevelPlotfile()                        2     0.8544     0.8544     0.8544   1.24%
VisMF::Write(FabArray)                           2     0.7845     0.7845     0.7845   1.14%
Pele::flatten()                                128    0.05546    0.05546    0.05546   0.08%
main::reactor_info()                             1    0.05074    0.05074    0.05074   0.07%
Pele::ReactorCvode::init()                       1    0.05072    0.05072    0.05072   0.07%
main::initialize_data()                          1   0.005903   0.005903   0.005903   0.01%
MultiFab::max()                                 36   0.003365   0.003365   0.003365   0.00%
Pele::unflatten()                              128  0.0003344  0.0003344  0.0003344   0.00%
main::geometry_setup                             1  0.0001065  0.0001065  0.0001065   0.00%
FabArray::setVal()                               1  0.0001063  0.0001063  0.0001063   0.00%
DistributionMapping::SFCProcessorMapDoIt()       1  2.095e-05  2.095e-05  2.095e-05   0.00%
DistributionMapping::Distribute()                1  3.888e-06  3.888e-06  3.888e-06   0.00%
DistributionMapping::LeastUsedCPUs()             1  3.326e-06  3.326e-06  3.326e-06   0.00%
-------------------------------------------------------------------------------------------

Unused ParmParse Variables:
  [TOP]::ode.analytical_jacobian(nvals = 1)  :: [0]
  [TOP]::initFile(nvals = 1)  :: [/path/]

Total GPU global memory (MB) spread across MPI: [65520 ... 65520]
Free  GPU global memory (MB) spread across MPI: [16380 ... 16380]
[The         Arena] space (MB) allocated spread across MPI: [49140 ... 49140]
[The         Arena] space (MB) used      spread across MPI: [41 ... 41]
[The Managed Arena] space (MB) allocated spread across MPI: [8 ... 8]
[The Managed Arena] space (MB) used      spread across MPI: [0 ... 0]
[The  Pinned Arena] space (MB) allocated spread across MPI: [26 ... 26]
[The  Pinned Arena] space (MB) used      spread across MPI: [0 ... 0]
AMReX (22.12-21-g2a8c71b8bf42) finalized
