Initializing HIP...
HIP initialized.
Initializing SUNDIALS with 1 threads...
SUNDIALS initialized.
MPI initialized with 1 MPI processes
MPI initialized with thread support level 0
AMReX (22.12-21-g2a8c71b8bf42) initialized
ODE solver: ReactorCvode
Type of reactor: h (PeleLM)
Fuel: CH4, Oxy: O2
Creating ReactorBase instance: ReactorCvode
Number of species in mech is 35
  Using a Ginkgo batched GMRES linear solver with analytical Jacobian
Initializing CVODE:
  Using LDS reductions
Integrating 4194304 cells for: 1e-05 seconds with 1 substeps 
Using user-defined typical values for the absolute tolerances of the ode solver.
Set the typical values for PelePhysics ODE integration:
NC12H26 : 2.60930515e-10
H : 2.497699961e-09
O : 1.55974666e-08
OH : 6.52952975e-08
HO2 : 2.047750538e-07
H2 : 8.074737062e-08
H2O : 1.208521506e-06
H2O2 : 2.903492347e-09
O2 : 4.477368314e-05
CH3 : 1.047535694e-06
CH4 : 1.122171621e-05
CH2O : 6.670332503e-07
CO : 4.831131292e-07
CO2 : 4.842634744e-08
C2H2 : 8.675129173e-09
C2H4 : 2.522642639e-07
C2H6 : 1.811206266e-08
CH2CHO : 6.788374995e-10
aC3H5 : 1.169394584e-09
C3H6 : 1.318410816e-10
C2H3CHO : 1e-10
C4H7 : 1e-10
C4H81 : 1.492187367e-09
C5H9 : 1e-10
C5H10 : 1e-10
C6H12 : 1e-10
C7H14 : 1e-10
C8H16 : 1e-10
C9H18 : 1e-10
PXC9H19 : 3.492130067e-10
C10H20 : 1e-10
C12H24 : 1e-10
C12H25O2 : 1e-10
OC12H23OOH : 1e-10
N2 : 0.0001372037486
Temp : 2259.516367
 
 STARTING THE ADVANCE 
  [0] integrating 262144 cells 
 Setting cvode tolerances with TypVals rtol = 1e-06 atolfact = 1e-05 in PelePhysics 

Final Statistics:
  nSteps       = 40
  nErrtf       = 1
  nRHSeval     = 51
  nnLinIt      = 48
  nConvfail    = 0
  nLinsetups   = 13
  nJeval       = 1
  nLinIt       = 4329
  nLinConvfail = 0
  nLinRHSeval  = 0
  nPreceval    = 0
  nPrecsolve   = 0
  [0] integrating 262144 cells 
 Setting cvode tolerances with TypVals rtol = 1e-06 atolfact = 1e-05 in PelePhysics 

Final Statistics:
  nSteps       = 40
  nErrtf       = 1
  nRHSeval     = 51
  nnLinIt      = 48
  nConvfail    = 0
  nLinsetups   = 13
  nJeval       = 1
  nLinIt       = 4329
  nLinConvfail = 0
  nLinRHSeval  = 0
  nPreceval    = 0
  nPrecsolve   = 0
  [0] integrating 262144 cells 
 Setting cvode tolerances with TypVals rtol = 1e-06 atolfact = 1e-05 in PelePhysics 

Final Statistics:
  nSteps       = 84
  nErrtf       = 3
  nRHSeval     = 109
  nnLinIt      = 106
  nConvfail    = 1
  nLinsetups   = 15
  nJeval       = 3
  nLinIt       = 29290
  nLinConvfail = 0
  nLinRHSeval  = 0
  nPreceval    = 0
  nPrecsolve   = 0
  [0] integrating 262144 cells 
 Setting cvode tolerances with TypVals rtol = 1e-06 atolfact = 1e-05 in PelePhysics 

Final Statistics:
  nSteps       = 84
  nErrtf       = 3
  nRHSeval     = 109
  nnLinIt      = 106
  nConvfail    = 1
  nLinsetups   = 15
  nJeval       = 3
  nLinIt       = 29290
  nLinConvfail = 0
  nLinRHSeval  = 0
  nPreceval    = 0
  nPrecsolve   = 0
  [0] integrating 262144 cells 
 Setting cvode tolerances with TypVals rtol = 1e-06 atolfact = 1e-05 in PelePhysics 

Final Statistics:
  nSteps       = 40
  nErrtf       = 1
  nRHSeval     = 51
  nnLinIt      = 48
  nConvfail    = 0
  nLinsetups   = 13
  nJeval       = 1
  nLinIt       = 4329
  nLinConvfail = 0
  nLinRHSeval  = 0
  nPreceval    = 0
  nPrecsolve   = 0
  [0] integrating 262144 cells 
 Setting cvode tolerances with TypVals rtol = 1e-06 atolfact = 1e-05 in PelePhysics 

Final Statistics:
  nSteps       = 40
  nErrtf       = 1
  nRHSeval     = 51
  nnLinIt      = 48
  nConvfail    = 0
  nLinsetups   = 13
  nJeval       = 1
  nLinIt       = 4329
  nLinConvfail = 0
  nLinRHSeval  = 0
  nPreceval    = 0
  nPrecsolve   = 0
  [0] integrating 262144 cells 
 Setting cvode tolerances with TypVals rtol = 1e-06 atolfact = 1e-05 in PelePhysics 

Final Statistics:
  nSteps       = 84
  nErrtf       = 3
  nRHSeval     = 109
  nnLinIt      = 106
  nConvfail    = 1
  nLinsetups   = 15
  nJeval       = 3
  nLinIt       = 29290
  nLinConvfail = 0
  nLinRHSeval  = 0
  nPreceval    = 0
  nPrecsolve   = 0
  [0] integrating 262144 cells 
 Setting cvode tolerances with TypVals rtol = 1e-06 atolfact = 1e-05 in PelePhysics 

Final Statistics:
  nSteps       = 84
  nErrtf       = 3
  nRHSeval     = 109
  nnLinIt      = 106
  nConvfail    = 1
  nLinsetups   = 15
  nJeval       = 3
  nLinIt       = 29290
  nLinConvfail = 0
  nLinRHSeval  = 0
  nPreceval    = 0
  nPrecsolve   = 0
  [0] integrating 262144 cells 
 Setting cvode tolerances with TypVals rtol = 1e-06 atolfact = 1e-05 in PelePhysics 

Final Statistics:
  nSteps       = 40
  nErrtf       = 1
  nRHSeval     = 51
  nnLinIt      = 48
  nConvfail    = 0
  nLinsetups   = 13
  nJeval       = 1
  nLinIt       = 4329
  nLinConvfail = 0
  nLinRHSeval  = 0
  nPreceval    = 0
  nPrecsolve   = 0
  [0] integrating 262144 cells 
 Setting cvode tolerances with TypVals rtol = 1e-06 atolfact = 1e-05 in PelePhysics 

Final Statistics:
  nSteps       = 40
  nErrtf       = 1
  nRHSeval     = 51
  nnLinIt      = 48
  nConvfail    = 0
  nLinsetups   = 13
  nJeval       = 1
  nLinIt       = 4329
  nLinConvfail = 0
  nLinRHSeval  = 0
  nPreceval    = 0
  nPrecsolve   = 0
  [0] integrating 262144 cells 
 Setting cvode tolerances with TypVals rtol = 1e-06 atolfact = 1e-05 in PelePhysics 

Final Statistics:
  nSteps       = 84
  nErrtf       = 3
  nRHSeval     = 109
  nnLinIt      = 106
  nConvfail    = 1
  nLinsetups   = 15
  nJeval       = 3
  nLinIt       = 29290
  nLinConvfail = 0
  nLinRHSeval  = 0
  nPreceval    = 0
  nPrecsolve   = 0
  [0] integrating 262144 cells 
 Setting cvode tolerances with TypVals rtol = 1e-06 atolfact = 1e-05 in PelePhysics 

Final Statistics:
  nSteps       = 84
  nErrtf       = 3
  nRHSeval     = 109
  nnLinIt      = 106
  nConvfail    = 1
  nLinsetups   = 15
  nJeval       = 3
  nLinIt       = 29290
  nLinConvfail = 0
  nLinRHSeval  = 0
  nPreceval    = 0
  nPrecsolve   = 0
  [0] integrating 262144 cells 
 Setting cvode tolerances with TypVals rtol = 1e-06 atolfact = 1e-05 in PelePhysics 

Final Statistics:
  nSteps       = 40
  nErrtf       = 1
  nRHSeval     = 51
  nnLinIt      = 48
  nConvfail    = 0
  nLinsetups   = 13
  nJeval       = 1
  nLinIt       = 4329
  nLinConvfail = 0
  nLinRHSeval  = 0
  nPreceval    = 0
  nPrecsolve   = 0
  [0] integrating 262144 cells 
 Setting cvode tolerances with TypVals rtol = 1e-06 atolfact = 1e-05 in PelePhysics 

Final Statistics:
  nSteps       = 40
  nErrtf       = 1
  nRHSeval     = 51
  nnLinIt      = 48
  nConvfail    = 0
  nLinsetups   = 13
  nJeval       = 1
  nLinIt       = 4329
  nLinConvfail = 0
  nLinRHSeval  = 0
  nPreceval    = 0
  nPrecsolve   = 0
  [0] integrating 262144 cells 
 Setting cvode tolerances with TypVals rtol = 1e-06 atolfact = 1e-05 in PelePhysics 

Final Statistics:
  nSteps       = 84
  nErrtf       = 3
  nRHSeval     = 109
  nnLinIt      = 106
  nConvfail    = 1
  nLinsetups   = 15
  nJeval       = 3
  nLinIt       = 29290
  nLinConvfail = 0
  nLinRHSeval  = 0
  nPreceval    = 0
  nPrecsolve   = 0
  [0] integrating 262144 cells 
 Setting cvode tolerances with TypVals rtol = 1e-06 atolfact = 1e-05 in PelePhysics 

Final Statistics:
  nSteps       = 84
  nErrtf       = 3
  nRHSeval     = 109
  nnLinIt      = 106
  nConvfail    = 1
  nLinsetups   = 15
  nJeval       = 3
  nLinIt       = 29290
  nLinConvfail = 0
  nLinRHSeval  = 0
  nPreceval    = 0
  nPrecsolve   = 0
   >> Level 0 advance: 98.49407472
ode.typ_vals= 1e-10 6.1179423e-09 2.86540827e-08 1.291020786e-07 2.060599711e-07 1.721723644e-07 2.747514756e-06 2.658685296e-09 4.476018059e-05 1.160647826e-06 1.121480109e-05 7.966928613e-07 1.812102214e-06 1.540115116e-07 8.216906519e-08 4.959747536e-07 1.707560939e-08 2.958061577e-09 1.067612296e-08 5.693329214e-10 1e-10 1e-10 1e-10 1e-10 1e-10 1e-10 1e-10 1e-10 1e-10 1e-10 1e-10 1e-10 1e-10 1e-10 0.0001371697768 2337.420202 
 
 >> React::main() 99.7576358



TinyProfiler total time across processes [min...avg...max]: 99.76 ... 99.76 ... 99.76

-------------------------------------------------------------------------------------------
Name                                        NCalls  Excl. Min  Excl. Avg  Excl. Max   Max %
-------------------------------------------------------------------------------------------
Pele::ReactorCvode::react():CVode               16      75.19      75.19      75.19  75.38%
Pele::ReactorCvode::cF_RHS()                  1280      16.35      16.35      16.35  16.39%
Pele::ReactorCvode::cJac()                      32      6.641      6.641      6.641   6.66%
VisMF::Write(FabArray)                           2      1.202      1.202      1.202   1.21%
Pele::ReactorCvode::react()                     16     0.3109     0.3109     0.3109   0.31%
Pele::ReactorCvode::init()                       1    0.04911    0.04911    0.04911   0.05%
main::initialize_data()                          1   0.004952   0.004952   0.004952   0.00%
MultiFab::max()                                 36   0.003303   0.003303   0.003303   0.00%
WriteMultiLevelPlotfile()                        2   0.002773   0.002773   0.002773   0.00%
main::main()                                     1  0.0008391  0.0008391  0.0008391   0.00%
Advance_Level0                                   1  0.0002198  0.0002198  0.0002198   0.00%
Pele::flatten()                                 16  0.0001314  0.0001314  0.0001314   0.00%
FabArray::setVal()                               1  9.278e-05  9.278e-05  9.278e-05   0.00%
Pele::unflatten()                               16  6.131e-05  6.131e-05  6.131e-05   0.00%
React                                           16  4.364e-05  4.364e-05  4.364e-05   0.00%
main::geometry_setup                             1  3.809e-05  3.809e-05  3.809e-05   0.00%
PlotFile                                         2  3.323e-05  3.323e-05  3.323e-05   0.00%
main::reactor_info()                             1  1.388e-05  1.388e-05  1.388e-05   0.00%
DistributionMapping::SFCProcessorMapDoIt()       1  3.848e-06  3.848e-06  3.848e-06   0.00%
DistributionMapping::LeastUsedCPUs()             1  3.466e-06  3.466e-06  3.466e-06   0.00%
DistributionMapping::Distribute()                1  1.804e-06  1.804e-06  1.804e-06   0.00%
-------------------------------------------------------------------------------------------

-------------------------------------------------------------------------------------------
Name                                        NCalls  Incl. Min  Incl. Avg  Incl. Max   Max %
-------------------------------------------------------------------------------------------
main::main()                                     1      99.76      99.76      99.76 100.00%
Advance_Level0                                   1      98.49      98.49      98.49  98.73%
React                                           16      98.49      98.49      98.49  98.73%
Pele::ReactorCvode::react()                     16      98.49      98.49      98.49  98.73%
Pele::ReactorCvode::react():CVode               16      98.18      98.18      98.18  98.42%
Pele::ReactorCvode::cF_RHS()                  1280      16.35      16.35      16.35  16.39%
Pele::ReactorCvode::cJac()                      32      6.641      6.641      6.641   6.66%
PlotFile                                         2      1.205      1.205      1.205   1.21%
WriteMultiLevelPlotfile()                        2      1.205      1.205      1.205   1.21%
VisMF::Write(FabArray)                           2      1.202      1.202      1.202   1.21%
main::reactor_info()                             1    0.04912    0.04912    0.04912   0.05%
Pele::ReactorCvode::init()                       1    0.04911    0.04911    0.04911   0.05%
main::initialize_data()                          1   0.005045   0.005045   0.005045   0.01%
MultiFab::max()                                 36   0.003303   0.003303   0.003303   0.00%
Pele::flatten()                                 16  0.0001314  0.0001314  0.0001314   0.00%
FabArray::setVal()                               1  9.278e-05  9.278e-05  9.278e-05   0.00%
Pele::unflatten()                               16  6.131e-05  6.131e-05  6.131e-05   0.00%
main::geometry_setup                             1  4.721e-05  4.721e-05  4.721e-05   0.00%
DistributionMapping::SFCProcessorMapDoIt()       1  9.118e-06  9.118e-06  9.118e-06   0.00%
DistributionMapping::LeastUsedCPUs()             1  3.466e-06  3.466e-06  3.466e-06   0.00%
DistributionMapping::Distribute()                1  1.804e-06  1.804e-06  1.804e-06   0.00%
-------------------------------------------------------------------------------------------

Unused ParmParse Variables:
  [TOP]::ode.analytical_jacobian(nvals = 1)  :: [0]
  [TOP]::initFile(nvals = 1)  :: [/path/]


================================================================================================================
SUNDIALS GIT VERSION: v6.5.0-3-g025eafc1ce5a-dirty
SUNDIALS PROFILER: SUNContext Default
Results:                                	 % time (inclusive) 	 max/rank 	 average/rank 	 count 
================================================================================================================
From profiler epoch                     	 100.00% 	         99.758163s 	 99.758163s 	 2
CVode                                   	  98.42% 	         98.182684s 	 98.182684s 	 16
SUNNonlinSolSolve                       	  95.77% 	         95.534762s 	 95.534762s 	 1024
SUNLinSolSolve                          	  63.16% 	         63.005044s 	 63.005044s 	 1096
solver apply                            	  61.75% 	         61.604969s 	 61.604969s 	 1096
SUNMatScaleAddI                         	   5.06% 	         5.052074s 	 5.052074s 	 224
N_VWrmsNorm                             	   3.62% 	         3.615873s 	 3.615873s 	 4384
SUNLinSolSetup                          	   2.22% 	         2.217635s 	 2.217635s 	 224
generate solver                         	   2.22% 	         2.217108s 	 2.217108s 	 224
SUNMatCopy                              	   1.11% 	         1.109413s 	 1.109413s 	 224
Wrap vector(s) for solve                	   0.70% 	         0.693385s 	 0.693385s 	 1096
check num iters                         	   0.55% 	         0.552510s 	 0.552510s 	 1096
SUNMemoryHelper_CopyAsync               	   0.22% 	         0.222084s 	 0.222084s 	 8848
check residual norm                     	   0.13% 	         0.133751s 	 0.133751s 	 1096
SUNMatClone                             	   0.09% 	         0.088855s 	 0.088855s 	 16
N_VLinearSum                            	   0.03% 	         0.029733s 	 0.029733s 	 13368
N_VScale                                	   0.02% 	         0.024448s 	 0.024448s 	 3880
N_VMaxNorm                              	   0.02% 	         0.022616s 	 0.022616s 	 16
CVodeInit                               	   0.01% 	         0.006270s 	 0.006270s 	 16
N_VScaleAddMulti                        	   0.01% 	         0.006041s 	 0.006041s 	 1040
SUNLinSolSetScalingVectors              	   0.00% 	         0.004866s 	 0.004866s 	 1096
N_VConst                                	   0.00% 	         0.004816s 	 0.004816s 	 2264
SUNMemoryHelper_Dealloc                 	   0.00% 	         0.004150s 	 0.004150s 	 1056
N_VMin                                  	   0.00% 	         0.003979s 	 0.003979s 	 16
N_VDiv                                  	   0.00% 	         0.002712s 	 0.002712s 	 1112
N_VAbs                                  	   0.00% 	         0.002663s 	 0.002663s 	 1040
N_VInv                                  	   0.00% 	         0.002556s 	 0.002556s 	 1024
SUNMemoryHelper_Alloc                   	   0.00% 	         0.002427s 	 0.002427s 	 1056
N_VClone                                	   0.00% 	         0.002040s 	 0.002040s 	 304
N_VScaleVectorArray                     	   0.00% 	         0.000888s 	 0.000888s 	 208
add logger                              	   0.00% 	         0.000353s 	 0.000353s 	 1096
CVodeGetDky                             	   0.00% 	         0.000155s 	 0.000155s 	 16
N_VLinearCombination                    	   0.00% 	         0.000143s 	 0.000143s 	 16
set tolerance                           	   0.00% 	         0.000134s 	 0.000134s 	 1096
build solver factory                    	   0.00% 	         0.000131s 	 0.000131s 	 224
SUNNonlinSolInitialize                  	   0.00% 	         0.000004s 	 0.000004s 	 16
SUNLinSolInitialize                     	   0.00% 	         0.000003s 	 0.000003s 	 16
Est. profiler overhead                  	   0.00% 	         0.012224s 	 -- 		 -- 

