Initializing HIP...
HIP initialized.
Initializing SUNDIALS with 1 threads...
SUNDIALS initialized.
MPI initialized with 1 MPI processes
MPI initialized with thread support level 0
AMReX (22.12-21-g2a8c71b8bf42) initialized
ODE solver: ReactorCvode
Type of reactor: h (PeleLM)
Fuel: CH4, Oxy: O2
Creating ReactorBase instance: ReactorCvode
Number of species in mech is 35
  Using a Ginkgo batched GMRES linear solver with analytical Jacobian
Initializing CVODE:
  Using LDS reductions
Integrating 4194304 cells for: 1e-05 seconds with 1 substeps 
Using user-defined typical values for the absolute tolerances of the ode solver.
Set the typical values for PelePhysics ODE integration:
NC12H26 : 2.60930515e-10
H : 2.497699961e-09
O : 1.55974666e-08
OH : 6.52952975e-08
HO2 : 2.047750538e-07
H2 : 8.074737062e-08
H2O : 1.208521506e-06
H2O2 : 2.903492347e-09
O2 : 4.477368314e-05
CH3 : 1.047535694e-06
CH4 : 1.122171621e-05
CH2O : 6.670332503e-07
CO : 4.831131292e-07
CO2 : 4.842634744e-08
C2H2 : 8.675129173e-09
C2H4 : 2.522642639e-07
C2H6 : 1.811206266e-08
CH2CHO : 6.788374995e-10
aC3H5 : 1.169394584e-09
C3H6 : 1.318410816e-10
C2H3CHO : 1e-10
C4H7 : 1e-10
C4H81 : 1.492187367e-09
C5H9 : 1e-10
C5H10 : 1e-10
C6H12 : 1e-10
C7H14 : 1e-10
C8H16 : 1e-10
C9H18 : 1e-10
PXC9H19 : 3.492130067e-10
C10H20 : 1e-10
C12H24 : 1e-10
C12H25O2 : 1e-10
OC12H23OOH : 1e-10
N2 : 0.0001372037486
Temp : 2259.516367
 
 STARTING THE ADVANCE 
  [0] integrating 262144 cells 
 Setting cvode tolerances with TypVals rtol = 1e-06 atolfact = 1e-05 in PelePhysics 

Final Statistics:
  nSteps       = 35
  nErrtf       = 0
  nRHSeval     = 43
  nnLinIt      = 40
  nConvfail    = 0
  nLinsetups   = 11
  nJeval       = 1
  nLinIt       = 3305
  nLinConvfail = 0
  nLinRHSeval  = 0
  nPreceval    = 0
  nPrecsolve   = 0
  [0] integrating 262144 cells 
 Setting cvode tolerances with TypVals rtol = 1e-06 atolfact = 1e-05 in PelePhysics 

Final Statistics:
  nSteps       = 35
  nErrtf       = 0
  nRHSeval     = 43
  nnLinIt      = 40
  nConvfail    = 0
  nLinsetups   = 11
  nJeval       = 1
  nLinIt       = 3305
  nLinConvfail = 0
  nLinRHSeval  = 0
  nPreceval    = 0
  nPrecsolve   = 0
  [0] integrating 262144 cells 
 Setting cvode tolerances with TypVals rtol = 1e-06 atolfact = 1e-05 in PelePhysics 

Final Statistics:
  nSteps       = 77
  nErrtf       = 2
  nRHSeval     = 96
  nnLinIt      = 93
  nConvfail    = 0
  nLinsetups   = 13
  nJeval       = 2
  nLinIt       = 23863
  nLinConvfail = 0
  nLinRHSeval  = 0
  nPreceval    = 0
  nPrecsolve   = 0
  [0] integrating 262144 cells 
 Setting cvode tolerances with TypVals rtol = 1e-06 atolfact = 1e-05 in PelePhysics 

Final Statistics:
  nSteps       = 77
  nErrtf       = 2
  nRHSeval     = 96
  nnLinIt      = 93
  nConvfail    = 0
  nLinsetups   = 13
  nJeval       = 2
  nLinIt       = 23863
  nLinConvfail = 0
  nLinRHSeval  = 0
  nPreceval    = 0
  nPrecsolve   = 0
  [0] integrating 262144 cells 
 Setting cvode tolerances with TypVals rtol = 1e-06 atolfact = 1e-05 in PelePhysics 

Final Statistics:
  nSteps       = 35
  nErrtf       = 0
  nRHSeval     = 43
  nnLinIt      = 40
  nConvfail    = 0
  nLinsetups   = 11
  nJeval       = 1
  nLinIt       = 3305
  nLinConvfail = 0
  nLinRHSeval  = 0
  nPreceval    = 0
  nPrecsolve   = 0
  [0] integrating 262144 cells 
 Setting cvode tolerances with TypVals rtol = 1e-06 atolfact = 1e-05 in PelePhysics 

Final Statistics:
  nSteps       = 35
  nErrtf       = 0
  nRHSeval     = 43
  nnLinIt      = 40
  nConvfail    = 0
  nLinsetups   = 11
  nJeval       = 1
  nLinIt       = 3305
  nLinConvfail = 0
  nLinRHSeval  = 0
  nPreceval    = 0
  nPrecsolve   = 0
  [0] integrating 262144 cells 
 Setting cvode tolerances with TypVals rtol = 1e-06 atolfact = 1e-05 in PelePhysics 

Final Statistics:
  nSteps       = 77
  nErrtf       = 2
  nRHSeval     = 96
  nnLinIt      = 93
  nConvfail    = 0
  nLinsetups   = 13
  nJeval       = 2
  nLinIt       = 23863
  nLinConvfail = 0
  nLinRHSeval  = 0
  nPreceval    = 0
  nPrecsolve   = 0
  [0] integrating 262144 cells 
 Setting cvode tolerances with TypVals rtol = 1e-06 atolfact = 1e-05 in PelePhysics 

Final Statistics:
  nSteps       = 77
  nErrtf       = 2
  nRHSeval     = 96
  nnLinIt      = 93
  nConvfail    = 0
  nLinsetups   = 13
  nJeval       = 2
  nLinIt       = 23863
  nLinConvfail = 0
  nLinRHSeval  = 0
  nPreceval    = 0
  nPrecsolve   = 0
  [0] integrating 262144 cells 
 Setting cvode tolerances with TypVals rtol = 1e-06 atolfact = 1e-05 in PelePhysics 

Final Statistics:
  nSteps       = 35
  nErrtf       = 0
  nRHSeval     = 43
  nnLinIt      = 40
  nConvfail    = 0
  nLinsetups   = 11
  nJeval       = 1
  nLinIt       = 3305
  nLinConvfail = 0
  nLinRHSeval  = 0
  nPreceval    = 0
  nPrecsolve   = 0
  [0] integrating 262144 cells 
 Setting cvode tolerances with TypVals rtol = 1e-06 atolfact = 1e-05 in PelePhysics 

Final Statistics:
  nSteps       = 35
  nErrtf       = 0
  nRHSeval     = 43
  nnLinIt      = 40
  nConvfail    = 0
  nLinsetups   = 11
  nJeval       = 1
  nLinIt       = 3305
  nLinConvfail = 0
  nLinRHSeval  = 0
  nPreceval    = 0
  nPrecsolve   = 0
  [0] integrating 262144 cells 
 Setting cvode tolerances with TypVals rtol = 1e-06 atolfact = 1e-05 in PelePhysics 

Final Statistics:
  nSteps       = 77
  nErrtf       = 2
  nRHSeval     = 96
  nnLinIt      = 93
  nConvfail    = 0
  nLinsetups   = 13
  nJeval       = 2
  nLinIt       = 23863
  nLinConvfail = 0
  nLinRHSeval  = 0
  nPreceval    = 0
  nPrecsolve   = 0
  [0] integrating 262144 cells 
 Setting cvode tolerances with TypVals rtol = 1e-06 atolfact = 1e-05 in PelePhysics 

Final Statistics:
  nSteps       = 77
  nErrtf       = 2
  nRHSeval     = 96
  nnLinIt      = 93
  nConvfail    = 0
  nLinsetups   = 13
  nJeval       = 2
  nLinIt       = 23863
  nLinConvfail = 0
  nLinRHSeval  = 0
  nPreceval    = 0
  nPrecsolve   = 0
  [0] integrating 262144 cells 
 Setting cvode tolerances with TypVals rtol = 1e-06 atolfact = 1e-05 in PelePhysics 

Final Statistics:
  nSteps       = 35
  nErrtf       = 0
  nRHSeval     = 43
  nnLinIt      = 40
  nConvfail    = 0
  nLinsetups   = 11
  nJeval       = 1
  nLinIt       = 3305
  nLinConvfail = 0
  nLinRHSeval  = 0
  nPreceval    = 0
  nPrecsolve   = 0
  [0] integrating 262144 cells 
 Setting cvode tolerances with TypVals rtol = 1e-06 atolfact = 1e-05 in PelePhysics 

Final Statistics:
  nSteps       = 35
  nErrtf       = 0
  nRHSeval     = 43
  nnLinIt      = 40
  nConvfail    = 0
  nLinsetups   = 11
  nJeval       = 1
  nLinIt       = 3305
  nLinConvfail = 0
  nLinRHSeval  = 0
  nPreceval    = 0
  nPrecsolve   = 0
  [0] integrating 262144 cells 
 Setting cvode tolerances with TypVals rtol = 1e-06 atolfact = 1e-05 in PelePhysics 

Final Statistics:
  nSteps       = 77
  nErrtf       = 2
  nRHSeval     = 96
  nnLinIt      = 93
  nConvfail    = 0
  nLinsetups   = 13
  nJeval       = 2
  nLinIt       = 23863
  nLinConvfail = 0
  nLinRHSeval  = 0
  nPreceval    = 0
  nPrecsolve   = 0
  [0] integrating 262144 cells 
 Setting cvode tolerances with TypVals rtol = 1e-06 atolfact = 1e-05 in PelePhysics 

Final Statistics:
  nSteps       = 77
  nErrtf       = 2
  nRHSeval     = 96
  nnLinIt      = 93
  nConvfail    = 0
  nLinsetups   = 13
  nJeval       = 2
  nLinIt       = 23863
  nLinConvfail = 0
  nLinRHSeval  = 0
  nPreceval    = 0
  nPrecsolve   = 0
   >> Level 0 advance: 95.80710359
ode.typ_vals= 1e-10 6.118277013e-09 2.865550498e-08 1.291083509e-07 2.060595439e-07 1.721794358e-07 2.747633831e-06 2.658673001e-09 4.47601805e-05 1.160662112e-06 1.121480104e-05 7.966951785e-07 1.812205083e-06 1.540206168e-07 8.217827614e-08 4.959900972e-07 1.707561405e-08 2.958247347e-09 1.06769962e-08 5.693573585e-10 1e-10 1e-10 1e-10 1e-10 1e-10 1e-10 1e-10 1e-10 1e-10 1e-10 1e-10 1e-10 1e-10 1e-10 0.0001371697768 2337.425947 
 
 >> React::main() 97.05666626



TinyProfiler total time across processes [min...avg...max]: 97.06 ... 97.06 ... 97.06

-------------------------------------------------------------------------------------------
Name                                        NCalls  Excl. Min  Excl. Avg  Excl. Max   Max %
-------------------------------------------------------------------------------------------
Pele::ReactorCvode::react():CVode               16      76.46      76.46      76.46  78.78%
Pele::ReactorCvode::cF_RHS()                  1112      13.92      13.92      13.92  14.35%
Pele::ReactorCvode::cJac()                      24      5.125      5.125      5.125   5.28%
VisMF::Write(FabArray)                           2      1.193      1.193      1.193   1.23%
Pele::ReactorCvode::react()                     16     0.2978     0.2978     0.2978   0.31%
Pele::ReactorCvode::init()                       1    0.04228    0.04228    0.04228   0.04%
WriteMultiLevelPlotfile()                        2   0.005598   0.005598   0.005598   0.01%
main::initialize_data()                          1   0.004967   0.004967   0.004967   0.01%
MultiFab::max()                                 36   0.003296   0.003296   0.003296   0.00%
main::main()                                     1  0.0007047  0.0007047  0.0007047   0.00%
Advance_Level0                                   1  0.0001454  0.0001454  0.0001454   0.00%
Pele::flatten()                                 16  0.0001226  0.0001226  0.0001226   0.00%
FabArray::setVal()                               1  0.0001049  0.0001049  0.0001049   0.00%
Pele::unflatten()                               16  6.318e-05  6.318e-05  6.318e-05   0.00%
main::geometry_setup                             1  4.344e-05  4.344e-05  4.344e-05   0.00%
React                                           16  4.318e-05  4.318e-05  4.318e-05   0.00%
PlotFile                                         2  2.962e-05  2.962e-05  2.962e-05   0.00%
main::reactor_info()                             1  1.566e-05  1.566e-05  1.566e-05   0.00%
DistributionMapping::SFCProcessorMapDoIt()       1  3.086e-06  3.086e-06  3.086e-06   0.00%
DistributionMapping::LeastUsedCPUs()             1  2.525e-06  2.525e-06  2.525e-06   0.00%
DistributionMapping::Distribute()                1  1.684e-06  1.684e-06  1.684e-06   0.00%
-------------------------------------------------------------------------------------------

-------------------------------------------------------------------------------------------
Name                                        NCalls  Incl. Min  Incl. Avg  Incl. Max   Max %
-------------------------------------------------------------------------------------------
main::main()                                     1      97.06      97.06      97.06 100.00%
Advance_Level0                                   1      95.81      95.81      95.81  98.71%
React                                           16      95.81      95.81      95.81  98.71%
Pele::ReactorCvode::react()                     16      95.81      95.81      95.81  98.71%
Pele::ReactorCvode::react():CVode               16      95.51      95.51      95.51  98.41%
Pele::ReactorCvode::cF_RHS()                  1112      13.92      13.92      13.92  14.35%
Pele::ReactorCvode::cJac()                      24      5.125      5.125      5.125   5.28%
PlotFile                                         2      1.198      1.198      1.198   1.23%
WriteMultiLevelPlotfile()                        2      1.198      1.198      1.198   1.23%
VisMF::Write(FabArray)                           2      1.193      1.193      1.193   1.23%
main::reactor_info()                             1    0.04229    0.04229    0.04229   0.04%
Pele::ReactorCvode::init()                       1    0.04228    0.04228    0.04228   0.04%
main::initialize_data()                          1   0.005072   0.005072   0.005072   0.01%
MultiFab::max()                                 36   0.003296   0.003296   0.003296   0.00%
Pele::flatten()                                 16  0.0001226  0.0001226  0.0001226   0.00%
FabArray::setVal()                               1  0.0001049  0.0001049  0.0001049   0.00%
Pele::unflatten()                               16  6.318e-05  6.318e-05  6.318e-05   0.00%
main::geometry_setup                             1  5.074e-05  5.074e-05  5.074e-05   0.00%
DistributionMapping::SFCProcessorMapDoIt()       1  7.295e-06  7.295e-06  7.295e-06   0.00%
DistributionMapping::LeastUsedCPUs()             1  2.525e-06  2.525e-06  2.525e-06   0.00%
DistributionMapping::Distribute()                1  1.684e-06  1.684e-06  1.684e-06   0.00%
-------------------------------------------------------------------------------------------

Unused ParmParse Variables:
  [TOP]::ode.analytical_jacobian(nvals = 1)  :: [0]
  [TOP]::initFile(nvals = 1)  :: [/path/]


================================================================================================================
SUNDIALS GIT VERSION: v6.5.0-3-g025eafc1ce5a-dirty
SUNDIALS PROFILER: SUNContext Default
Results:                                	 % time (inclusive) 	 max/rank 	 average/rank 	 count 
================================================================================================================
From profiler epoch                     	 100.00% 	         97.057215s 	 97.057215s 	 2
CVode                                   	  98.40% 	         95.508909s 	 95.508909s 	 16
SUNNonlinSolSolve                       	  95.81% 	         92.990017s 	 92.990017s 	 912
SUNLinSolSolve                          	  69.69% 	         67.641757s 	 67.641757s 	 960
solver apply                            	  54.58% 	         52.976117s 	 52.976117s 	 960
generate solver                         	  13.85% 	         13.442062s 	 13.442062s 	 960
SUNMatScaleAddI                         	   4.57% 	         4.438745s 	 4.438745s 	 192
N_VWrmsNorm                             	   3.32% 	         3.224462s 	 3.224462s 	 3864
SUNMatCopy                              	   1.01% 	         0.976549s 	 0.976549s 	 192
Wrap vector(s) for solve                	   0.64% 	         0.618454s 	 0.618454s 	 960
check num iters                         	   0.49% 	         0.472444s 	 0.472444s 	 960
SUNMemoryHelper_CopyAsync               	   0.21% 	         0.202473s 	 0.202473s 	 7808
check residual norm                     	   0.12% 	         0.114751s 	 0.114751s 	 960
SUNMatClone                             	   0.09% 	         0.089267s 	 0.089267s 	 16
N_VLinearSum                            	   0.03% 	         0.026616s 	 0.026616s 	 12288
N_VMaxNorm                              	   0.02% 	         0.021663s 	 0.021663s 	 16
N_VScale                                	   0.02% 	         0.016526s 	 0.016526s 	 3392
CVodeInit                               	   0.01% 	         0.006499s 	 0.006499s 	 16
N_VScaleAddMulti                        	   0.01% 	         0.005666s 	 0.005666s 	 944
N_VConst                                	   0.00% 	         0.004480s 	 0.004480s 	 1976
SUNLinSolSetScalingVectors              	   0.00% 	         0.004143s 	 0.004143s 	 960
SUNMemoryHelper_Dealloc                 	   0.00% 	         0.004034s 	 0.004034s 	 1056
N_VMin                                  	   0.00% 	         0.004000s 	 0.004000s 	 16
N_VAbs                                  	   0.00% 	         0.002554s 	 0.002554s 	 944
SUNMemoryHelper_Alloc                   	   0.00% 	         0.002468s 	 0.002468s 	 1056
N_VDiv                                  	   0.00% 	         0.002446s 	 0.002446s 	 976
N_VInv                                  	   0.00% 	         0.002338s 	 0.002338s 	 928
N_VClone                                	   0.00% 	         0.002070s 	 0.002070s 	 304
N_VScaleVectorArray                     	   0.00% 	         0.000823s 	 0.000823s 	 176
build solver factory                    	   0.00% 	         0.000373s 	 0.000373s 	 960
add logger                              	   0.00% 	         0.000295s 	 0.000295s 	 960
CVodeGetDky                             	   0.00% 	         0.000128s 	 0.000128s 	 16
N_VLinearCombination                    	   0.00% 	         0.000118s 	 0.000118s 	 16
set tolerance                           	   0.00% 	         0.000116s 	 0.000116s 	 960
SUNLinSolSetup                          	   0.00% 	         0.000076s 	 0.000076s 	 192
SUNNonlinSolInitialize                  	   0.00% 	         0.000004s 	 0.000004s 	 16
SUNLinSolInitialize                     	   0.00% 	         0.000002s 	 0.000002s 	 16
Est. profiler overhead                  	   0.00% 	         0.010838s 	 -- 		 -- 

