Initializing HIP...
HIP initialized.
Initializing SUNDIALS with 1 threads...
SUNDIALS initialized.
MPI initialized with 1 MPI processes
MPI initialized with thread support level 0
AMReX (22.12-21-g2a8c71b8bf42) initialized
ODE solver: ReactorCvode
Type of reactor: h (PeleLM)
Fuel: CH4, Oxy: O2
Creating ReactorBase instance: ReactorCvode
Number of species in mech is 35
  Using a Ginkgo batched GMRES linear solver with analytical Jacobian
Initializing CVODE:
  Using LDS reductions
Integrating 4194304 cells for: 1e-05 seconds with 1 substeps 
Using user-defined typical values for the absolute tolerances of the ode solver.
Set the typical values for PelePhysics ODE integration:
NC12H26 : 2.60930515e-10
H : 2.497699961e-09
O : 1.55974666e-08
OH : 6.52952975e-08
HO2 : 2.047750538e-07
H2 : 8.074737062e-08
H2O : 1.208521506e-06
H2O2 : 2.903492347e-09
O2 : 4.477368314e-05
CH3 : 1.047535694e-06
CH4 : 1.122171621e-05
CH2O : 6.670332503e-07
CO : 4.831131292e-07
CO2 : 4.842634744e-08
C2H2 : 8.675129173e-09
C2H4 : 2.522642639e-07
C2H6 : 1.811206266e-08
CH2CHO : 6.788374995e-10
aC3H5 : 1.169394584e-09
C3H6 : 1.318410816e-10
C2H3CHO : 1e-10
C4H7 : 1e-10
C4H81 : 1.492187367e-09
C5H9 : 1e-10
C5H10 : 1e-10
C6H12 : 1e-10
C7H14 : 1e-10
C8H16 : 1e-10
C9H18 : 1e-10
PXC9H19 : 3.492130067e-10
C10H20 : 1e-10
C12H24 : 1e-10
C12H25O2 : 1e-10
OC12H23OOH : 1e-10
N2 : 0.0001372037486
Temp : 2259.516367
 
 STARTING THE ADVANCE 
  [0] integrating 32768 cells 
 Setting cvode tolerances with TypVals rtol = 1e-06 atolfact = 1e-05 in PelePhysics 

Final Statistics:
  nSteps       = 29
  nErrtf       = 0
  nRHSeval     = 37
  nnLinIt      = 34
  nConvfail    = 0
  nLinsetups   = 10
  nJeval       = 1
  nLinIt       = 2367
  nLinConvfail = 0
  nLinRHSeval  = 0
  nPreceval    = 0
  nPrecsolve   = 0
  [0] integrating 32768 cells 
 Setting cvode tolerances with TypVals rtol = 1e-06 atolfact = 1e-05 in PelePhysics 

Final Statistics:
  nSteps       = 29
  nErrtf       = 0
  nRHSeval     = 37
  nnLinIt      = 34
  nConvfail    = 0
  nLinsetups   = 10
  nJeval       = 1
  nLinIt       = 2367
  nLinConvfail = 0
  nLinRHSeval  = 0
  nPreceval    = 0
  nPrecsolve   = 0
  [0] integrating 32768 cells 
 Setting cvode tolerances with TypVals rtol = 1e-06 atolfact = 1e-05 in PelePhysics 

Final Statistics:
  nSteps       = 29
  nErrtf       = 0
  nRHSeval     = 37
  nnLinIt      = 34
  nConvfail    = 0
  nLinsetups   = 10
  nJeval       = 1
  nLinIt       = 2367
  nLinConvfail = 0
  nLinRHSeval  = 0
  nPreceval    = 0
  nPrecsolve   = 0
  [0] integrating 32768 cells 
 Setting cvode tolerances with TypVals rtol = 1e-06 atolfact = 1e-05 in PelePhysics 

Final Statistics:
  nSteps       = 29
  nErrtf       = 0
  nRHSeval     = 37
  nnLinIt      = 34
  nConvfail    = 0
  nLinsetups   = 10
  nJeval       = 1
  nLinIt       = 2367
  nLinConvfail = 0
  nLinRHSeval  = 0
  nPreceval    = 0
  nPrecsolve   = 0
  [0] integrating 32768 cells 
 Setting cvode tolerances with TypVals rtol = 1e-06 atolfact = 1e-05 in PelePhysics 

Final Statistics:
  nSteps       = 38
  nErrtf       = 0
  nRHSeval     = 46
  nnLinIt      = 43
  nConvfail    = 0
  nLinsetups   = 11
  nJeval       = 1
  nLinIt       = 4371
  nLinConvfail = 0
  nLinRHSeval  = 0
  nPreceval    = 0
  nPrecsolve   = 0
  [0] integrating 32768 cells 
 Setting cvode tolerances with TypVals rtol = 1e-06 atolfact = 1e-05 in PelePhysics 

Final Statistics:
  nSteps       = 38
  nErrtf       = 0
  nRHSeval     = 46
  nnLinIt      = 43
  nConvfail    = 0
  nLinsetups   = 11
  nJeval       = 1
  nLinIt       = 4371
  nLinConvfail = 0
  nLinRHSeval  = 0
  nPreceval    = 0
  nPrecsolve   = 0
  [0] integrating 32768 cells 
 Setting cvode tolerances with TypVals rtol = 1e-06 atolfact = 1e-05 in PelePhysics 

Final Statistics:
  nSteps       = 38
  nErrtf       = 0
  nRHSeval     = 46
  nnLinIt      = 43
  nConvfail    = 0
  nLinsetups   = 11
  nJeval       = 1
  nLinIt       = 4371
  nLinConvfail = 0
  nLinRHSeval  = 0
  nPreceval    = 0
  nPrecsolve   = 0
  [0] integrating 32768 cells 
 Setting cvode tolerances with TypVals rtol = 1e-06 atolfact = 1e-05 in PelePhysics 

Final Statistics:
  nSteps       = 38
  nErrtf       = 0
  nRHSeval     = 46
  nnLinIt      = 43
  nConvfail    = 0
  nLinsetups   = 11
  nJeval       = 1
  nLinIt       = 4371
  nLinConvfail = 0
  nLinRHSeval  = 0
  nPreceval    = 0
  nPrecsolve   = 0
  [0] integrating 32768 cells 
 Setting cvode tolerances with TypVals rtol = 1e-06 atolfact = 1e-05 in PelePhysics 

Final Statistics:
  nSteps       = 52
  nErrtf       = 0
  nRHSeval     = 62
  nnLinIt      = 59
  nConvfail    = 0
  nLinsetups   = 12
  nJeval       = 1
  nLinIt       = 9012
  nLinConvfail = 0
  nLinRHSeval  = 0
  nPreceval    = 0
  nPrecsolve   = 0
  [0] integrating 32768 cells 
 Setting cvode tolerances with TypVals rtol = 1e-06 atolfact = 1e-05 in PelePhysics 

Final Statistics:
  nSteps       = 52
  nErrtf       = 0
  nRHSeval     = 62
  nnLinIt      = 59
  nConvfail    = 0
  nLinsetups   = 12
  nJeval       = 1
  nLinIt       = 9012
  nLinConvfail = 0
  nLinRHSeval  = 0
  nPreceval    = 0
  nPrecsolve   = 0
  [0] integrating 32768 cells 
 Setting cvode tolerances with TypVals rtol = 1e-06 atolfact = 1e-05 in PelePhysics 

Final Statistics:
  nSteps       = 52
  nErrtf       = 0
  nRHSeval     = 62
  nnLinIt      = 59
  nConvfail    = 0
  nLinsetups   = 12
  nJeval       = 1
  nLinIt       = 9012
  nLinConvfail = 0
  nLinRHSeval  = 0
  nPreceval    = 0
  nPrecsolve   = 0
  [0] integrating 32768 cells 
 Setting cvode tolerances with TypVals rtol = 1e-06 atolfact = 1e-05 in PelePhysics 

Final Statistics:
  nSteps       = 52
  nErrtf       = 0
  nRHSeval     = 62
  nnLinIt      = 59
  nConvfail    = 0
  nLinsetups   = 12
  nJeval       = 1
  nLinIt       = 9012
  nLinConvfail = 0
  nLinRHSeval  = 0
  nPreceval    = 0
  nPrecsolve   = 0
  [0] integrating 32768 cells 
 Setting cvode tolerances with TypVals rtol = 1e-06 atolfact = 1e-05 in PelePhysics 

Final Statistics:
  nSteps       = 86
  nErrtf       = 3
  nRHSeval     = 110
  nnLinIt      = 107
  nConvfail    = 1
  nLinsetups   = 14
  nJeval       = 3
  nLinIt       = 35486
  nLinConvfail = 0
  nLinRHSeval  = 0
  nPreceval    = 0
  nPrecsolve   = 0
  [0] integrating 32768 cells 
 Setting cvode tolerances with TypVals rtol = 1e-06 atolfact = 1e-05 in PelePhysics 

Final Statistics:
  nSteps       = 86
  nErrtf       = 3
  nRHSeval     = 110
  nnLinIt      = 107
  nConvfail    = 1
  nLinsetups   = 14
  nJeval       = 3
  nLinIt       = 35486
  nLinConvfail = 0
  nLinRHSeval  = 0
  nPreceval    = 0
  nPrecsolve   = 0
  [0] integrating 32768 cells 
 Setting cvode tolerances with TypVals rtol = 1e-06 atolfact = 1e-05 in PelePhysics 

Final Statistics:
  nSteps       = 86
  nErrtf       = 3
  nRHSeval     = 110
  nnLinIt      = 107
  nConvfail    = 1
  nLinsetups   = 14
  nJeval       = 3
  nLinIt       = 35486
  nLinConvfail = 0
  nLinRHSeval  = 0
  nPreceval    = 0
  nPrecsolve   = 0
  [0] integrating 32768 cells 
 Setting cvode tolerances with TypVals rtol = 1e-06 atolfact = 1e-05 in PelePhysics 

Final Statistics:
  nSteps       = 86
  nErrtf       = 3
  nRHSeval     = 110
  nnLinIt      = 107
  nConvfail    = 1
  nLinsetups   = 14
  nJeval       = 3
  nLinIt       = 35486
  nLinConvfail = 0
  nLinRHSeval  = 0
  nPreceval    = 0
  nPrecsolve   = 0
  [0] integrating 32768 cells 
 Setting cvode tolerances with TypVals rtol = 1e-06 atolfact = 1e-05 in PelePhysics 

Final Statistics:
  nSteps       = 29
  nErrtf       = 0
  nRHSeval     = 37
  nnLinIt      = 34
  nConvfail    = 0
  nLinsetups   = 10
  nJeval       = 1
  nLinIt       = 2367
  nLinConvfail = 0
  nLinRHSeval  = 0
  nPreceval    = 0
  nPrecsolve   = 0
  [0] integrating 32768 cells 
 Setting cvode tolerances with TypVals rtol = 1e-06 atolfact = 1e-05 in PelePhysics 

Final Statistics:
  nSteps       = 29
  nErrtf       = 0
  nRHSeval     = 37
  nnLinIt      = 34
  nConvfail    = 0
  nLinsetups   = 10
  nJeval       = 1
  nLinIt       = 2367
  nLinConvfail = 0
  nLinRHSeval  = 0
  nPreceval    = 0
  nPrecsolve   = 0
  [0] integrating 32768 cells 
 Setting cvode tolerances with TypVals rtol = 1e-06 atolfact = 1e-05 in PelePhysics 

Final Statistics:
  nSteps       = 29
  nErrtf       = 0
  nRHSeval     = 37
  nnLinIt      = 34
  nConvfail    = 0
  nLinsetups   = 10
  nJeval       = 1
  nLinIt       = 2367
  nLinConvfail = 0
  nLinRHSeval  = 0
  nPreceval    = 0
  nPrecsolve   = 0
  [0] integrating 32768 cells 
 Setting cvode tolerances with TypVals rtol = 1e-06 atolfact = 1e-05 in PelePhysics 

Final Statistics:
  nSteps       = 29
  nErrtf       = 0
  nRHSeval     = 37
  nnLinIt      = 34
  nConvfail    = 0
  nLinsetups   = 10
  nJeval       = 1
  nLinIt       = 2367
  nLinConvfail = 0
  nLinRHSeval  = 0
  nPreceval    = 0
  nPrecsolve   = 0
  [0] integrating 32768 cells 
 Setting cvode tolerances with TypVals rtol = 1e-06 atolfact = 1e-05 in PelePhysics 

Final Statistics:
  nSteps       = 38
  nErrtf       = 0
  nRHSeval     = 46
  nnLinIt      = 43
  nConvfail    = 0
  nLinsetups   = 11
  nJeval       = 1
  nLinIt       = 4371
  nLinConvfail = 0
  nLinRHSeval  = 0
  nPreceval    = 0
  nPrecsolve   = 0
  [0] integrating 32768 cells 
 Setting cvode tolerances with TypVals rtol = 1e-06 atolfact = 1e-05 in PelePhysics 

Final Statistics:
  nSteps       = 38
  nErrtf       = 0
  nRHSeval     = 46
  nnLinIt      = 43
  nConvfail    = 0
  nLinsetups   = 11
  nJeval       = 1
  nLinIt       = 4371
  nLinConvfail = 0
  nLinRHSeval  = 0
  nPreceval    = 0
  nPrecsolve   = 0
  [0] integrating 32768 cells 
 Setting cvode tolerances with TypVals rtol = 1e-06 atolfact = 1e-05 in PelePhysics 

Final Statistics:
  nSteps       = 38
  nErrtf       = 0
  nRHSeval     = 46
  nnLinIt      = 43
  nConvfail    = 0
  nLinsetups   = 11
  nJeval       = 1
  nLinIt       = 4371
  nLinConvfail = 0
  nLinRHSeval  = 0
  nPreceval    = 0
  nPrecsolve   = 0
  [0] integrating 32768 cells 
 Setting cvode tolerances with TypVals rtol = 1e-06 atolfact = 1e-05 in PelePhysics 

Final Statistics:
  nSteps       = 38
  nErrtf       = 0
  nRHSeval     = 46
  nnLinIt      = 43
  nConvfail    = 0
  nLinsetups   = 11
  nJeval       = 1
  nLinIt       = 4371
  nLinConvfail = 0
  nLinRHSeval  = 0
  nPreceval    = 0
  nPrecsolve   = 0
  [0] integrating 32768 cells 
 Setting cvode tolerances with TypVals rtol = 1e-06 atolfact = 1e-05 in PelePhysics 

Final Statistics:
  nSteps       = 52
  nErrtf       = 0
  nRHSeval     = 62
  nnLinIt      = 59
  nConvfail    = 0
  nLinsetups   = 12
  nJeval       = 1
  nLinIt       = 9012
  nLinConvfail = 0
  nLinRHSeval  = 0
  nPreceval    = 0
  nPrecsolve   = 0
  [0] integrating 32768 cells 
 Setting cvode tolerances with TypVals rtol = 1e-06 atolfact = 1e-05 in PelePhysics 

Final Statistics:
  nSteps       = 52
  nErrtf       = 0
  nRHSeval     = 62
  nnLinIt      = 59
  nConvfail    = 0
  nLinsetups   = 12
  nJeval       = 1
  nLinIt       = 9012
  nLinConvfail = 0
  nLinRHSeval  = 0
  nPreceval    = 0
  nPrecsolve   = 0
  [0] integrating 32768 cells 
 Setting cvode tolerances with TypVals rtol = 1e-06 atolfact = 1e-05 in PelePhysics 

Final Statistics:
  nSteps       = 52
  nErrtf       = 0
  nRHSeval     = 62
  nnLinIt      = 59
  nConvfail    = 0
  nLinsetups   = 12
  nJeval       = 1
  nLinIt       = 9012
  nLinConvfail = 0
  nLinRHSeval  = 0
  nPreceval    = 0
  nPrecsolve   = 0
  [0] integrating 32768 cells 
 Setting cvode tolerances with TypVals rtol = 1e-06 atolfact = 1e-05 in PelePhysics 

Final Statistics:
  nSteps       = 52
  nErrtf       = 0
  nRHSeval     = 62
  nnLinIt      = 59
  nConvfail    = 0
  nLinsetups   = 12
  nJeval       = 1
  nLinIt       = 9012
  nLinConvfail = 0
  nLinRHSeval  = 0
  nPreceval    = 0
  nPrecsolve   = 0
  [0] integrating 32768 cells 
 Setting cvode tolerances with TypVals rtol = 1e-06 atolfact = 1e-05 in PelePhysics 

Final Statistics:
  nSteps       = 86
  nErrtf       = 3
  nRHSeval     = 110
  nnLinIt      = 107
  nConvfail    = 1
  nLinsetups   = 14
  nJeval       = 3
  nLinIt       = 35486
  nLinConvfail = 0
  nLinRHSeval  = 0
  nPreceval    = 0
  nPrecsolve   = 0
  [0] integrating 32768 cells 
 Setting cvode tolerances with TypVals rtol = 1e-06 atolfact = 1e-05 in PelePhysics 

Final Statistics:
  nSteps       = 86
  nErrtf       = 3
  nRHSeval     = 110
  nnLinIt      = 107
  nConvfail    = 1
  nLinsetups   = 14
  nJeval       = 3
  nLinIt       = 35486
  nLinConvfail = 0
  nLinRHSeval  = 0
  nPreceval    = 0
  nPrecsolve   = 0
  [0] integrating 32768 cells 
 Setting cvode tolerances with TypVals rtol = 1e-06 atolfact = 1e-05 in PelePhysics 

Final Statistics:
  nSteps       = 86
  nErrtf       = 3
  nRHSeval     = 110
  nnLinIt      = 107
  nConvfail    = 1
  nLinsetups   = 14
  nJeval       = 3
  nLinIt       = 35486
  nLinConvfail = 0
  nLinRHSeval  = 0
  nPreceval    = 0
  nPrecsolve   = 0
  [0] integrating 32768 cells 
 Setting cvode tolerances with TypVals rtol = 1e-06 atolfact = 1e-05 in PelePhysics 

Final Statistics:
  nSteps       = 86
  nErrtf       = 3
  nRHSeval     = 110
  nnLinIt      = 107
  nConvfail    = 1
  nLinsetups   = 14
  nJeval       = 3
  nLinIt       = 35486
  nLinConvfail = 0
  nLinRHSeval  = 0
  nPreceval    = 0
  nPrecsolve   = 0
  [0] integrating 32768 cells 
 Setting cvode tolerances with TypVals rtol = 1e-06 atolfact = 1e-05 in PelePhysics 

Final Statistics:
  nSteps       = 29
  nErrtf       = 0
  nRHSeval     = 37
  nnLinIt      = 34
  nConvfail    = 0
  nLinsetups   = 10
  nJeval       = 1
  nLinIt       = 2367
  nLinConvfail = 0
  nLinRHSeval  = 0
  nPreceval    = 0
  nPrecsolve   = 0
  [0] integrating 32768 cells 
 Setting cvode tolerances with TypVals rtol = 1e-06 atolfact = 1e-05 in PelePhysics 

Final Statistics:
  nSteps       = 29
  nErrtf       = 0
  nRHSeval     = 37
  nnLinIt      = 34
  nConvfail    = 0
  nLinsetups   = 10
  nJeval       = 1
  nLinIt       = 2367
  nLinConvfail = 0
  nLinRHSeval  = 0
  nPreceval    = 0
  nPrecsolve   = 0
  [0] integrating 32768 cells 
 Setting cvode tolerances with TypVals rtol = 1e-06 atolfact = 1e-05 in PelePhysics 

Final Statistics:
  nSteps       = 29
  nErrtf       = 0
  nRHSeval     = 37
  nnLinIt      = 34
  nConvfail    = 0
  nLinsetups   = 10
  nJeval       = 1
  nLinIt       = 2367
  nLinConvfail = 0
  nLinRHSeval  = 0
  nPreceval    = 0
  nPrecsolve   = 0
  [0] integrating 32768 cells 
 Setting cvode tolerances with TypVals rtol = 1e-06 atolfact = 1e-05 in PelePhysics 

Final Statistics:
  nSteps       = 29
  nErrtf       = 0
  nRHSeval     = 37
  nnLinIt      = 34
  nConvfail    = 0
  nLinsetups   = 10
  nJeval       = 1
  nLinIt       = 2367
  nLinConvfail = 0
  nLinRHSeval  = 0
  nPreceval    = 0
  nPrecsolve   = 0
  [0] integrating 32768 cells 
 Setting cvode tolerances with TypVals rtol = 1e-06 atolfact = 1e-05 in PelePhysics 

Final Statistics:
  nSteps       = 38
  nErrtf       = 0
  nRHSeval     = 46
  nnLinIt      = 43
  nConvfail    = 0
  nLinsetups   = 11
  nJeval       = 1
  nLinIt       = 4371
  nLinConvfail = 0
  nLinRHSeval  = 0
  nPreceval    = 0
  nPrecsolve   = 0
  [0] integrating 32768 cells 
 Setting cvode tolerances with TypVals rtol = 1e-06 atolfact = 1e-05 in PelePhysics 

Final Statistics:
  nSteps       = 38
  nErrtf       = 0
  nRHSeval     = 46
  nnLinIt      = 43
  nConvfail    = 0
  nLinsetups   = 11
  nJeval       = 1
  nLinIt       = 4371
  nLinConvfail = 0
  nLinRHSeval  = 0
  nPreceval    = 0
  nPrecsolve   = 0
  [0] integrating 32768 cells 
 Setting cvode tolerances with TypVals rtol = 1e-06 atolfact = 1e-05 in PelePhysics 

Final Statistics:
  nSteps       = 38
  nErrtf       = 0
  nRHSeval     = 46
  nnLinIt      = 43
  nConvfail    = 0
  nLinsetups   = 11
  nJeval       = 1
  nLinIt       = 4371
  nLinConvfail = 0
  nLinRHSeval  = 0
  nPreceval    = 0
  nPrecsolve   = 0
  [0] integrating 32768 cells 
 Setting cvode tolerances with TypVals rtol = 1e-06 atolfact = 1e-05 in PelePhysics 

Final Statistics:
  nSteps       = 38
  nErrtf       = 0
  nRHSeval     = 46
  nnLinIt      = 43
  nConvfail    = 0
  nLinsetups   = 11
  nJeval       = 1
  nLinIt       = 4371
  nLinConvfail = 0
  nLinRHSeval  = 0
  nPreceval    = 0
  nPrecsolve   = 0
  [0] integrating 32768 cells 
 Setting cvode tolerances with TypVals rtol = 1e-06 atolfact = 1e-05 in PelePhysics 

Final Statistics:
  nSteps       = 52
  nErrtf       = 0
  nRHSeval     = 62
  nnLinIt      = 59
  nConvfail    = 0
  nLinsetups   = 12
  nJeval       = 1
  nLinIt       = 9012
  nLinConvfail = 0
  nLinRHSeval  = 0
  nPreceval    = 0
  nPrecsolve   = 0
  [0] integrating 32768 cells 
 Setting cvode tolerances with TypVals rtol = 1e-06 atolfact = 1e-05 in PelePhysics 

Final Statistics:
  nSteps       = 52
  nErrtf       = 0
  nRHSeval     = 62
  nnLinIt      = 59
  nConvfail    = 0
  nLinsetups   = 12
  nJeval       = 1
  nLinIt       = 9012
  nLinConvfail = 0
  nLinRHSeval  = 0
  nPreceval    = 0
  nPrecsolve   = 0
  [0] integrating 32768 cells 
 Setting cvode tolerances with TypVals rtol = 1e-06 atolfact = 1e-05 in PelePhysics 

Final Statistics:
  nSteps       = 52
  nErrtf       = 0
  nRHSeval     = 62
  nnLinIt      = 59
  nConvfail    = 0
  nLinsetups   = 12
  nJeval       = 1
  nLinIt       = 9012
  nLinConvfail = 0
  nLinRHSeval  = 0
  nPreceval    = 0
  nPrecsolve   = 0
  [0] integrating 32768 cells 
 Setting cvode tolerances with TypVals rtol = 1e-06 atolfact = 1e-05 in PelePhysics 

Final Statistics:
  nSteps       = 52
  nErrtf       = 0
  nRHSeval     = 62
  nnLinIt      = 59
  nConvfail    = 0
  nLinsetups   = 12
  nJeval       = 1
  nLinIt       = 9012
  nLinConvfail = 0
  nLinRHSeval  = 0
  nPreceval    = 0
  nPrecsolve   = 0
  [0] integrating 32768 cells 
 Setting cvode tolerances with TypVals rtol = 1e-06 atolfact = 1e-05 in PelePhysics 

Final Statistics:
  nSteps       = 86
  nErrtf       = 3
  nRHSeval     = 110
  nnLinIt      = 107
  nConvfail    = 1
  nLinsetups   = 14
  nJeval       = 3
  nLinIt       = 35486
  nLinConvfail = 0
  nLinRHSeval  = 0
  nPreceval    = 0
  nPrecsolve   = 0
  [0] integrating 32768 cells 
 Setting cvode tolerances with TypVals rtol = 1e-06 atolfact = 1e-05 in PelePhysics 

Final Statistics:
  nSteps       = 86
  nErrtf       = 3
  nRHSeval     = 110
  nnLinIt      = 107
  nConvfail    = 1
  nLinsetups   = 14
  nJeval       = 3
  nLinIt       = 35486
  nLinConvfail = 0
  nLinRHSeval  = 0
  nPreceval    = 0
  nPrecsolve   = 0
  [0] integrating 32768 cells 
 Setting cvode tolerances with TypVals rtol = 1e-06 atolfact = 1e-05 in PelePhysics 

Final Statistics:
  nSteps       = 86
  nErrtf       = 3
  nRHSeval     = 110
  nnLinIt      = 107
  nConvfail    = 1
  nLinsetups   = 14
  nJeval       = 3
  nLinIt       = 35486
  nLinConvfail = 0
  nLinRHSeval  = 0
  nPreceval    = 0
  nPrecsolve   = 0
  [0] integrating 32768 cells 
 Setting cvode tolerances with TypVals rtol = 1e-06 atolfact = 1e-05 in PelePhysics 

Final Statistics:
  nSteps       = 86
  nErrtf       = 3
  nRHSeval     = 110
  nnLinIt      = 107
  nConvfail    = 1
  nLinsetups   = 14
  nJeval       = 3
  nLinIt       = 35486
  nLinConvfail = 0
  nLinRHSeval  = 0
  nPreceval    = 0
  nPrecsolve   = 0
  [0] integrating 32768 cells 
 Setting cvode tolerances with TypVals rtol = 1e-06 atolfact = 1e-05 in PelePhysics 

Final Statistics:
  nSteps       = 29
  nErrtf       = 0
  nRHSeval     = 37
  nnLinIt      = 34
  nConvfail    = 0
  nLinsetups   = 10
  nJeval       = 1
  nLinIt       = 2367
  nLinConvfail = 0
  nLinRHSeval  = 0
  nPreceval    = 0
  nPrecsolve   = 0
  [0] integrating 32768 cells 
 Setting cvode tolerances with TypVals rtol = 1e-06 atolfact = 1e-05 in PelePhysics 

Final Statistics:
  nSteps       = 29
  nErrtf       = 0
  nRHSeval     = 37
  nnLinIt      = 34
  nConvfail    = 0
  nLinsetups   = 10
  nJeval       = 1
  nLinIt       = 2367
  nLinConvfail = 0
  nLinRHSeval  = 0
  nPreceval    = 0
  nPrecsolve   = 0
  [0] integrating 32768 cells 
 Setting cvode tolerances with TypVals rtol = 1e-06 atolfact = 1e-05 in PelePhysics 

Final Statistics:
  nSteps       = 29
  nErrtf       = 0
  nRHSeval     = 37
  nnLinIt      = 34
  nConvfail    = 0
  nLinsetups   = 10
  nJeval       = 1
  nLinIt       = 2367
  nLinConvfail = 0
  nLinRHSeval  = 0
  nPreceval    = 0
  nPrecsolve   = 0
  [0] integrating 32768 cells 
 Setting cvode tolerances with TypVals rtol = 1e-06 atolfact = 1e-05 in PelePhysics 

Final Statistics:
  nSteps       = 29
  nErrtf       = 0
  nRHSeval     = 37
  nnLinIt      = 34
  nConvfail    = 0
  nLinsetups   = 10
  nJeval       = 1
  nLinIt       = 2367
  nLinConvfail = 0
  nLinRHSeval  = 0
  nPreceval    = 0
  nPrecsolve   = 0
  [0] integrating 32768 cells 
 Setting cvode tolerances with TypVals rtol = 1e-06 atolfact = 1e-05 in PelePhysics 

Final Statistics:
  nSteps       = 38
  nErrtf       = 0
  nRHSeval     = 46
  nnLinIt      = 43
  nConvfail    = 0
  nLinsetups   = 11
  nJeval       = 1
  nLinIt       = 4371
  nLinConvfail = 0
  nLinRHSeval  = 0
  nPreceval    = 0
  nPrecsolve   = 0
  [0] integrating 32768 cells 
 Setting cvode tolerances with TypVals rtol = 1e-06 atolfact = 1e-05 in PelePhysics 

Final Statistics:
  nSteps       = 38
  nErrtf       = 0
  nRHSeval     = 46
  nnLinIt      = 43
  nConvfail    = 0
  nLinsetups   = 11
  nJeval       = 1
  nLinIt       = 4371
  nLinConvfail = 0
  nLinRHSeval  = 0
  nPreceval    = 0
  nPrecsolve   = 0
  [0] integrating 32768 cells 
 Setting cvode tolerances with TypVals rtol = 1e-06 atolfact = 1e-05 in PelePhysics 

Final Statistics:
  nSteps       = 38
  nErrtf       = 0
  nRHSeval     = 46
  nnLinIt      = 43
  nConvfail    = 0
  nLinsetups   = 11
  nJeval       = 1
  nLinIt       = 4371
  nLinConvfail = 0
  nLinRHSeval  = 0
  nPreceval    = 0
  nPrecsolve   = 0
  [0] integrating 32768 cells 
 Setting cvode tolerances with TypVals rtol = 1e-06 atolfact = 1e-05 in PelePhysics 

Final Statistics:
  nSteps       = 38
  nErrtf       = 0
  nRHSeval     = 46
  nnLinIt      = 43
  nConvfail    = 0
  nLinsetups   = 11
  nJeval       = 1
  nLinIt       = 4371
  nLinConvfail = 0
  nLinRHSeval  = 0
  nPreceval    = 0
  nPrecsolve   = 0
  [0] integrating 32768 cells 
 Setting cvode tolerances with TypVals rtol = 1e-06 atolfact = 1e-05 in PelePhysics 

Final Statistics:
  nSteps       = 52
  nErrtf       = 0
  nRHSeval     = 62
  nnLinIt      = 59
  nConvfail    = 0
  nLinsetups   = 12
  nJeval       = 1
  nLinIt       = 9012
  nLinConvfail = 0
  nLinRHSeval  = 0
  nPreceval    = 0
  nPrecsolve   = 0
  [0] integrating 32768 cells 
 Setting cvode tolerances with TypVals rtol = 1e-06 atolfact = 1e-05 in PelePhysics 

Final Statistics:
  nSteps       = 52
  nErrtf       = 0
  nRHSeval     = 62
  nnLinIt      = 59
  nConvfail    = 0
  nLinsetups   = 12
  nJeval       = 1
  nLinIt       = 9012
  nLinConvfail = 0
  nLinRHSeval  = 0
  nPreceval    = 0
  nPrecsolve   = 0
  [0] integrating 32768 cells 
 Setting cvode tolerances with TypVals rtol = 1e-06 atolfact = 1e-05 in PelePhysics 

Final Statistics:
  nSteps       = 52
  nErrtf       = 0
  nRHSeval     = 62
  nnLinIt      = 59
  nConvfail    = 0
  nLinsetups   = 12
  nJeval       = 1
  nLinIt       = 9012
  nLinConvfail = 0
  nLinRHSeval  = 0
  nPreceval    = 0
  nPrecsolve   = 0
  [0] integrating 32768 cells 
 Setting cvode tolerances with TypVals rtol = 1e-06 atolfact = 1e-05 in PelePhysics 

Final Statistics:
  nSteps       = 52
  nErrtf       = 0
  nRHSeval     = 62
  nnLinIt      = 59
  nConvfail    = 0
  nLinsetups   = 12
  nJeval       = 1
  nLinIt       = 9012
  nLinConvfail = 0
  nLinRHSeval  = 0
  nPreceval    = 0
  nPrecsolve   = 0
  [0] integrating 32768 cells 
 Setting cvode tolerances with TypVals rtol = 1e-06 atolfact = 1e-05 in PelePhysics 

Final Statistics:
  nSteps       = 86
  nErrtf       = 3
  nRHSeval     = 110
  nnLinIt      = 107
  nConvfail    = 1
  nLinsetups   = 14
  nJeval       = 3
  nLinIt       = 35486
  nLinConvfail = 0
  nLinRHSeval  = 0
  nPreceval    = 0
  nPrecsolve   = 0
  [0] integrating 32768 cells 
 Setting cvode tolerances with TypVals rtol = 1e-06 atolfact = 1e-05 in PelePhysics 

Final Statistics:
  nSteps       = 86
  nErrtf       = 3
  nRHSeval     = 110
  nnLinIt      = 107
  nConvfail    = 1
  nLinsetups   = 14
  nJeval       = 3
  nLinIt       = 35486
  nLinConvfail = 0
  nLinRHSeval  = 0
  nPreceval    = 0
  nPrecsolve   = 0
  [0] integrating 32768 cells 
 Setting cvode tolerances with TypVals rtol = 1e-06 atolfact = 1e-05 in PelePhysics 

Final Statistics:
  nSteps       = 86
  nErrtf       = 3
  nRHSeval     = 110
  nnLinIt      = 107
  nConvfail    = 1
  nLinsetups   = 14
  nJeval       = 3
  nLinIt       = 35486
  nLinConvfail = 0
  nLinRHSeval  = 0
  nPreceval    = 0
  nPrecsolve   = 0
  [0] integrating 32768 cells 
 Setting cvode tolerances with TypVals rtol = 1e-06 atolfact = 1e-05 in PelePhysics 

Final Statistics:
  nSteps       = 86
  nErrtf       = 3
  nRHSeval     = 110
  nnLinIt      = 107
  nConvfail    = 1
  nLinsetups   = 14
  nJeval       = 3
  nLinIt       = 35486
  nLinConvfail = 0
  nLinRHSeval  = 0
  nPreceval    = 0
  nPrecsolve   = 0
  [0] integrating 32768 cells 
 Setting cvode tolerances with TypVals rtol = 1e-06 atolfact = 1e-05 in PelePhysics 

Final Statistics:
  nSteps       = 29
  nErrtf       = 0
  nRHSeval     = 37
  nnLinIt      = 34
  nConvfail    = 0
  nLinsetups   = 10
  nJeval       = 1
  nLinIt       = 2367
  nLinConvfail = 0
  nLinRHSeval  = 0
  nPreceval    = 0
  nPrecsolve   = 0
  [0] integrating 32768 cells 
 Setting cvode tolerances with TypVals rtol = 1e-06 atolfact = 1e-05 in PelePhysics 

Final Statistics:
  nSteps       = 29
  nErrtf       = 0
  nRHSeval     = 37
  nnLinIt      = 34
  nConvfail    = 0
  nLinsetups   = 10
  nJeval       = 1
  nLinIt       = 2367
  nLinConvfail = 0
  nLinRHSeval  = 0
  nPreceval    = 0
  nPrecsolve   = 0
  [0] integrating 32768 cells 
 Setting cvode tolerances with TypVals rtol = 1e-06 atolfact = 1e-05 in PelePhysics 

Final Statistics:
  nSteps       = 29
  nErrtf       = 0
  nRHSeval     = 37
  nnLinIt      = 34
  nConvfail    = 0
  nLinsetups   = 10
  nJeval       = 1
  nLinIt       = 2367
  nLinConvfail = 0
  nLinRHSeval  = 0
  nPreceval    = 0
  nPrecsolve   = 0
  [0] integrating 32768 cells 
 Setting cvode tolerances with TypVals rtol = 1e-06 atolfact = 1e-05 in PelePhysics 

Final Statistics:
  nSteps       = 29
  nErrtf       = 0
  nRHSeval     = 37
  nnLinIt      = 34
  nConvfail    = 0
  nLinsetups   = 10
  nJeval       = 1
  nLinIt       = 2367
  nLinConvfail = 0
  nLinRHSeval  = 0
  nPreceval    = 0
  nPrecsolve   = 0
  [0] integrating 32768 cells 
 Setting cvode tolerances with TypVals rtol = 1e-06 atolfact = 1e-05 in PelePhysics 

Final Statistics:
  nSteps       = 38
  nErrtf       = 0
  nRHSeval     = 46
  nnLinIt      = 43
  nConvfail    = 0
  nLinsetups   = 11
  nJeval       = 1
  nLinIt       = 4371
  nLinConvfail = 0
  nLinRHSeval  = 0
  nPreceval    = 0
  nPrecsolve   = 0
  [0] integrating 32768 cells 
 Setting cvode tolerances with TypVals rtol = 1e-06 atolfact = 1e-05 in PelePhysics 

Final Statistics:
  nSteps       = 38
  nErrtf       = 0
  nRHSeval     = 46
  nnLinIt      = 43
  nConvfail    = 0
  nLinsetups   = 11
  nJeval       = 1
  nLinIt       = 4371
  nLinConvfail = 0
  nLinRHSeval  = 0
  nPreceval    = 0
  nPrecsolve   = 0
  [0] integrating 32768 cells 
 Setting cvode tolerances with TypVals rtol = 1e-06 atolfact = 1e-05 in PelePhysics 

Final Statistics:
  nSteps       = 38
  nErrtf       = 0
  nRHSeval     = 46
  nnLinIt      = 43
  nConvfail    = 0
  nLinsetups   = 11
  nJeval       = 1
  nLinIt       = 4371
  nLinConvfail = 0
  nLinRHSeval  = 0
  nPreceval    = 0
  nPrecsolve   = 0
  [0] integrating 32768 cells 
 Setting cvode tolerances with TypVals rtol = 1e-06 atolfact = 1e-05 in PelePhysics 

Final Statistics:
  nSteps       = 38
  nErrtf       = 0
  nRHSeval     = 46
  nnLinIt      = 43
  nConvfail    = 0
  nLinsetups   = 11
  nJeval       = 1
  nLinIt       = 4371
  nLinConvfail = 0
  nLinRHSeval  = 0
  nPreceval    = 0
  nPrecsolve   = 0
  [0] integrating 32768 cells 
 Setting cvode tolerances with TypVals rtol = 1e-06 atolfact = 1e-05 in PelePhysics 

Final Statistics:
  nSteps       = 52
  nErrtf       = 0
  nRHSeval     = 62
  nnLinIt      = 59
  nConvfail    = 0
  nLinsetups   = 12
  nJeval       = 1
  nLinIt       = 9012
  nLinConvfail = 0
  nLinRHSeval  = 0
  nPreceval    = 0
  nPrecsolve   = 0
  [0] integrating 32768 cells 
 Setting cvode tolerances with TypVals rtol = 1e-06 atolfact = 1e-05 in PelePhysics 

Final Statistics:
  nSteps       = 52
  nErrtf       = 0
  nRHSeval     = 62
  nnLinIt      = 59
  nConvfail    = 0
  nLinsetups   = 12
  nJeval       = 1
  nLinIt       = 9012
  nLinConvfail = 0
  nLinRHSeval  = 0
  nPreceval    = 0
  nPrecsolve   = 0
  [0] integrating 32768 cells 
 Setting cvode tolerances with TypVals rtol = 1e-06 atolfact = 1e-05 in PelePhysics 

Final Statistics:
  nSteps       = 52
  nErrtf       = 0
  nRHSeval     = 62
  nnLinIt      = 59
  nConvfail    = 0
  nLinsetups   = 12
  nJeval       = 1
  nLinIt       = 9012
  nLinConvfail = 0
  nLinRHSeval  = 0
  nPreceval    = 0
  nPrecsolve   = 0
  [0] integrating 32768 cells 
 Setting cvode tolerances with TypVals rtol = 1e-06 atolfact = 1e-05 in PelePhysics 

Final Statistics:
  nSteps       = 52
  nErrtf       = 0
  nRHSeval     = 62
  nnLinIt      = 59
  nConvfail    = 0
  nLinsetups   = 12
  nJeval       = 1
  nLinIt       = 9012
  nLinConvfail = 0
  nLinRHSeval  = 0
  nPreceval    = 0
  nPrecsolve   = 0
  [0] integrating 32768 cells 
 Setting cvode tolerances with TypVals rtol = 1e-06 atolfact = 1e-05 in PelePhysics 

Final Statistics:
  nSteps       = 86
  nErrtf       = 3
  nRHSeval     = 110
  nnLinIt      = 107
  nConvfail    = 1
  nLinsetups   = 14
  nJeval       = 3
  nLinIt       = 35486
  nLinConvfail = 0
  nLinRHSeval  = 0
  nPreceval    = 0
  nPrecsolve   = 0
  [0] integrating 32768 cells 
 Setting cvode tolerances with TypVals rtol = 1e-06 atolfact = 1e-05 in PelePhysics 

Final Statistics:
  nSteps       = 86
  nErrtf       = 3
  nRHSeval     = 110
  nnLinIt      = 107
  nConvfail    = 1
  nLinsetups   = 14
  nJeval       = 3
  nLinIt       = 35486
  nLinConvfail = 0
  nLinRHSeval  = 0
  nPreceval    = 0
  nPrecsolve   = 0
  [0] integrating 32768 cells 
 Setting cvode tolerances with TypVals rtol = 1e-06 atolfact = 1e-05 in PelePhysics 

Final Statistics:
  nSteps       = 86
  nErrtf       = 3
  nRHSeval     = 110
  nnLinIt      = 107
  nConvfail    = 1
  nLinsetups   = 14
  nJeval       = 3
  nLinIt       = 35486
  nLinConvfail = 0
  nLinRHSeval  = 0
  nPreceval    = 0
  nPrecsolve   = 0
  [0] integrating 32768 cells 
 Setting cvode tolerances with TypVals rtol = 1e-06 atolfact = 1e-05 in PelePhysics 

Final Statistics:
  nSteps       = 86
  nErrtf       = 3
  nRHSeval     = 110
  nnLinIt      = 107
  nConvfail    = 1
  nLinsetups   = 14
  nJeval       = 3
  nLinIt       = 35486
  nLinConvfail = 0
  nLinRHSeval  = 0
  nPreceval    = 0
  nPrecsolve   = 0
  [0] integrating 32768 cells 
 Setting cvode tolerances with TypVals rtol = 1e-06 atolfact = 1e-05 in PelePhysics 

Final Statistics:
  nSteps       = 29
  nErrtf       = 0
  nRHSeval     = 37
  nnLinIt      = 34
  nConvfail    = 0
  nLinsetups   = 10
  nJeval       = 1
  nLinIt       = 2367
  nLinConvfail = 0
  nLinRHSeval  = 0
  nPreceval    = 0
  nPrecsolve   = 0
  [0] integrating 32768 cells 
 Setting cvode tolerances with TypVals rtol = 1e-06 atolfact = 1e-05 in PelePhysics 

Final Statistics:
  nSteps       = 29
  nErrtf       = 0
  nRHSeval     = 37
  nnLinIt      = 34
  nConvfail    = 0
  nLinsetups   = 10
  nJeval       = 1
  nLinIt       = 2367
  nLinConvfail = 0
  nLinRHSeval  = 0
  nPreceval    = 0
  nPrecsolve   = 0
  [0] integrating 32768 cells 
 Setting cvode tolerances with TypVals rtol = 1e-06 atolfact = 1e-05 in PelePhysics 

Final Statistics:
  nSteps       = 29
  nErrtf       = 0
  nRHSeval     = 37
  nnLinIt      = 34
  nConvfail    = 0
  nLinsetups   = 10
  nJeval       = 1
  nLinIt       = 2367
  nLinConvfail = 0
  nLinRHSeval  = 0
  nPreceval    = 0
  nPrecsolve   = 0
  [0] integrating 32768 cells 
 Setting cvode tolerances with TypVals rtol = 1e-06 atolfact = 1e-05 in PelePhysics 

Final Statistics:
  nSteps       = 29
  nErrtf       = 0
  nRHSeval     = 37
  nnLinIt      = 34
  nConvfail    = 0
  nLinsetups   = 10
  nJeval       = 1
  nLinIt       = 2367
  nLinConvfail = 0
  nLinRHSeval  = 0
  nPreceval    = 0
  nPrecsolve   = 0
  [0] integrating 32768 cells 
 Setting cvode tolerances with TypVals rtol = 1e-06 atolfact = 1e-05 in PelePhysics 

Final Statistics:
  nSteps       = 38
  nErrtf       = 0
  nRHSeval     = 46
  nnLinIt      = 43
  nConvfail    = 0
  nLinsetups   = 11
  nJeval       = 1
  nLinIt       = 4371
  nLinConvfail = 0
  nLinRHSeval  = 0
  nPreceval    = 0
  nPrecsolve   = 0
  [0] integrating 32768 cells 
 Setting cvode tolerances with TypVals rtol = 1e-06 atolfact = 1e-05 in PelePhysics 

Final Statistics:
  nSteps       = 38
  nErrtf       = 0
  nRHSeval     = 46
  nnLinIt      = 43
  nConvfail    = 0
  nLinsetups   = 11
  nJeval       = 1
  nLinIt       = 4371
  nLinConvfail = 0
  nLinRHSeval  = 0
  nPreceval    = 0
  nPrecsolve   = 0
  [0] integrating 32768 cells 
 Setting cvode tolerances with TypVals rtol = 1e-06 atolfact = 1e-05 in PelePhysics 

Final Statistics:
  nSteps       = 38
  nErrtf       = 0
  nRHSeval     = 46
  nnLinIt      = 43
  nConvfail    = 0
  nLinsetups   = 11
  nJeval       = 1
  nLinIt       = 4371
  nLinConvfail = 0
  nLinRHSeval  = 0
  nPreceval    = 0
  nPrecsolve   = 0
  [0] integrating 32768 cells 
 Setting cvode tolerances with TypVals rtol = 1e-06 atolfact = 1e-05 in PelePhysics 

Final Statistics:
  nSteps       = 38
  nErrtf       = 0
  nRHSeval     = 46
  nnLinIt      = 43
  nConvfail    = 0
  nLinsetups   = 11
  nJeval       = 1
  nLinIt       = 4371
  nLinConvfail = 0
  nLinRHSeval  = 0
  nPreceval    = 0
  nPrecsolve   = 0
  [0] integrating 32768 cells 
 Setting cvode tolerances with TypVals rtol = 1e-06 atolfact = 1e-05 in PelePhysics 

Final Statistics:
  nSteps       = 52
  nErrtf       = 0
  nRHSeval     = 62
  nnLinIt      = 59
  nConvfail    = 0
  nLinsetups   = 12
  nJeval       = 1
  nLinIt       = 9012
  nLinConvfail = 0
  nLinRHSeval  = 0
  nPreceval    = 0
  nPrecsolve   = 0
  [0] integrating 32768 cells 
 Setting cvode tolerances with TypVals rtol = 1e-06 atolfact = 1e-05 in PelePhysics 

Final Statistics:
  nSteps       = 52
  nErrtf       = 0
  nRHSeval     = 62
  nnLinIt      = 59
  nConvfail    = 0
  nLinsetups   = 12
  nJeval       = 1
  nLinIt       = 9012
  nLinConvfail = 0
  nLinRHSeval  = 0
  nPreceval    = 0
  nPrecsolve   = 0
  [0] integrating 32768 cells 
 Setting cvode tolerances with TypVals rtol = 1e-06 atolfact = 1e-05 in PelePhysics 

Final Statistics:
  nSteps       = 52
  nErrtf       = 0
  nRHSeval     = 62
  nnLinIt      = 59
  nConvfail    = 0
  nLinsetups   = 12
  nJeval       = 1
  nLinIt       = 9012
  nLinConvfail = 0
  nLinRHSeval  = 0
  nPreceval    = 0
  nPrecsolve   = 0
  [0] integrating 32768 cells 
 Setting cvode tolerances with TypVals rtol = 1e-06 atolfact = 1e-05 in PelePhysics 

Final Statistics:
  nSteps       = 52
  nErrtf       = 0
  nRHSeval     = 62
  nnLinIt      = 59
  nConvfail    = 0
  nLinsetups   = 12
  nJeval       = 1
  nLinIt       = 9012
  nLinConvfail = 0
  nLinRHSeval  = 0
  nPreceval    = 0
  nPrecsolve   = 0
  [0] integrating 32768 cells 
 Setting cvode tolerances with TypVals rtol = 1e-06 atolfact = 1e-05 in PelePhysics 

Final Statistics:
  nSteps       = 86
  nErrtf       = 3
  nRHSeval     = 110
  nnLinIt      = 107
  nConvfail    = 1
  nLinsetups   = 14
  nJeval       = 3
  nLinIt       = 35486
  nLinConvfail = 0
  nLinRHSeval  = 0
  nPreceval    = 0
  nPrecsolve   = 0
  [0] integrating 32768 cells 
 Setting cvode tolerances with TypVals rtol = 1e-06 atolfact = 1e-05 in PelePhysics 

Final Statistics:
  nSteps       = 86
  nErrtf       = 3
  nRHSeval     = 110
  nnLinIt      = 107
  nConvfail    = 1
  nLinsetups   = 14
  nJeval       = 3
  nLinIt       = 35486
  nLinConvfail = 0
  nLinRHSeval  = 0
  nPreceval    = 0
  nPrecsolve   = 0
  [0] integrating 32768 cells 
 Setting cvode tolerances with TypVals rtol = 1e-06 atolfact = 1e-05 in PelePhysics 

Final Statistics:
  nSteps       = 86
  nErrtf       = 3
  nRHSeval     = 110
  nnLinIt      = 107
  nConvfail    = 1
  nLinsetups   = 14
  nJeval       = 3
  nLinIt       = 35486
  nLinConvfail = 0
  nLinRHSeval  = 0
  nPreceval    = 0
  nPrecsolve   = 0
  [0] integrating 32768 cells 
 Setting cvode tolerances with TypVals rtol = 1e-06 atolfact = 1e-05 in PelePhysics 

Final Statistics:
  nSteps       = 86
  nErrtf       = 3
  nRHSeval     = 110
  nnLinIt      = 107
  nConvfail    = 1
  nLinsetups   = 14
  nJeval       = 3
  nLinIt       = 35486
  nLinConvfail = 0
  nLinRHSeval  = 0
  nPreceval    = 0
  nPrecsolve   = 0
  [0] integrating 32768 cells 
 Setting cvode tolerances with TypVals rtol = 1e-06 atolfact = 1e-05 in PelePhysics 

Final Statistics:
  nSteps       = 29
  nErrtf       = 0
  nRHSeval     = 37
  nnLinIt      = 34
  nConvfail    = 0
  nLinsetups   = 10
  nJeval       = 1
  nLinIt       = 2367
  nLinConvfail = 0
  nLinRHSeval  = 0
  nPreceval    = 0
  nPrecsolve   = 0
  [0] integrating 32768 cells 
 Setting cvode tolerances with TypVals rtol = 1e-06 atolfact = 1e-05 in PelePhysics 

Final Statistics:
  nSteps       = 29
  nErrtf       = 0
  nRHSeval     = 37
  nnLinIt      = 34
  nConvfail    = 0
  nLinsetups   = 10
  nJeval       = 1
  nLinIt       = 2367
  nLinConvfail = 0
  nLinRHSeval  = 0
  nPreceval    = 0
  nPrecsolve   = 0
  [0] integrating 32768 cells 
 Setting cvode tolerances with TypVals rtol = 1e-06 atolfact = 1e-05 in PelePhysics 

Final Statistics:
  nSteps       = 29
  nErrtf       = 0
  nRHSeval     = 37
  nnLinIt      = 34
  nConvfail    = 0
  nLinsetups   = 10
  nJeval       = 1
  nLinIt       = 2367
  nLinConvfail = 0
  nLinRHSeval  = 0
  nPreceval    = 0
  nPrecsolve   = 0
  [0] integrating 32768 cells 
 Setting cvode tolerances with TypVals rtol = 1e-06 atolfact = 1e-05 in PelePhysics 

Final Statistics:
  nSteps       = 29
  nErrtf       = 0
  nRHSeval     = 37
  nnLinIt      = 34
  nConvfail    = 0
  nLinsetups   = 10
  nJeval       = 1
  nLinIt       = 2367
  nLinConvfail = 0
  nLinRHSeval  = 0
  nPreceval    = 0
  nPrecsolve   = 0
  [0] integrating 32768 cells 
 Setting cvode tolerances with TypVals rtol = 1e-06 atolfact = 1e-05 in PelePhysics 

Final Statistics:
  nSteps       = 38
  nErrtf       = 0
  nRHSeval     = 46
  nnLinIt      = 43
  nConvfail    = 0
  nLinsetups   = 11
  nJeval       = 1
  nLinIt       = 4371
  nLinConvfail = 0
  nLinRHSeval  = 0
  nPreceval    = 0
  nPrecsolve   = 0
  [0] integrating 32768 cells 
 Setting cvode tolerances with TypVals rtol = 1e-06 atolfact = 1e-05 in PelePhysics 

Final Statistics:
  nSteps       = 38
  nErrtf       = 0
  nRHSeval     = 46
  nnLinIt      = 43
  nConvfail    = 0
  nLinsetups   = 11
  nJeval       = 1
  nLinIt       = 4371
  nLinConvfail = 0
  nLinRHSeval  = 0
  nPreceval    = 0
  nPrecsolve   = 0
  [0] integrating 32768 cells 
 Setting cvode tolerances with TypVals rtol = 1e-06 atolfact = 1e-05 in PelePhysics 

Final Statistics:
  nSteps       = 38
  nErrtf       = 0
  nRHSeval     = 46
  nnLinIt      = 43
  nConvfail    = 0
  nLinsetups   = 11
  nJeval       = 1
  nLinIt       = 4371
  nLinConvfail = 0
  nLinRHSeval  = 0
  nPreceval    = 0
  nPrecsolve   = 0
  [0] integrating 32768 cells 
 Setting cvode tolerances with TypVals rtol = 1e-06 atolfact = 1e-05 in PelePhysics 

Final Statistics:
  nSteps       = 38
  nErrtf       = 0
  nRHSeval     = 46
  nnLinIt      = 43
  nConvfail    = 0
  nLinsetups   = 11
  nJeval       = 1
  nLinIt       = 4371
  nLinConvfail = 0
  nLinRHSeval  = 0
  nPreceval    = 0
  nPrecsolve   = 0
  [0] integrating 32768 cells 
 Setting cvode tolerances with TypVals rtol = 1e-06 atolfact = 1e-05 in PelePhysics 

Final Statistics:
  nSteps       = 52
  nErrtf       = 0
  nRHSeval     = 62
  nnLinIt      = 59
  nConvfail    = 0
  nLinsetups   = 12
  nJeval       = 1
  nLinIt       = 9012
  nLinConvfail = 0
  nLinRHSeval  = 0
  nPreceval    = 0
  nPrecsolve   = 0
  [0] integrating 32768 cells 
 Setting cvode tolerances with TypVals rtol = 1e-06 atolfact = 1e-05 in PelePhysics 

Final Statistics:
  nSteps       = 52
  nErrtf       = 0
  nRHSeval     = 62
  nnLinIt      = 59
  nConvfail    = 0
  nLinsetups   = 12
  nJeval       = 1
  nLinIt       = 9012
  nLinConvfail = 0
  nLinRHSeval  = 0
  nPreceval    = 0
  nPrecsolve   = 0
  [0] integrating 32768 cells 
 Setting cvode tolerances with TypVals rtol = 1e-06 atolfact = 1e-05 in PelePhysics 

Final Statistics:
  nSteps       = 52
  nErrtf       = 0
  nRHSeval     = 62
  nnLinIt      = 59
  nConvfail    = 0
  nLinsetups   = 12
  nJeval       = 1
  nLinIt       = 9012
  nLinConvfail = 0
  nLinRHSeval  = 0
  nPreceval    = 0
  nPrecsolve   = 0
  [0] integrating 32768 cells 
 Setting cvode tolerances with TypVals rtol = 1e-06 atolfact = 1e-05 in PelePhysics 

Final Statistics:
  nSteps       = 52
  nErrtf       = 0
  nRHSeval     = 62
  nnLinIt      = 59
  nConvfail    = 0
  nLinsetups   = 12
  nJeval       = 1
  nLinIt       = 9012
  nLinConvfail = 0
  nLinRHSeval  = 0
  nPreceval    = 0
  nPrecsolve   = 0
  [0] integrating 32768 cells 
 Setting cvode tolerances with TypVals rtol = 1e-06 atolfact = 1e-05 in PelePhysics 

Final Statistics:
  nSteps       = 86
  nErrtf       = 3
  nRHSeval     = 110
  nnLinIt      = 107
  nConvfail    = 1
  nLinsetups   = 14
  nJeval       = 3
  nLinIt       = 35486
  nLinConvfail = 0
  nLinRHSeval  = 0
  nPreceval    = 0
  nPrecsolve   = 0
  [0] integrating 32768 cells 
 Setting cvode tolerances with TypVals rtol = 1e-06 atolfact = 1e-05 in PelePhysics 

Final Statistics:
  nSteps       = 86
  nErrtf       = 3
  nRHSeval     = 110
  nnLinIt      = 107
  nConvfail    = 1
  nLinsetups   = 14
  nJeval       = 3
  nLinIt       = 35486
  nLinConvfail = 0
  nLinRHSeval  = 0
  nPreceval    = 0
  nPrecsolve   = 0
  [0] integrating 32768 cells 
 Setting cvode tolerances with TypVals rtol = 1e-06 atolfact = 1e-05 in PelePhysics 

Final Statistics:
  nSteps       = 86
  nErrtf       = 3
  nRHSeval     = 110
  nnLinIt      = 107
  nConvfail    = 1
  nLinsetups   = 14
  nJeval       = 3
  nLinIt       = 35486
  nLinConvfail = 0
  nLinRHSeval  = 0
  nPreceval    = 0
  nPrecsolve   = 0
  [0] integrating 32768 cells 
 Setting cvode tolerances with TypVals rtol = 1e-06 atolfact = 1e-05 in PelePhysics 

Final Statistics:
  nSteps       = 86
  nErrtf       = 3
  nRHSeval     = 110
  nnLinIt      = 107
  nConvfail    = 1
  nLinsetups   = 14
  nJeval       = 3
  nLinIt       = 35486
  nLinConvfail = 0
  nLinRHSeval  = 0
  nPreceval    = 0
  nPrecsolve   = 0
  [0] integrating 32768 cells 
 Setting cvode tolerances with TypVals rtol = 1e-06 atolfact = 1e-05 in PelePhysics 

Final Statistics:
  nSteps       = 29
  nErrtf       = 0
  nRHSeval     = 37
  nnLinIt      = 34
  nConvfail    = 0
  nLinsetups   = 10
  nJeval       = 1
  nLinIt       = 2367
  nLinConvfail = 0
  nLinRHSeval  = 0
  nPreceval    = 0
  nPrecsolve   = 0
  [0] integrating 32768 cells 
 Setting cvode tolerances with TypVals rtol = 1e-06 atolfact = 1e-05 in PelePhysics 

Final Statistics:
  nSteps       = 29
  nErrtf       = 0
  nRHSeval     = 37
  nnLinIt      = 34
  nConvfail    = 0
  nLinsetups   = 10
  nJeval       = 1
  nLinIt       = 2367
  nLinConvfail = 0
  nLinRHSeval  = 0
  nPreceval    = 0
  nPrecsolve   = 0
  [0] integrating 32768 cells 
 Setting cvode tolerances with TypVals rtol = 1e-06 atolfact = 1e-05 in PelePhysics 

Final Statistics:
  nSteps       = 29
  nErrtf       = 0
  nRHSeval     = 37
  nnLinIt      = 34
  nConvfail    = 0
  nLinsetups   = 10
  nJeval       = 1
  nLinIt       = 2367
  nLinConvfail = 0
  nLinRHSeval  = 0
  nPreceval    = 0
  nPrecsolve   = 0
  [0] integrating 32768 cells 
 Setting cvode tolerances with TypVals rtol = 1e-06 atolfact = 1e-05 in PelePhysics 

Final Statistics:
  nSteps       = 29
  nErrtf       = 0
  nRHSeval     = 37
  nnLinIt      = 34
  nConvfail    = 0
  nLinsetups   = 10
  nJeval       = 1
  nLinIt       = 2367
  nLinConvfail = 0
  nLinRHSeval  = 0
  nPreceval    = 0
  nPrecsolve   = 0
  [0] integrating 32768 cells 
 Setting cvode tolerances with TypVals rtol = 1e-06 atolfact = 1e-05 in PelePhysics 

Final Statistics:
  nSteps       = 38
  nErrtf       = 0
  nRHSeval     = 46
  nnLinIt      = 43
  nConvfail    = 0
  nLinsetups   = 11
  nJeval       = 1
  nLinIt       = 4371
  nLinConvfail = 0
  nLinRHSeval  = 0
  nPreceval    = 0
  nPrecsolve   = 0
  [0] integrating 32768 cells 
 Setting cvode tolerances with TypVals rtol = 1e-06 atolfact = 1e-05 in PelePhysics 

Final Statistics:
  nSteps       = 38
  nErrtf       = 0
  nRHSeval     = 46
  nnLinIt      = 43
  nConvfail    = 0
  nLinsetups   = 11
  nJeval       = 1
  nLinIt       = 4371
  nLinConvfail = 0
  nLinRHSeval  = 0
  nPreceval    = 0
  nPrecsolve   = 0
  [0] integrating 32768 cells 
 Setting cvode tolerances with TypVals rtol = 1e-06 atolfact = 1e-05 in PelePhysics 

Final Statistics:
  nSteps       = 38
  nErrtf       = 0
  nRHSeval     = 46
  nnLinIt      = 43
  nConvfail    = 0
  nLinsetups   = 11
  nJeval       = 1
  nLinIt       = 4371
  nLinConvfail = 0
  nLinRHSeval  = 0
  nPreceval    = 0
  nPrecsolve   = 0
  [0] integrating 32768 cells 
 Setting cvode tolerances with TypVals rtol = 1e-06 atolfact = 1e-05 in PelePhysics 

Final Statistics:
  nSteps       = 38
  nErrtf       = 0
  nRHSeval     = 46
  nnLinIt      = 43
  nConvfail    = 0
  nLinsetups   = 11
  nJeval       = 1
  nLinIt       = 4371
  nLinConvfail = 0
  nLinRHSeval  = 0
  nPreceval    = 0
  nPrecsolve   = 0
  [0] integrating 32768 cells 
 Setting cvode tolerances with TypVals rtol = 1e-06 atolfact = 1e-05 in PelePhysics 

Final Statistics:
  nSteps       = 52
  nErrtf       = 0
  nRHSeval     = 62
  nnLinIt      = 59
  nConvfail    = 0
  nLinsetups   = 12
  nJeval       = 1
  nLinIt       = 9012
  nLinConvfail = 0
  nLinRHSeval  = 0
  nPreceval    = 0
  nPrecsolve   = 0
  [0] integrating 32768 cells 
 Setting cvode tolerances with TypVals rtol = 1e-06 atolfact = 1e-05 in PelePhysics 

Final Statistics:
  nSteps       = 52
  nErrtf       = 0
  nRHSeval     = 62
  nnLinIt      = 59
  nConvfail    = 0
  nLinsetups   = 12
  nJeval       = 1
  nLinIt       = 9012
  nLinConvfail = 0
  nLinRHSeval  = 0
  nPreceval    = 0
  nPrecsolve   = 0
  [0] integrating 32768 cells 
 Setting cvode tolerances with TypVals rtol = 1e-06 atolfact = 1e-05 in PelePhysics 

Final Statistics:
  nSteps       = 52
  nErrtf       = 0
  nRHSeval     = 62
  nnLinIt      = 59
  nConvfail    = 0
  nLinsetups   = 12
  nJeval       = 1
  nLinIt       = 9012
  nLinConvfail = 0
  nLinRHSeval  = 0
  nPreceval    = 0
  nPrecsolve   = 0
  [0] integrating 32768 cells 
 Setting cvode tolerances with TypVals rtol = 1e-06 atolfact = 1e-05 in PelePhysics 

Final Statistics:
  nSteps       = 52
  nErrtf       = 0
  nRHSeval     = 62
  nnLinIt      = 59
  nConvfail    = 0
  nLinsetups   = 12
  nJeval       = 1
  nLinIt       = 9012
  nLinConvfail = 0
  nLinRHSeval  = 0
  nPreceval    = 0
  nPrecsolve   = 0
  [0] integrating 32768 cells 
 Setting cvode tolerances with TypVals rtol = 1e-06 atolfact = 1e-05 in PelePhysics 

Final Statistics:
  nSteps       = 86
  nErrtf       = 3
  nRHSeval     = 110
  nnLinIt      = 107
  nConvfail    = 1
  nLinsetups   = 14
  nJeval       = 3
  nLinIt       = 35486
  nLinConvfail = 0
  nLinRHSeval  = 0
  nPreceval    = 0
  nPrecsolve   = 0
  [0] integrating 32768 cells 
 Setting cvode tolerances with TypVals rtol = 1e-06 atolfact = 1e-05 in PelePhysics 

Final Statistics:
  nSteps       = 86
  nErrtf       = 3
  nRHSeval     = 110
  nnLinIt      = 107
  nConvfail    = 1
  nLinsetups   = 14
  nJeval       = 3
  nLinIt       = 35486
  nLinConvfail = 0
  nLinRHSeval  = 0
  nPreceval    = 0
  nPrecsolve   = 0
  [0] integrating 32768 cells 
 Setting cvode tolerances with TypVals rtol = 1e-06 atolfact = 1e-05 in PelePhysics 

Final Statistics:
  nSteps       = 86
  nErrtf       = 3
  nRHSeval     = 110
  nnLinIt      = 107
  nConvfail    = 1
  nLinsetups   = 14
  nJeval       = 3
  nLinIt       = 35486
  nLinConvfail = 0
  nLinRHSeval  = 0
  nPreceval    = 0
  nPrecsolve   = 0
  [0] integrating 32768 cells 
 Setting cvode tolerances with TypVals rtol = 1e-06 atolfact = 1e-05 in PelePhysics 

Final Statistics:
  nSteps       = 86
  nErrtf       = 3
  nRHSeval     = 110
  nnLinIt      = 107
  nConvfail    = 1
  nLinsetups   = 14
  nJeval       = 3
  nLinIt       = 35486
  nLinConvfail = 0
  nLinRHSeval  = 0
  nPreceval    = 0
  nPrecsolve   = 0
   >> Level 0 advance: 108.5032136
ode.typ_vals= 1e-10 6.117700485e-09 2.865305476e-08 1.290977046e-07 2.060625666e-07 1.721679512e-07 2.747432249e-06 2.658729966e-09 4.476017953e-05 1.160643401e-06 1.121480018e-05 7.96702211e-07 1.812027093e-06 1.540017261e-07 8.215697482e-08 4.959771556e-07 1.707573181e-08 2.95801882e-09 1.0675779e-08 5.693301603e-10 1e-10 1e-10 1e-10 1e-10 1e-10 1e-10 1e-10 1e-10 1e-10 1e-10 1e-10 1e-10 1e-10 1e-10 0.0001371697768 2337.416166 
 
 >> React::main() 109.3792969



TinyProfiler total time across processes [min...avg...max]: 109.4 ... 109.4 ... 109.4

-------------------------------------------------------------------------------------------
Name                                        NCalls  Excl. Min  Excl. Avg  Excl. Max   Max %
-------------------------------------------------------------------------------------------
Pele::ReactorCvode::react():CVode              128      80.05      80.05      80.05  73.19%
Pele::ReactorCvode::cF_RHS()                  8160      21.08      21.08      21.08  19.28%
Pele::ReactorCvode::cJac()                     192      6.883      6.883      6.883   6.29%
VisMF::Write(FabArray)                           2     0.8079     0.8079     0.8079   0.74%
Pele::ReactorCvode::react()                    128     0.4825     0.4825     0.4825   0.44%
Pele::ReactorCvode::init()                       1    0.04671    0.04671    0.04671   0.04%
WriteMultiLevelPlotfile()                        2    0.01161    0.01161    0.01161   0.01%
main::initialize_data()                          1   0.005698   0.005698   0.005698   0.01%
MultiFab::max()                                 36   0.003315   0.003315   0.003315   0.00%
Pele::flatten()                                128   0.000987   0.000987   0.000987   0.00%
Advance_Level0                                   1   0.000984   0.000984   0.000984   0.00%
main::main()                                     1  0.0006202  0.0006202  0.0006202   0.00%
Pele::unflatten()                              128  0.0003483  0.0003483  0.0003483   0.00%
React                                          128  0.0002638  0.0002638  0.0002638   0.00%
FabArray::setVal()                               1  0.0001128  0.0001128  0.0001128   0.00%
main::geometry_setup                             1  5.049e-05  5.049e-05  5.049e-05   0.00%
PlotFile                                         2  3.113e-05  3.113e-05  3.113e-05   0.00%
main::reactor_info()                             1  1.483e-05  1.483e-05  1.483e-05   0.00%
DistributionMapping::SFCProcessorMapDoIt()       1  1.064e-05  1.064e-05  1.064e-05   0.00%
DistributionMapping::LeastUsedCPUs()             1  4.228e-06  4.228e-06  4.228e-06   0.00%
DistributionMapping::Distribute()                1  2.435e-06  2.435e-06  2.435e-06   0.00%
-------------------------------------------------------------------------------------------

-------------------------------------------------------------------------------------------
Name                                        NCalls  Incl. Min  Incl. Avg  Incl. Max   Max %
-------------------------------------------------------------------------------------------
main::main()                                     1      109.4      109.4      109.4 100.00%
Advance_Level0                                   1      108.5      108.5      108.5  99.20%
React                                          128      108.5      108.5      108.5  99.20%
Pele::ReactorCvode::react()                    128      108.5      108.5      108.5  99.20%
Pele::ReactorCvode::react():CVode              128        108        108        108  98.76%
Pele::ReactorCvode::cF_RHS()                  8160      21.08      21.08      21.08  19.28%
Pele::ReactorCvode::cJac()                     192      6.883      6.883      6.883   6.29%
PlotFile                                         2     0.8195     0.8195     0.8195   0.75%
WriteMultiLevelPlotfile()                        2     0.8195     0.8195     0.8195   0.75%
VisMF::Write(FabArray)                           2     0.8079     0.8079     0.8079   0.74%
main::reactor_info()                             1    0.04673    0.04673    0.04673   0.04%
Pele::ReactorCvode::init()                       1    0.04671    0.04671    0.04671   0.04%
main::initialize_data()                          1    0.00581    0.00581    0.00581   0.01%
MultiFab::max()                                 36   0.003315   0.003315   0.003315   0.00%
Pele::flatten()                                128   0.000987   0.000987   0.000987   0.00%
Pele::unflatten()                              128  0.0003483  0.0003483  0.0003483   0.00%
FabArray::setVal()                               1  0.0001128  0.0001128  0.0001128   0.00%
main::geometry_setup                             1  6.779e-05  6.779e-05  6.779e-05   0.00%
DistributionMapping::SFCProcessorMapDoIt()       1   1.73e-05   1.73e-05   1.73e-05   0.00%
DistributionMapping::LeastUsedCPUs()             1  4.228e-06  4.228e-06  4.228e-06   0.00%
DistributionMapping::Distribute()                1  2.435e-06  2.435e-06  2.435e-06   0.00%
-------------------------------------------------------------------------------------------

Unused ParmParse Variables:
  [TOP]::ode.analytical_jacobian(nvals = 1)  :: [0]
  [TOP]::initFile(nvals = 1)  :: [/path/]


================================================================================================================
SUNDIALS GIT VERSION: v6.5.0-3-g025eafc1ce5a-dirty
SUNDIALS PROFILER: SUNContext Default
Results:                                	 % time (inclusive) 	 max/rank 	 average/rank 	 count 
================================================================================================================
From profiler epoch                     	 100.00% 	         109.379859s 	 109.379859s 	 2
CVode                                   	  98.75% 	         108.017952s 	 108.017952s 	 128
SUNNonlinSolSolve                       	  95.07% 	         103.988927s 	 103.988927s 	 6656
SUNLinSolSolve                          	  64.06% 	         70.066055s 	 70.066055s 	 6976
solver apply                            	  49.32% 	         53.943663s 	 53.943663s 	 6976
generate solver                         	  13.69% 	         14.975937s 	 14.975937s 	 6976
N_VWrmsNorm                             	   4.77% 	         5.212759s 	 5.212759s 	 28384
SUNMatScaleAddI                         	   2.43% 	         2.659944s 	 2.659944s 	 1504
SUNMatCopy                              	   1.34% 	         1.465472s 	 1.465472s 	 1504
SUNMemoryHelper_CopyAsync               	   0.81% 	         0.881600s 	 0.881600s 	 57408
Wrap vector(s) for solve                	   0.52% 	         0.570047s 	 0.570047s 	 6976
check num iters                         	   0.37% 	         0.402666s 	 0.402666s 	 6976
SUNMatClone                             	   0.17% 	         0.185874s 	 0.185874s 	 128
N_VLinearSum                            	   0.17% 	         0.180479s 	 0.180479s 	 86176
check residual norm                     	   0.07% 	         0.073443s 	 0.073443s 	 6976
N_VScale                                	   0.07% 	         0.072996s 	 0.072996s 	 25184
N_VMaxNorm                              	   0.04% 	         0.039781s 	 0.039781s 	 128
N_VScaleAddMulti                        	   0.04% 	         0.039292s 	 0.039292s 	 6912
CVodeInit                               	   0.03% 	         0.032843s 	 0.032843s 	 128
N_VClone                                	   0.03% 	         0.028238s 	 0.028238s 	 2432
SUNMemoryHelper_Alloc                   	   0.03% 	         0.027548s 	 0.027548s 	 8352
N_VConst                                	   0.03% 	         0.027345s 	 0.027345s 	 14464
SUNLinSolSetScalingVectors              	   0.02% 	         0.023786s 	 0.023786s 	 6976
N_VMin                                  	   0.02% 	         0.017578s 	 0.017578s 	 128
N_VAbs                                  	   0.01% 	         0.015271s 	 0.015271s 	 6944
N_VInv                                  	   0.01% 	         0.014913s 	 0.014913s 	 6816
N_VDiv                                  	   0.01% 	         0.014763s 	 0.014763s 	 7104
SUNMemoryHelper_Dealloc                 	   0.01% 	         0.009815s 	 0.009815s 	 8352
N_VScaleVectorArray                     	   0.01% 	         0.005831s 	 0.005831s 	 1408
build solver factory                    	   0.00% 	         0.002307s 	 0.002307s 	 6976
add logger                              	   0.00% 	         0.001768s 	 0.001768s 	 6976
CVodeGetDky                             	   0.00% 	         0.000920s 	 0.000920s 	 128
N_VLinearCombination                    	   0.00% 	         0.000868s 	 0.000868s 	 128
set tolerance                           	   0.00% 	         0.000818s 	 0.000818s 	 6976
SUNLinSolSetup                          	   0.00% 	         0.000250s 	 0.000250s 	 1504
SUNNonlinSolInitialize                  	   0.00% 	         0.000021s 	 0.000021s 	 128
SUNLinSolInitialize                     	   0.00% 	         0.000021s 	 0.000021s 	 128
Est. profiler overhead                  	   0.00% 	         0.067619s 	 -- 		 -- 

